============================= test session starts ==============================
platform darwin -- Python 3.13.3, pytest-8.3.4, pluggy-1.5.0 -- /Library/Frameworks/Python.framework/Versions/3.13/bin/python3.13
cachedir: .pytest_cache
rootdir: /Users/pwilson/src/psh
configfile: pytest.ini
plugins: cov-6.0.0, langsmith-0.3.37, timeout-2.4.0, anyio-4.8.0, only-2.1.2, xdist-3.6.1
collecting ... collected 1911 items

tests_new/conformance/bash/test_bash_compatibility.py::TestBashBuiltins::test_echo_builtin_flags PASSED [  0%]
tests_new/conformance/bash/test_bash_compatibility.py::TestBashBuiltins::test_printf_builtin PASSED [  0%]
tests_new/conformance/bash/test_bash_compatibility.py::TestBashBuiltins::test_read_builtin PASSED [  0%]
tests_new/conformance/bash/test_bash_compatibility.py::TestBashBuiltins::test_test_builtin PASSED [  0%]
tests_new/conformance/bash/test_bash_compatibility.py::TestBashBuiltins::test_true_false_builtins PASSED [  0%]
tests_new/conformance/bash/test_bash_compatibility.py::TestBashConditionals::test_single_bracket_conditionals PASSED [  0%]
tests_new/conformance/bash/test_bash_compatibility.py::TestBashConditionals::test_double_bracket_conditionals XFAIL [  0%]
tests_new/conformance/bash/test_bash_compatibility.py::TestBashConditionals::test_arithmetic_conditionals XFAIL [  0%]
tests_new/conformance/bash/test_bash_compatibility.py::TestBashArrays::test_indexed_arrays XFAIL [  0%]
tests_new/conformance/bash/test_bash_compatibility.py::TestBashArrays::test_associative_arrays XFAIL [  0%]
tests_new/conformance/bash/test_bash_compatibility.py::TestBashArrays::test_array_operations XFAIL [  0%]
tests_new/conformance/bash/test_bash_compatibility.py::TestBashParameterExpansion::test_basic_parameter_expansion PASSED [  0%]
tests_new/conformance/bash/test_bash_compatibility.py::TestBashParameterExpansion::test_substring_expansion PASSED [  0%]
tests_new/conformance/bash/test_bash_compatibility.py::TestBashParameterExpansion::test_pattern_substitution PASSED [  0%]
tests_new/conformance/bash/test_bash_compatibility.py::TestBashParameterExpansion::test_case_modification XFAIL [  0%]
tests_new/conformance/bash/test_bash_compatibility.py::TestBashCommandSubstitution::test_dollar_paren_substitution PASSED [  0%]
tests_new/conformance/bash/test_bash_compatibility.py::TestBashCommandSubstitution::test_backtick_substitution PASSED [  0%]
tests_new/conformance/bash/test_bash_compatibility.py::TestBashCommandSubstitution::test_nested_substitution PASSED [  0%]
tests_new/conformance/bash/test_bash_compatibility.py::TestBashCommandSubstitution::test_process_substitution XFAIL [  0%]
tests_new/conformance/bash/test_bash_compatibility.py::TestBashBraceExpansion::test_sequence_expansion PASSED [  1%]
tests_new/conformance/bash/test_bash_compatibility.py::TestBashBraceExpansion::test_list_expansion PASSED [  1%]
tests_new/conformance/bash/test_bash_compatibility.py::TestBashBraceExpansion::test_nested_brace_expansion PASSED [  1%]
tests_new/conformance/bash/test_bash_compatibility.py::TestBashArithmeticExpansion::test_basic_arithmetic PASSED [  1%]
tests_new/conformance/bash/test_bash_compatibility.py::TestBashArithmeticExpansion::test_advanced_arithmetic PASSED [  1%]
tests_new/conformance/bash/test_bash_compatibility.py::TestBashArithmeticExpansion::test_arithmetic_assignment PASSED [  1%]
tests_new/conformance/bash/test_bash_compatibility.py::TestBashGlobbing::test_basic_globbing PASSED [  1%]
tests_new/conformance/bash/test_bash_compatibility.py::TestBashGlobbing::test_extended_globbing XFAIL [  1%]
tests_new/conformance/bash/test_bash_compatibility.py::TestBashGlobbing::test_brace_globbing_interaction PASSED [  1%]
tests_new/conformance/bash/test_bash_compatibility.py::TestBashJobControl::test_background_jobs PASSED [  1%]
tests_new/conformance/bash/test_bash_compatibility.py::TestBashJobControl::test_job_control_commands PASSED [  1%]
tests_new/conformance/bash/test_bash_compatibility.py::TestBashHistory::test_history_expansion XFAIL [  1%]
tests_new/conformance/bash/test_bash_compatibility.py::TestBashHistory::test_history_commands PASSED [  1%]
tests_new/conformance/bash/test_bash_compatibility.py::TestBashOptions::test_set_options PASSED [  1%]
tests_new/conformance/bash/test_bash_compatibility.py::TestBashOptions::test_shopt_options XFAIL [  1%]
tests_new/conformance/bash/test_bash_compatibility.py::TestBashRedirection::test_basic_redirection PASSED [  1%]
tests_new/conformance/bash/test_bash_compatibility.py::TestBashRedirection::test_here_documents PASSED [  1%]
tests_new/conformance/bash/test_bash_compatibility.py::TestBashRedirection::test_advanced_redirection XFAIL [  1%]
tests_new/conformance/bash/test_bash_compatibility.py::TestBashFunctions::test_posix_function_syntax PASSED [  1%]
tests_new/conformance/bash/test_bash_compatibility.py::TestBashFunctions::test_bash_function_syntax PASSED [  2%]
tests_new/conformance/bash/test_bash_compatibility.py::TestBashFunctions::test_local_variables XFAIL [  2%]
tests_new/conformance/bash/test_bash_compatibility.py::TestBashFunctions::test_function_return_values PASSED [  2%]
tests_new/conformance/bash/test_bash_compatibility.py::TestBashAliases::test_basic_aliases PASSED [  2%]
tests_new/conformance/bash/test_bash_compatibility.py::TestBashAliases::test_alias_with_arguments XFAIL [  2%]
tests_new/conformance/bash/test_bash_compatibility.py::TestBashAliases::test_unalias PASSED [  2%]
tests_new/conformance/bash/test_bash_compatibility.py::TestBashMiscellaneous::test_variable_assignment_formats PASSED [  2%]
tests_new/conformance/bash/test_bash_compatibility.py::TestBashMiscellaneous::test_export_functionality PASSED [  2%]
tests_new/conformance/bash/test_bash_compatibility.py::TestBashMiscellaneous::test_readonly_functionality PASSED [  2%]
tests_new/conformance/bash/test_bash_compatibility.py::TestBashMiscellaneous::test_command_builtin PASSED [  2%]
tests_new/conformance/bash/test_bash_compatibility.py::TestDocumentedDifferences::test_psh_extensions PASSED [  2%]
tests_new/conformance/bash/test_bash_compatibility.py::TestDocumentedDifferences::test_bash_specific_features XFAIL [  2%]
tests_new/conformance/bash/test_bash_compatibility.py::TestDocumentedDifferences::test_documented_behavioral_differences PASSED [  2%]
tests_new/conformance/bash/test_basic_commands.py::TestBasicCommandConformance::test_echo_command PASSED [  2%]
tests_new/conformance/bash/test_basic_commands.py::TestBasicCommandConformance::test_variable_assignment PASSED [  2%]
tests_new/conformance/bash/test_basic_commands.py::TestBasicCommandConformance::test_command_substitution PASSED [  2%]
tests_new/conformance/bash/test_basic_commands.py::TestBasicCommandConformance::test_pipelines PASSED [  2%]
tests_new/conformance/bash/test_basic_commands.py::TestBasicCommandConformance::test_exit_codes PASSED [  2%]
tests_new/conformance/bash/test_basic_commands.py::TestSimpleBuiltins::test_true_false PASSED [  2%]
tests_new/conformance/bash/test_basic_commands.py::TestSimpleBuiltins::test_echo_builtin PASSED [  3%]
tests_new/conformance/bash/test_basic_commands.py::TestSimpleBuiltins::test_export_builtin PASSED [  3%]
tests_new/conformance/bash/test_basic_commands.py::TestSimpleExpansions::test_variable_expansion PASSED [  3%]
tests_new/conformance/bash/test_basic_commands.py::TestSimpleExpansions::test_command_substitution PASSED [  3%]
tests_new/conformance/bash/test_basic_commands.py::TestSimpleExpansions::test_arithmetic_expansion PASSED [  3%]
tests_new/conformance/bash/test_basic_commands.py::TestSimpleExpansions::test_brace_expansion PASSED [  3%]
tests_new/conformance/bash/test_basic_commands.py::TestSimpleControlFlow::test_if_statements PASSED [  3%]
tests_new/conformance/bash/test_basic_commands.py::TestSimpleControlFlow::test_for_loops PASSED [  3%]
tests_new/conformance/bash/test_basic_commands.py::TestSimpleControlFlow::test_while_loops PASSED [  3%]
tests_new/conformance/bash/test_basic_commands.py::TestSimpleRedirection::test_output_redirection PASSED [  3%]
tests_new/conformance/bash/test_basic_commands.py::TestSimpleRedirection::test_input_redirection PASSED [  3%]
tests_new/conformance/posix/test_posix_compliance.py::TestPOSIXParameterExpansion::test_basic_parameter_expansion PASSED [  3%]
tests_new/conformance/posix/test_posix_compliance.py::TestPOSIXParameterExpansion::test_default_value_expansion PASSED [  3%]
tests_new/conformance/posix/test_posix_compliance.py::TestPOSIXParameterExpansion::test_assign_default_expansion XFAIL [  3%]
tests_new/conformance/posix/test_posix_compliance.py::TestPOSIXParameterExpansion::test_error_expansion XFAIL [  3%]
tests_new/conformance/posix/test_posix_compliance.py::TestPOSIXParameterExpansion::test_alternative_value_expansion PASSED [  3%]
tests_new/conformance/posix/test_posix_compliance.py::TestPOSIXParameterExpansion::test_string_length_expansion PASSED [  3%]
tests_new/conformance/posix/test_posix_compliance.py::TestPOSIXParameterExpansion::test_prefix_removal_expansion PASSED [  3%]
tests_new/conformance/posix/test_posix_compliance.py::TestPOSIXParameterExpansion::test_suffix_removal_expansion PASSED [  3%]
tests_new/conformance/posix/test_posix_compliance.py::TestPOSIXCommandSubstitution::test_dollar_paren_substitution PASSED [  4%]
tests_new/conformance/posix/test_posix_compliance.py::TestPOSIXCommandSubstitution::test_backtick_substitution PASSED [  4%]
tests_new/conformance/posix/test_posix_compliance.py::TestPOSIXCommandSubstitution::test_nested_command_substitution PASSED [  4%]
tests_new/conformance/posix/test_posix_compliance.py::TestPOSIXCommandSubstitution::test_command_substitution_with_variables PASSED [  4%]
tests_new/conformance/posix/test_posix_compliance.py::TestPOSIXCommandSubstitution::test_command_substitution_exit_status PASSED [  4%]
tests_new/conformance/posix/test_posix_compliance.py::TestPOSIXArithmeticExpansion::test_basic_arithmetic PASSED [  4%]
tests_new/conformance/posix/test_posix_compliance.py::TestPOSIXArithmeticExpansion::test_arithmetic_precedence PASSED [  4%]
tests_new/conformance/posix/test_posix_compliance.py::TestPOSIXArithmeticExpansion::test_arithmetic_with_variables PASSED [  4%]
tests_new/conformance/posix/test_posix_compliance.py::TestPOSIXArithmeticExpansion::test_arithmetic_comparison PASSED [  4%]
tests_new/conformance/posix/test_posix_compliance.py::TestPOSIXArithmeticExpansion::test_arithmetic_logical PASSED [  4%]
tests_new/conformance/posix/test_posix_compliance.py::TestPOSIXTildeExpansion::test_basic_tilde_expansion PASSED [  4%]
tests_new/conformance/posix/test_posix_compliance.py::TestPOSIXTildeExpansion::test_tilde_with_path PASSED [  4%]
tests_new/conformance/posix/test_posix_compliance.py::TestPOSIXTildeExpansion::test_tilde_user_expansion PASSED [  4%]
tests_new/conformance/posix/test_posix_compliance.py::TestPOSIXPathnameExpansion::test_asterisk_expansion PASSED [  4%]
tests_new/conformance/posix/test_posix_compliance.py::TestPOSIXPathnameExpansion::test_question_mark_expansion PASSED [  4%]
tests_new/conformance/posix/test_posix_compliance.py::TestPOSIXPathnameExpansion::test_bracket_expansion PASSED [  4%]
tests_new/conformance/posix/test_posix_compliance.py::TestPOSIXPathnameExpansion::test_no_match_behavior PASSED [  4%]
tests_new/conformance/posix/test_posix_compliance.py::TestPOSIXQuoteRemoval::test_double_quote_removal PASSED [  4%]
tests_new/conformance/posix/test_posix_compliance.py::TestPOSIXQuoteRemoval::test_single_quote_removal PASSED [  4%]
tests_new/conformance/posix/test_posix_compliance.py::TestPOSIXQuoteRemoval::test_backslash_quote_removal PASSED [  5%]
tests_new/conformance/posix/test_posix_compliance.py::TestPOSIXQuoteRemoval::test_mixed_quoting PASSED [  5%]
tests_new/conformance/posix/test_posix_compliance.py::TestPOSIXSimpleCommands::test_basic_commands PASSED [  5%]
tests_new/conformance/posix/test_posix_compliance.py::TestPOSIXSimpleCommands::test_command_with_arguments PASSED [  5%]
tests_new/conformance/posix/test_posix_compliance.py::TestPOSIXSimpleCommands::test_command_with_redirections PASSED [  5%]
tests_new/conformance/posix/test_posix_compliance.py::TestPOSIXSimpleCommands::test_variable_assignments PASSED [  5%]
tests_new/conformance/posix/test_posix_compliance.py::TestPOSIXPipelines::test_simple_pipeline PASSED [  5%]
tests_new/conformance/posix/test_posix_compliance.py::TestPOSIXPipelines::test_multi_stage_pipeline PASSED [  5%]
tests_new/conformance/posix/test_posix_compliance.py::TestPOSIXPipelines::test_pipeline_exit_status PASSED [  5%]
tests_new/conformance/posix/test_posix_compliance.py::TestPOSIXLists::test_and_lists PASSED [  5%]
tests_new/conformance/posix/test_posix_compliance.py::TestPOSIXLists::test_or_lists PASSED [  5%]
tests_new/conformance/posix/test_posix_compliance.py::TestPOSIXLists::test_sequential_lists PASSED [  5%]
tests_new/conformance/posix/test_posix_compliance.py::TestPOSIXCompoundCommands::test_if_constructs PASSED [  5%]
tests_new/conformance/posix/test_posix_compliance.py::TestPOSIXCompoundCommands::test_while_loops PASSED [  5%]
tests_new/conformance/posix/test_posix_compliance.py::TestPOSIXCompoundCommands::test_for_loops PASSED [  5%]
tests_new/conformance/posix/test_posix_compliance.py::TestPOSIXCompoundCommands::test_case_constructs PASSED [  5%]
tests_new/conformance/posix/test_posix_compliance.py::TestPOSIXShellFunctions::test_function_definition_execution PASSED [  5%]
tests_new/conformance/posix/test_posix_compliance.py::TestPOSIXShellFunctions::test_function_parameters PASSED [  5%]
tests_new/conformance/posix/test_posix_compliance.py::TestPOSIXShellFunctions::test_function_return_values PASSED [  5%]
tests_new/conformance/posix/test_posix_compliance.py::TestPOSIXShellFunctions::test_function_variable_scope PASSED [  6%]
tests_new/conformance/posix/test_posix_compliance.py::TestPOSIXShellParameters::test_positional_parameters PASSED [  6%]
tests_new/conformance/posix/test_posix_compliance.py::TestPOSIXShellParameters::test_special_parameters PASSED [  6%]
tests_new/conformance/posix/test_posix_compliance.py::TestPOSIXShellParameters::test_parameter_set_unset PASSED [  6%]
tests_new/integration/aliases/test_alias_expansion.py::TestBasicAliasDefinition::test_simple_alias_definition PASSED [  6%]
tests_new/integration/aliases/test_alias_expansion.py::TestBasicAliasDefinition::test_alias_execution PASSED [  6%]
tests_new/integration/aliases/test_alias_expansion.py::TestBasicAliasDefinition::test_alias_with_arguments PASSED [  6%]
tests_new/integration/aliases/test_alias_expansion.py::TestBasicAliasDefinition::test_alias_case_sensitivity PASSED [  6%]
tests_new/integration/aliases/test_alias_expansion.py::TestBasicAliasDefinition::test_alias_redefinition PASSED [  6%]
tests_new/integration/aliases/test_alias_expansion.py::TestBasicAliasDefinition::test_alias_list_all PASSED [  6%]
tests_new/integration/aliases/test_alias_expansion.py::TestAliasRemoval::test_unalias_command PASSED [  6%]
tests_new/integration/aliases/test_alias_expansion.py::TestAliasRemoval::test_unalias_nonexistent PASSED [  6%]
tests_new/integration/aliases/test_alias_expansion.py::TestAliasRemoval::test_unalias_all PASSED [  6%]
tests_new/integration/aliases/test_alias_expansion.py::TestAliasPrecedence::test_alias_vs_builtin XFAIL [  6%]
tests_new/integration/aliases/test_alias_expansion.py::TestAliasPrecedence::test_alias_vs_function XFAIL [  6%]
tests_new/integration/aliases/test_alias_expansion.py::TestAliasPrecedence::test_alias_vs_external_command PASSED [  6%]
tests_new/integration/aliases/test_alias_expansion.py::TestAliasPrecedence::test_bypass_alias_with_backslash PASSED [  6%]
tests_new/integration/aliases/test_alias_expansion.py::TestAliasPrecedence::test_bypass_alias_with_command_builtin XFAIL [  6%]
tests_new/integration/aliases/test_alias_expansion.py::TestAliasExpansion::test_alias_expansion_timing XFAIL [  6%]
tests_new/integration/aliases/test_alias_expansion.py::TestAliasExpansion::test_alias_recursive_prevention PASSED [  7%]
tests_new/integration/aliases/test_alias_expansion.py::TestAliasExpansion::test_alias_with_pipes PASSED [  7%]
tests_new/integration/aliases/test_alias_expansion.py::TestAliasExpansion::test_alias_with_redirection PASSED [  7%]
tests_new/integration/aliases/test_alias_expansion.py::TestAliasExpansion::test_alias_with_background_execution PASSED [  7%]
tests_new/integration/aliases/test_alias_expansion.py::TestComplexAliases::test_alias_with_multiple_commands PASSED [  7%]
tests_new/integration/aliases/test_alias_expansion.py::TestComplexAliases::test_alias_with_conditionals PASSED [  7%]
tests_new/integration/aliases/test_alias_expansion.py::TestComplexAliases::test_alias_with_variables PASSED [  7%]
tests_new/integration/aliases/test_alias_expansion.py::TestComplexAliases::test_alias_with_command_substitution PASSED [  7%]
tests_new/integration/aliases/test_alias_expansion.py::TestComplexAliases::test_alias_with_special_characters XFAIL [  7%]
tests_new/integration/aliases/test_alias_expansion.py::TestComplexAliases::test_nested_alias_expansion PASSED [  7%]
tests_new/integration/aliases/test_alias_expansion.py::TestAliasInDifferentContexts::test_alias_in_subshell PASSED [  7%]
tests_new/integration/aliases/test_alias_expansion.py::TestAliasInDifferentContexts::test_alias_in_function XFAIL [  7%]
tests_new/integration/aliases/test_alias_expansion.py::TestAliasInDifferentContexts::test_alias_in_script_vs_interactive PASSED [  7%]
tests_new/integration/aliases/test_alias_expansion.py::TestAliasInDifferentContexts::test_alias_with_for_loop PASSED [  7%]
tests_new/integration/aliases/test_alias_expansion.py::TestAliasInDifferentContexts::test_alias_with_case_statement XFAIL [  7%]
tests_new/integration/aliases/test_alias_expansion.py::TestAliasErrorHandling::test_invalid_alias_syntax PASSED [  7%]
tests_new/integration/aliases/test_alias_expansion.py::TestAliasErrorHandling::test_alias_name_with_special_chars PASSED [  7%]
tests_new/integration/aliases/test_alias_expansion.py::TestAliasErrorHandling::test_empty_alias_name PASSED [  7%]
tests_new/integration/aliases/test_alias_expansion.py::TestAliasErrorHandling::test_alias_circular_reference PASSED [  7%]
tests_new/integration/aliases/test_alias_expansion.py::TestAliasErrorHandling::test_very_long_alias PASSED [  8%]
tests_new/integration/aliases/test_alias_expansion.py::TestAliasCompatibility::test_bash_style_aliases PASSED [  8%]
tests_new/integration/aliases/test_alias_expansion.py::TestAliasCompatibility::test_posix_alias_compliance PASSED [  8%]
tests_new/integration/aliases/test_alias_expansion.py::TestAliasCompatibility::test_alias_export_behavior PASSED [  8%]
tests_new/integration/aliases/test_alias_expansion.py::TestAliasAdvancedFeatures::test_alias_with_positional_parameters PASSED [  8%]
tests_new/integration/aliases/test_alias_expansion.py::TestAliasAdvancedFeatures::test_alias_with_array_syntax XFAIL [  8%]
tests_new/integration/arrays/test_arrays_comprehensive.py::TestArrayInitialization::test_array_initialization_empty PASSED [  8%]
tests_new/integration/arrays/test_arrays_comprehensive.py::TestArrayInitialization::test_array_initialization_simple PASSED [  8%]
tests_new/integration/arrays/test_arrays_comprehensive.py::TestArrayInitialization::test_array_initialization_quoted PASSED [  8%]
tests_new/integration/arrays/test_arrays_comprehensive.py::TestArrayInitialization::test_array_initialization_variables PASSED [  8%]
tests_new/integration/arrays/test_arrays_comprehensive.py::TestArrayInitialization::test_array_initialization_mixed PASSED [  8%]
tests_new/integration/arrays/test_arrays_comprehensive.py::TestArrayElementAssignment::test_array_element_assignment_basic PASSED [  8%]
tests_new/integration/arrays/test_arrays_comprehensive.py::TestArrayElementAssignment::test_array_element_assignment_sparse PASSED [  8%]
tests_new/integration/arrays/test_arrays_comprehensive.py::TestArrayElementAssignment::test_array_element_assignment_arithmetic PASSED [  8%]
tests_new/integration/arrays/test_arrays_comprehensive.py::TestArrayElementAssignment::test_array_element_assignment_overwrite PASSED [  8%]
tests_new/integration/arrays/test_arrays_comprehensive.py::TestArrayElementAccess::test_array_element_access_basic PASSED [  8%]
tests_new/integration/arrays/test_arrays_comprehensive.py::TestArrayElementAccess::test_array_element_access_arithmetic PASSED [  8%]
tests_new/integration/arrays/test_arrays_comprehensive.py::TestArrayElementAccess::test_array_element_access_bare_variables PASSED [  8%]
tests_new/integration/arrays/test_arrays_comprehensive.py::TestArrayElementAccess::test_array_element_access_negative PASSED [  8%]
tests_new/integration/arrays/test_arrays_comprehensive.py::TestArrayExpansion::test_array_expand_all_at PASSED [  9%]
tests_new/integration/arrays/test_arrays_comprehensive.py::TestArrayExpansion::test_array_expand_all_star PASSED [  9%]
tests_new/integration/arrays/test_arrays_comprehensive.py::TestArrayExpansion::test_array_length PASSED [  9%]
tests_new/integration/arrays/test_arrays_comprehensive.py::TestArrayExpansion::test_array_length_sparse PASSED [  9%]
tests_new/integration/arrays/test_arrays_comprehensive.py::TestArrayExpansion::test_array_indices PASSED [  9%]
tests_new/integration/arrays/test_arrays_comprehensive.py::TestArraySlicing::test_array_slice_basic PASSED [  9%]
tests_new/integration/arrays/test_arrays_comprehensive.py::TestArraySlicing::test_array_slice_from_start PASSED [  9%]
tests_new/integration/arrays/test_arrays_comprehensive.py::TestArraySlicing::test_array_slice_to_end PASSED [  9%]
tests_new/integration/arrays/test_arrays_comprehensive.py::TestArrayParameterExpansion::test_array_element_length PASSED [  9%]
tests_new/integration/arrays/test_arrays_comprehensive.py::TestArrayParameterExpansion::test_array_element_substitution PASSED [  9%]
tests_new/integration/arrays/test_arrays_comprehensive.py::TestArrayDeclare::test_declare_p_indexed_array PASSED [  9%]
tests_new/integration/arrays/test_arrays_comprehensive.py::TestArrayDeclare::test_declare_p_sparse_array PASSED [  9%]
tests_new/integration/arrays/test_arrays_comprehensive.py::TestArrayInLoops::test_array_in_for_loop PASSED [  9%]
tests_new/integration/arrays/test_arrays_comprehensive.py::TestArrayInLoops::test_array_iteration_indices PASSED [  9%]
tests_new/integration/arrays/test_arrays_comprehensive.py::TestArrayAppend::test_array_append_element PASSED [  9%]
tests_new/integration/arrays/test_arrays_comprehensive.py::TestArrayAppend::test_array_append_manual PASSED [  9%]
tests_new/integration/arrays/test_arrays_comprehensive.py::TestArrayEdgeCases::test_array_unset_element PASSED [  9%]
tests_new/integration/arrays/test_arrays_comprehensive.py::TestArrayEdgeCases::test_array_empty_elements PASSED [  9%]
tests_new/integration/arrays/test_arrays_comprehensive.py::TestArrayEdgeCases::test_array_undefined_access PASSED [  9%]
tests_new/integration/arrays/test_arrays_comprehensive.py::TestArrayEdgeCases::test_array_variable_conversion PASSED [  9%]
tests_new/integration/arrays/test_arrays_comprehensive.py::TestArrayPerformance::test_large_array_creation PASSED [ 10%]
tests_new/integration/arrays/test_arrays_comprehensive.py::TestArrayPerformance::test_sparse_array_efficiency PASSED [ 10%]
tests_new/integration/builtins/test_declare_comprehensive.py::TestDeclareBasicAttributes::test_declare_integer_basic PASSED [ 10%]
tests_new/integration/builtins/test_declare_comprehensive.py::TestDeclareBasicAttributes::test_declare_integer_arithmetic_operations PASSED [ 10%]
tests_new/integration/builtins/test_declare_comprehensive.py::TestDeclareBasicAttributes::test_declare_lowercase_basic PASSED [ 10%]
tests_new/integration/builtins/test_declare_comprehensive.py::TestDeclareBasicAttributes::test_declare_lowercase_subsequent_assignments PASSED [ 10%]
tests_new/integration/builtins/test_declare_comprehensive.py::TestDeclareBasicAttributes::test_declare_uppercase_basic PASSED [ 10%]
tests_new/integration/builtins/test_declare_comprehensive.py::TestDeclareBasicAttributes::test_declare_uppercase_subsequent_assignments PASSED [ 10%]
tests_new/integration/builtins/test_declare_comprehensive.py::TestDeclareReadonlyExport::test_declare_readonly_basic PASSED [ 10%]
tests_new/integration/builtins/test_declare_comprehensive.py::TestDeclareReadonlyExport::test_declare_readonly_unset_fails PASSED [ 10%]
tests_new/integration/builtins/test_declare_comprehensive.py::TestDeclareReadonlyExport::test_declare_export_basic PASSED [ 10%]
tests_new/integration/builtins/test_declare_comprehensive.py::TestDeclareArrays::test_declare_indexed_array_empty PASSED [ 10%]
tests_new/integration/builtins/test_declare_comprehensive.py::TestDeclareArrays::test_declare_indexed_array_initialization PASSED [ 10%]
tests_new/integration/builtins/test_declare_comprehensive.py::TestDeclareArrays::test_declare_indexed_array_sparse PASSED [ 10%]
tests_new/integration/builtins/test_declare_comprehensive.py::TestDeclareArrays::test_declare_associative_array_empty PASSED [ 10%]
tests_new/integration/builtins/test_declare_comprehensive.py::TestDeclareArrays::test_declare_associative_array_initialization PASSED [ 10%]
tests_new/integration/builtins/test_declare_comprehensive.py::TestDeclareAttributeManagement::test_declare_array_types_exclusive PASSED [ 10%]
tests_new/integration/builtins/test_declare_comprehensive.py::TestDeclareAttributeManagement::test_declare_case_attributes_exclusive PASSED [ 10%]
tests_new/integration/builtins/test_declare_comprehensive.py::TestDeclareAttributeManagement::test_declare_combined_attributes PASSED [ 10%]
tests_new/integration/builtins/test_declare_comprehensive.py::TestDeclareAttributeManagement::test_declare_remove_export PASSED [ 11%]
tests_new/integration/builtins/test_declare_comprehensive.py::TestDeclareAttributeManagement::test_declare_remove_readonly_fails PASSED [ 11%]
tests_new/integration/builtins/test_declare_comprehensive.py::TestDeclarePrintingAndListing::test_declare_p_all_variables PASSED [ 11%]
tests_new/integration/builtins/test_declare_comprehensive.py::TestDeclarePrintingAndListing::test_declare_p_specific_variables PASSED [ 11%]
tests_new/integration/builtins/test_declare_comprehensive.py::TestDeclarePrintingAndListing::test_declare_p_nonexistent_variable PASSED [ 11%]
tests_new/integration/builtins/test_declare_comprehensive.py::TestDeclarePrintingAndListing::test_declare_p_array_output PASSED [ 11%]
tests_new/integration/builtins/test_declare_comprehensive.py::TestDeclareFunctionSupport::test_declare_f_lists_functions PASSED [ 11%]
tests_new/integration/builtins/test_declare_comprehensive.py::TestDeclareFunctionSupport::test_declare_f_specific_function PASSED [ 11%]
tests_new/integration/builtins/test_declare_comprehensive.py::TestDeclareFunctionSupport::test_declare_F_function_names_only PASSED [ 11%]
tests_new/integration/builtins/test_declare_comprehensive.py::TestDeclareErrorHandling::test_declare_invalid_option PASSED [ 11%]
tests_new/integration/builtins/test_declare_comprehensive.py::TestDeclareErrorHandling::test_declare_invalid_plus_option PASSED [ 11%]
tests_new/integration/builtins/test_declare_comprehensive.py::TestDeclareErrorHandling::test_declare_no_arguments_lists_all PASSED [ 11%]
tests_new/integration/builtins/test_declare_comprehensive.py::TestDeclareErrorHandling::test_declare_attribute_without_value PASSED [ 11%]
tests_new/integration/builtins/test_declare_comprehensive.py::TestDeclareErrorHandling::test_declare_existing_variable_add_attributes PASSED [ 11%]
tests_new/integration/builtins/test_declare_comprehensive.py::TestDeclareSpecialCases::test_declare_options_parsing PASSED [ 11%]
tests_new/integration/builtins/test_declare_comprehensive.py::TestDeclareSpecialCases::test_declare_special_characters PASSED [ 11%]
tests_new/integration/builtins/test_declare_comprehensive.py::TestDeclareSpecialCases::test_declare_nameref_attribute XFAIL [ 11%]
tests_new/integration/builtins/test_declare_comprehensive.py::TestDeclareSpecialCases::test_declare_global_attribute XFAIL [ 11%]
tests_new/integration/builtins/test_declare_comprehensive.py::TestDeclareCompatibility::test_declare_in_subshell PASSED [ 11%]
tests_new/integration/builtins/test_declare_comprehensive.py::TestDeclareCompatibility::test_declare_with_command_substitution PASSED [ 12%]
tests_new/integration/builtins/test_declare_comprehensive.py::TestDeclareCompatibility::test_declare_with_parameter_expansion PASSED [ 12%]
tests_new/integration/builtins/test_declare_comprehensive.py::TestDeclareCompatibility::test_declare_array_with_expansion PASSED [ 12%]
tests_new/integration/command_resolution/test_command_resolution.py::TestCommandResolutionPrecedence::test_builtin_precedence_over_external PASSED [ 12%]
tests_new/integration/command_resolution/test_command_resolution.py::TestCommandResolutionPrecedence::test_function_precedence_over_external PASSED [ 12%]
tests_new/integration/command_resolution/test_command_resolution.py::TestCommandResolutionPrecedence::test_builtin_precedence_over_function PASSED [ 12%]
tests_new/integration/command_resolution/test_command_resolution.py::TestCommandResolutionPrecedence::test_command_type_resolution PASSED [ 12%]
tests_new/integration/command_resolution/test_command_resolution.py::TestPATHHandling::test_path_modification PASSED [ 12%]
tests_new/integration/command_resolution/test_command_resolution.py::TestPATHHandling::test_path_search_order PASSED [ 12%]
tests_new/integration/command_resolution/test_command_resolution.py::TestPATHHandling::test_empty_path_component PASSED [ 12%]
tests_new/integration/command_resolution/test_command_resolution.py::TestPATHHandling::test_absolute_path_bypasses_search PASSED [ 12%]
tests_new/integration/command_resolution/test_command_resolution.py::TestPATHHandling::test_relative_path_bypasses_search PASSED [ 12%]
tests_new/integration/command_resolution/test_command_resolution.py::TestCommandCaching::test_hash_command PASSED [ 12%]
tests_new/integration/command_resolution/test_command_resolution.py::TestCommandCaching::test_hash_invalidation_on_path_change PASSED [ 12%]
tests_new/integration/command_resolution/test_command_resolution.py::TestCommandCaching::test_hash_clear PASSED [ 12%]
tests_new/integration/command_resolution/test_command_resolution.py::TestExecutablePermissions::test_non_executable_file PASSED [ 12%]
tests_new/integration/command_resolution/test_command_resolution.py::TestExecutablePermissions::test_executable_without_shebang PASSED [ 12%]
tests_new/integration/command_resolution/test_command_resolution.py::TestExecutablePermissions::test_directory_as_command PASSED [ 12%]
tests_new/integration/command_resolution/test_command_resolution.py::TestCommandNotFound::test_nonexistent_command PASSED [ 12%]
tests_new/integration/command_resolution/test_command_resolution.py::TestCommandNotFound::test_command_not_found_in_pipeline PASSED [ 13%]
tests_new/integration/command_resolution/test_command_resolution.py::TestCommandNotFound::test_command_not_found_with_errexit XFAIL [ 13%]
tests_new/integration/command_resolution/test_command_resolution.py::TestCommandNotFound::test_command_not_found_function PASSED [ 13%]
tests_new/integration/command_resolution/test_command_resolution.py::TestCommandBuiltinIntegration::test_command_bypass_function PASSED [ 13%]
tests_new/integration/command_resolution/test_command_resolution.py::TestCommandBuiltinIntegration::test_command_bypass_alias PASSED [ 13%]
tests_new/integration/command_resolution/test_command_resolution.py::TestCommandBuiltinIntegration::test_command_with_options PASSED [ 13%]
tests_new/integration/command_resolution/test_command_resolution.py::TestWhichCommand::test_which_builtin PASSED [ 13%]
tests_new/integration/command_resolution/test_command_resolution.py::TestWhichCommand::test_which_external_command PASSED [ 13%]
tests_new/integration/command_resolution/test_command_resolution.py::TestWhichCommand::test_which_nonexistent PASSED [ 13%]
tests_new/integration/control_flow/test_case_statements.py::TestCaseStatements::test_basic_case PASSED [ 13%]
tests_new/integration/control_flow/test_case_statements.py::TestCaseStatements::test_case_with_multiple_patterns PASSED [ 13%]
tests_new/integration/control_flow/test_case_statements.py::TestCaseStatements::test_case_with_wildcards PASSED [ 13%]
tests_new/integration/control_flow/test_case_statements.py::TestCaseStatements::test_case_with_character_classes PASSED [ 13%]
tests_new/integration/control_flow/test_case_statements.py::TestCaseStatements::test_case_no_match PASSED [ 13%]
tests_new/integration/control_flow/test_case_statements.py::TestCaseStatements::test_case_empty_variable PASSED [ 13%]
tests_new/integration/control_flow/test_case_statements.py::TestCaseStatements::test_case_with_quotes PASSED [ 13%]
tests_new/integration/control_flow/test_case_statements.py::TestCaseStatements::test_case_with_command_substitution PASSED [ 13%]
tests_new/integration/control_flow/test_case_statements.py::TestCaseStatements::test_case_fallthrough XFAIL [ 13%]
tests_new/integration/control_flow/test_case_statements.py::TestCaseStatements::test_nested_case PASSED [ 13%]
tests_new/integration/control_flow/test_case_statements.py::TestCaseStatements::test_case_with_glob_patterns PASSED [ 14%]
tests_new/integration/control_flow/test_case_statements.py::TestCaseStatements::test_case_with_function PASSED [ 14%]
tests_new/integration/control_flow/test_case_statements.py::TestCaseStatements::test_case_oneline PASSED [ 14%]
tests_new/integration/control_flow/test_for_loops.py::TestForLoops::test_basic_for_loop PASSED [ 14%]
tests_new/integration/control_flow/test_for_loops.py::TestForLoops::test_for_loop_with_variable PASSED [ 14%]
tests_new/integration/control_flow/test_for_loops.py::TestForLoops::test_for_loop_with_glob PASSED [ 14%]
tests_new/integration/control_flow/test_for_loops.py::TestForLoops::test_for_loop_with_command_substitution PASSED [ 14%]
tests_new/integration/control_flow/test_for_loops.py::TestForLoops::test_for_loop_with_break PASSED [ 14%]
tests_new/integration/control_flow/test_for_loops.py::TestForLoops::test_for_loop_with_continue PASSED [ 14%]
tests_new/integration/control_flow/test_for_loops.py::TestForLoops::test_nested_for_loops PASSED [ 14%]
tests_new/integration/control_flow/test_for_loops.py::TestForLoops::test_c_style_for_loop PASSED [ 14%]
tests_new/integration/control_flow/test_for_loops.py::TestForLoops::test_for_loop_no_list XFAIL [ 14%]
tests_new/integration/control_flow/test_for_loops.py::TestForLoops::test_for_loop_empty_list PASSED [ 14%]
tests_new/integration/control_flow/test_for_loops.py::TestForLoops::test_for_loop_with_quotes PASSED [ 14%]
tests_new/integration/control_flow/test_for_loops.py::TestForLoops::test_for_loop_with_array PASSED [ 14%]
tests_new/integration/control_flow/test_for_loops.py::TestForLoops::test_for_loop_modifying_variable PASSED [ 14%]
tests_new/integration/control_flow/test_for_loops.py::TestForLoops::test_for_loop_oneline PASSED [ 14%]
tests_new/integration/control_flow/test_for_loops.py::TestForLoops::test_for_loop_with_function PASSED [ 14%]
tests_new/integration/control_flow/test_if_statements.py::TestIfStatements::test_basic_if_true PASSED [ 14%]
tests_new/integration/control_flow/test_if_statements.py::TestIfStatements::test_basic_if_false PASSED [ 15%]
tests_new/integration/control_flow/test_if_statements.py::TestIfStatements::test_if_else PASSED [ 15%]
tests_new/integration/control_flow/test_if_statements.py::TestIfStatements::test_if_elif_else PASSED [ 15%]
tests_new/integration/control_flow/test_if_statements.py::TestIfStatements::test_multiple_elif PASSED [ 15%]
tests_new/integration/control_flow/test_if_statements.py::TestIfStatements::test_nested_if PASSED [ 15%]
tests_new/integration/control_flow/test_if_statements.py::TestIfStatements::test_if_with_command_substitution PASSED [ 15%]
tests_new/integration/control_flow/test_if_statements.py::TestIfStatements::test_if_with_arithmetic PASSED [ 15%]
tests_new/integration/control_flow/test_if_statements.py::TestIfStatements::test_if_with_exit_code PASSED [ 15%]
tests_new/integration/control_flow/test_if_statements.py::TestIfStatements::test_if_with_pipeline PASSED [ 15%]
tests_new/integration/control_flow/test_if_statements.py::TestIfStatements::test_if_with_logical_operators PASSED [ 15%]
tests_new/integration/control_flow/test_if_statements.py::TestIfStatements::test_if_oneline PASSED [ 15%]
tests_new/integration/control_flow/test_if_statements.py::TestIfStatements::test_if_with_variable_test PASSED [ 15%]
tests_new/integration/control_flow/test_if_statements.py::TestIfStatements::test_if_with_file_test PASSED [ 15%]
tests_new/integration/control_flow/test_if_statements.py::TestIfStatements::test_if_with_functions PASSED [ 15%]
tests_new/integration/control_flow/test_nested_control_structures.py::test_if_inside_for PASSED [ 15%]
tests_new/integration/control_flow/test_nested_control_structures.py::test_for_inside_if PASSED [ 15%]
tests_new/integration/control_flow/test_nested_control_structures.py::test_while_inside_case PASSED [ 15%]
tests_new/integration/control_flow/test_nested_control_structures.py::test_case_inside_for PASSED [ 15%]
tests_new/integration/control_flow/test_nested_control_structures.py::test_nested_if_statements PASSED [ 15%]
tests_new/integration/control_flow/test_nested_control_structures.py::test_nested_for_loops PASSED [ 16%]
tests_new/integration/control_flow/test_nested_control_structures.py::test_complex_nested_structure PASSED [ 16%]
tests_new/integration/control_flow/test_nested_control_structures.py::test_break_in_nested_loops PASSED [ 16%]
tests_new/integration/control_flow/test_nested_control_structures.py::test_continue_in_nested_loops PASSED [ 16%]
tests_new/integration/control_flow/test_nested_control_structures.py::test_function_with_nested_structures PASSED [ 16%]
tests_new/integration/control_flow/test_nested_control_structures.py::test_nested_structures_with_variables PASSED [ 16%]
tests_new/integration/control_flow/test_nested_control_structures.py::test_very_deep_nesting PASSED [ 16%]
tests_new/integration/control_flow/test_nested_structures_basic.py::TestBasicNestedStructures::test_if_inside_for PASSED [ 16%]
tests_new/integration/control_flow/test_nested_structures_basic.py::TestBasicNestedStructures::test_while_inside_if PASSED [ 16%]
tests_new/integration/control_flow/test_nested_structures_basic.py::TestBasicNestedStructures::test_for_inside_while PASSED [ 16%]
tests_new/integration/control_flow/test_nested_structures_basic.py::TestBasicNestedStructures::test_nested_if_statements PASSED [ 16%]
tests_new/integration/control_flow/test_nested_structures_basic.py::TestBasicNestedStructures::test_case_inside_for_basic PASSED [ 16%]
tests_new/integration/control_flow/test_nested_structures_basic.py::TestBasicNestedStructures::test_variable_scoping_in_nesting PASSED [ 16%]
tests_new/integration/control_flow/test_nested_structures_basic.py::TestNestedControlFlow::test_break_in_nested_loops PASSED [ 16%]
tests_new/integration/control_flow/test_nested_structures_basic.py::TestNestedControlFlow::test_continue_in_nested_loops PASSED [ 16%]
tests_new/integration/control_flow/test_nested_structures_basic.py::TestNestedControlFlow::test_nested_while_with_break_continue PASSED [ 16%]
tests_new/integration/control_flow/test_nested_structures_basic.py::TestNestedFunctions::test_function_with_nested_structures PASSED [ 16%]
tests_new/integration/control_flow/test_nested_structures_basic.py::TestNestedFunctions::test_nested_structures_calling_functions PASSED [ 16%]
tests_new/integration/control_flow/test_nested_structures_basic.py::TestNestedFunctions::test_function_return_in_nested_structure PASSED [ 16%]
tests_new/integration/control_flow/test_nested_structures_basic.py::TestComplexNestedPatterns::test_case_inside_for_inside_if PASSED [ 17%]
tests_new/integration/control_flow/test_nested_structures_basic.py::TestComplexNestedPatterns::test_while_with_case_and_if PASSED [ 17%]
tests_new/integration/control_flow/test_nested_structures_basic.py::TestNestedStructuresBackwardCompatibility::test_simple_commands_still_work PASSED [ 17%]
tests_new/integration/control_flow/test_nested_structures_basic.py::TestNestedStructuresBackwardCompatibility::test_basic_if_still_works PASSED [ 17%]
tests_new/integration/control_flow/test_nested_structures_basic.py::TestNestedStructuresBackwardCompatibility::test_basic_for_loop_still_works PASSED [ 17%]
tests_new/integration/control_flow/test_nested_structures_basic.py::TestNestedStructuresBackwardCompatibility::test_basic_while_loop_still_works PASSED [ 17%]
tests_new/integration/control_flow/test_nested_structures_io_conservative.py::TestBasicNestedIO::test_simple_output_redirection_in_loops XFAIL [ 17%]
tests_new/integration/control_flow/test_nested_structures_io_conservative.py::TestBasicNestedIO::test_append_redirection_in_case PASSED [ 17%]
tests_new/integration/control_flow/test_nested_structures_io_conservative.py::TestBasicNestedIO::test_input_redirection_with_existing_file PASSED [ 17%]
tests_new/integration/control_flow/test_nested_structures_io_conservative.py::TestWorkingPipePatterns::test_echo_pipe_in_nested_structure PASSED [ 17%]
tests_new/integration/control_flow/test_nested_structures_io_conservative.py::TestWorkingPipePatterns::test_simple_function_output_redirection XFAIL [ 17%]
tests_new/integration/control_flow/test_nested_structures_io_conservative.py::TestAdvancedIOPatterns::test_complex_nested_redirection XFAIL [ 17%]
tests_new/integration/control_flow/test_nested_structures_io_conservative.py::TestAdvancedIOPatterns::test_heredoc_in_case_statement XFAIL [ 17%]
tests_new/integration/control_flow/test_nested_structures_io_conservative.py::TestAdvancedIOPatterns::test_while_read_with_pipes XFAIL [ 17%]
tests_new/integration/control_flow/test_nested_structures_io_conservative.py::TestAdvancedIOPatterns::test_error_handling_in_redirection XFAIL [ 17%]
tests_new/integration/control_flow/test_nested_structures_io_conservative.py::TestNestedStructuresRegression::test_simple_command_after_nested_structure XFAIL [ 17%]
tests_new/integration/control_flow/test_nested_structures_io_conservative.py::TestNestedStructuresRegression::test_variable_assignment_after_nesting XFAIL [ 17%]
tests_new/integration/control_flow/test_while_loops.py::TestWhileLoops::test_basic_while_loop PASSED [ 17%]
tests_new/integration/control_flow/test_while_loops.py::TestWhileLoops::test_while_with_break PASSED [ 17%]
tests_new/integration/control_flow/test_while_loops.py::TestWhileLoops::test_while_with_continue PASSED [ 18%]
tests_new/integration/control_flow/test_while_loops.py::TestWhileLoops::test_nested_while_loops PASSED [ 18%]
tests_new/integration/control_flow/test_while_loops.py::TestWhileLoops::test_while_with_command_condition XFAIL [ 18%]
tests_new/integration/control_flow/test_while_loops.py::TestWhileLoops::test_while_with_pipeline_condition PASSED [ 18%]
tests_new/integration/control_flow/test_while_loops.py::TestWhileLoops::test_while_false_never_executes PASSED [ 18%]
tests_new/integration/control_flow/test_while_loops.py::TestWhileLoops::test_while_with_arithmetic_condition PASSED [ 18%]
tests_new/integration/control_flow/test_while_loops.py::TestWhileLoops::test_while_with_multiple_breaks PASSED [ 18%]
tests_new/integration/control_flow/test_while_loops.py::TestWhileLoops::test_while_with_function PASSED [ 18%]
tests_new/integration/control_flow/test_while_loops.py::TestWhileLoops::test_while_empty_body PASSED [ 18%]
tests_new/integration/control_flow/test_while_loops.py::TestWhileLoops::test_while_oneline PASSED [ 18%]
tests_new/integration/functions/test_function_advanced.py::test_function_composition PASSED [ 18%]
tests_new/integration/functions/test_function_advanced.py::test_function_with_command_substitution PASSED [ 18%]
tests_new/integration/functions/test_function_advanced.py::test_function_parameter_expansion XPASS [ 18%]
tests_new/integration/functions/test_function_advanced.py::test_function_array_handling PASSED [ 18%]
tests_new/integration/functions/test_function_advanced.py::test_function_with_case_statement PASSED [ 18%]
tests_new/integration/functions/test_function_advanced.py::test_function_with_while_loop PASSED [ 18%]
tests_new/integration/functions/test_function_advanced.py::test_function_with_trap PASSED [ 18%]
tests_new/integration/functions/test_function_advanced.py::test_function_error_propagation PASSED [ 18%]
tests_new/integration/functions/test_function_advanced.py::test_function_with_here_document SKIPPED [ 18%]
tests_new/integration/functions/test_function_advanced.py::test_function_variable_assignment PASSED [ 18%]
tests_new/integration/functions/test_function_advanced.py::test_function_debug_mode PASSED [ 19%]
tests_new/integration/functions/test_function_advanced.py::test_function_with_subshell PASSED [ 19%]
tests_new/integration/functions/test_function_advanced.py::test_function_with_background_job XFAIL [ 19%]
tests_new/integration/functions/test_function_advanced.py::test_function_vs_alias PASSED [ 19%]
tests_new/integration/functions/test_function_advanced.py::test_function_with_glob_patterns PASSED [ 19%]
tests_new/integration/functions/test_function_advanced.py::test_function_parameter_shift PASSED [ 19%]
tests_new/integration/functions/test_function_advanced.py::test_function_getopts PASSED [ 19%]
tests_new/integration/functions/test_function_advanced.py::test_function_exit_vs_return PASSED [ 19%]
tests_new/integration/functions/test_function_advanced.py::test_function_readonly_parameters PASSED [ 19%]
tests_new/integration/functions/test_function_definitions.py::test_simple_function_definition PASSED [ 19%]
tests_new/integration/functions/test_function_definitions.py::test_function_with_keyword_syntax PASSED [ 19%]
tests_new/integration/functions/test_function_definitions.py::test_function_with_keyword_and_parens PASSED [ 19%]
tests_new/integration/functions/test_function_definitions.py::test_multiline_function PASSED [ 19%]
tests_new/integration/functions/test_function_definitions.py::test_function_with_parameters PASSED [ 19%]
tests_new/integration/functions/test_function_definitions.py::test_function_multiple_parameters PASSED [ 19%]
tests_new/integration/functions/test_function_definitions.py::test_function_arithmetic_operations PASSED [ 19%]
tests_new/integration/functions/test_function_definitions.py::test_function_return_value PASSED [ 19%]
tests_new/integration/functions/test_function_definitions.py::test_function_early_return PASSED [ 19%]
tests_new/integration/functions/test_function_definitions.py::test_nested_function_calls PASSED [ 19%]
tests_new/integration/functions/test_function_definitions.py::test_function_variable_scope PASSED [ 20%]
tests_new/integration/functions/test_function_definitions.py::test_function_local_variables PASSED [ 20%]
tests_new/integration/functions/test_function_definitions.py::test_function_with_conditionals PASSED [ 20%]
tests_new/integration/functions/test_function_definitions.py::test_function_with_loops PASSED [ 20%]
tests_new/integration/functions/test_function_definitions.py::test_recursive_function PASSED [ 20%]
tests_new/integration/functions/test_function_definitions.py::test_function_with_pipeline PASSED [ 20%]
tests_new/integration/functions/test_function_definitions.py::test_function_redirection PASSED [ 20%]
tests_new/integration/functions/test_function_definitions.py::test_function_error_handling PASSED [ 20%]
tests_new/integration/functions/test_function_definitions.py::test_undefined_function_call PASSED [ 20%]
tests_new/integration/functions/test_function_definitions.py::test_function_unset PASSED [ 20%]
tests_new/integration/functions/test_function_definitions.py::test_function_with_special_parameters PASSED [ 20%]
tests_new/integration/functions/test_function_definitions.py::test_function_name_collision XFAIL [ 20%]
tests_new/integration/functions/test_function_definitions.py::test_function_export PASSED [ 20%]
tests_new/integration/functions/test_functions_comprehensive.py::TestFunctionDefinition::test_posix_function_definition PASSED [ 20%]
tests_new/integration/functions/test_functions_comprehensive.py::TestFunctionDefinition::test_function_keyword_syntax PASSED [ 20%]
tests_new/integration/functions/test_functions_comprehensive.py::TestFunctionDefinition::test_function_keyword_with_parentheses PASSED [ 20%]
tests_new/integration/functions/test_functions_comprehensive.py::TestFunctionDefinition::test_multiline_function_definition PASSED [ 20%]
tests_new/integration/functions/test_functions_comprehensive.py::TestFunctionDefinition::test_empty_function_definition PASSED [ 20%]
tests_new/integration/functions/test_functions_comprehensive.py::TestFunctionDefinition::test_function_with_complex_body PASSED [ 20%]
tests_new/integration/functions/test_functions_comprehensive.py::TestFunctionExecution::test_simple_function_call PASSED [ 21%]
tests_new/integration/functions/test_functions_comprehensive.py::TestFunctionExecution::test_function_with_arguments PASSED [ 21%]
tests_new/integration/functions/test_functions_comprehensive.py::TestFunctionExecution::test_function_multiple_arguments PASSED [ 21%]
tests_new/integration/functions/test_functions_comprehensive.py::TestFunctionExecution::test_function_special_variables PASSED [ 21%]
tests_new/integration/functions/test_functions_comprehensive.py::TestFunctionExecution::test_function_no_arguments PASSED [ 21%]
tests_new/integration/functions/test_functions_comprehensive.py::TestFunctionReturnValues::test_function_return_success PASSED [ 21%]
tests_new/integration/functions/test_functions_comprehensive.py::TestFunctionReturnValues::test_function_return_failure PASSED [ 21%]
tests_new/integration/functions/test_functions_comprehensive.py::TestFunctionReturnValues::test_function_implicit_return PASSED [ 21%]
tests_new/integration/functions/test_functions_comprehensive.py::TestFunctionReturnValues::test_function_empty_body_return PASSED [ 21%]
tests_new/integration/functions/test_functions_comprehensive.py::TestFunctionScoping::test_function_modifies_global_variables PASSED [ 21%]
tests_new/integration/functions/test_functions_comprehensive.py::TestFunctionScoping::test_function_parameters_dont_leak PASSED [ 21%]
tests_new/integration/functions/test_functions_comprehensive.py::TestFunctionScoping::test_function_accesses_global_variables PASSED [ 21%]
tests_new/integration/functions/test_functions_comprehensive.py::TestFunctionScoping::test_function_parameter_shadowing PASSED [ 21%]
tests_new/integration/functions/test_functions_comprehensive.py::TestFunctionNesting::test_function_calling_function PASSED [ 21%]
tests_new/integration/functions/test_functions_comprehensive.py::TestFunctionNesting::test_function_chain_calls PASSED [ 21%]
tests_new/integration/functions/test_functions_comprehensive.py::TestFunctionNesting::test_simple_recursion XFAIL [ 21%]
tests_new/integration/functions/test_functions_comprehensive.py::TestFunctionManagement::test_declare_f_lists_functions PASSED [ 21%]
tests_new/integration/functions/test_functions_comprehensive.py::TestFunctionManagement::test_declare_f_specific_function PASSED [ 21%]
tests_new/integration/functions/test_functions_comprehensive.py::TestFunctionManagement::test_declare_f_nonexistent_function PASSED [ 21%]
tests_new/integration/functions/test_functions_comprehensive.py::TestFunctionManagement::test_unset_f_removes_function PASSED [ 22%]
tests_new/integration/functions/test_functions_comprehensive.py::TestFunctionManagement::test_unset_f_nonexistent_function PASSED [ 22%]
tests_new/integration/functions/test_functions_comprehensive.py::TestFunctionManagement::test_redefine_function PASSED [ 22%]
tests_new/integration/functions/test_functions_comprehensive.py::TestFunctionPrecedence::test_function_overrides_external_command PASSED [ 22%]
tests_new/integration/functions/test_functions_comprehensive.py::TestFunctionPrecedence::test_function_vs_builtin XFAIL [ 22%]
tests_new/integration/functions/test_functions_comprehensive.py::TestFunctionWithRedirection::test_function_output_redirection PASSED [ 22%]
tests_new/integration/functions/test_functions_comprehensive.py::TestFunctionWithRedirection::test_function_input_redirection PASSED [ 22%]
tests_new/integration/functions/test_functions_comprehensive.py::TestFunctionWithRedirection::test_function_error_redirection PASSED [ 22%]
tests_new/integration/functions/test_functions_comprehensive.py::TestFunctionInPipelines::test_function_as_pipeline_source PASSED [ 22%]
tests_new/integration/functions/test_functions_comprehensive.py::TestFunctionInPipelines::test_function_as_pipeline_filter XFAIL [ 22%]
tests_new/integration/functions/test_functions_comprehensive.py::TestFunctionInPipelines::test_function_pipeline_chain XFAIL [ 22%]
tests_new/integration/functions/test_functions_comprehensive.py::TestFunctionErrorHandling::test_invalid_function_name_reserved_word PASSED [ 22%]
tests_new/integration/functions/test_functions_comprehensive.py::TestFunctionErrorHandling::test_invalid_function_name_number PASSED [ 22%]
tests_new/integration/functions/test_functions_comprehensive.py::TestFunctionErrorHandling::test_function_with_syntax_error PASSED [ 22%]
tests_new/integration/functions/test_functions_comprehensive.py::TestFunctionErrorHandling::test_calling_undefined_function PASSED [ 22%]
tests_new/integration/functions/test_functions_comprehensive.py::TestFunctionWithControlStructures::test_function_with_if_statement XFAIL [ 22%]
tests_new/integration/functions/test_functions_comprehensive.py::TestFunctionWithControlStructures::test_function_with_for_loop XFAIL [ 22%]
tests_new/integration/functions/test_functions_comprehensive.py::TestFunctionWithControlStructures::test_function_with_while_loop XFAIL [ 22%]
tests_new/integration/functions/test_functions_comprehensive.py::TestFunctionPerformance::test_many_function_definitions PASSED [ 22%]
tests_new/integration/functions/test_functions_comprehensive.py::TestFunctionPerformance::test_function_with_many_commands XFAIL [ 23%]
tests_new/integration/functions/test_functions_comprehensive.py::TestFunctionPerformance::test_function_call_overhead PASSED [ 23%]
tests_new/integration/interactive/test_completion.py::TestCommandCompletion::test_builtin_command_completion SKIPPED [ 23%]
tests_new/integration/interactive/test_completion.py::TestCommandCompletion::test_external_command_completion SKIPPED [ 23%]
tests_new/integration/interactive/test_completion.py::TestCommandCompletion::test_command_completion_multiple_options SKIPPED [ 23%]
tests_new/integration/interactive/test_completion.py::TestCommandCompletion::test_command_completion_unique_match SKIPPED [ 23%]
tests_new/integration/interactive/test_completion.py::TestCommandCompletion::test_no_command_completion_match SKIPPED [ 23%]
tests_new/integration/interactive/test_completion.py::TestFileCompletion::test_file_completion_basic SKIPPED [ 23%]
tests_new/integration/interactive/test_completion.py::TestFileCompletion::test_directory_completion SKIPPED [ 23%]
tests_new/integration/interactive/test_completion.py::TestFileCompletion::test_hidden_file_completion SKIPPED [ 23%]
tests_new/integration/interactive/test_completion.py::TestFileCompletion::test_path_completion_with_slash SKIPPED [ 23%]
tests_new/integration/interactive/test_completion.py::TestFileCompletion::test_absolute_path_completion SKIPPED [ 23%]
tests_new/integration/interactive/test_completion.py::TestVariableCompletion::test_environment_variable_completion SKIPPED [ 23%]
tests_new/integration/interactive/test_completion.py::TestVariableCompletion::test_user_variable_completion SKIPPED [ 23%]
tests_new/integration/interactive/test_completion.py::TestVariableCompletion::test_special_variable_completion SKIPPED [ 23%]
tests_new/integration/interactive/test_completion.py::TestVariableCompletion::test_variable_completion_in_quotes SKIPPED [ 23%]
tests_new/integration/interactive/test_completion.py::TestAdvancedCompletion::test_completion_after_pipe SKIPPED [ 23%]
tests_new/integration/interactive/test_completion.py::TestAdvancedCompletion::test_completion_after_redirection SKIPPED [ 23%]
tests_new/integration/interactive/test_completion.py::TestAdvancedCompletion::test_completion_in_command_substitution SKIPPED [ 23%]
tests_new/integration/interactive/test_completion.py::TestAdvancedCompletion::test_completion_with_quotes SKIPPED [ 24%]
tests_new/integration/interactive/test_completion.py::TestAdvancedCompletion::test_completion_function_names SKIPPED [ 24%]
tests_new/integration/interactive/test_completion.py::TestAdvancedCompletion::test_completion_alias_names SKIPPED [ 24%]
tests_new/integration/interactive/test_completion.py::TestCompletionConfiguration::test_completion_disable SKIPPED [ 24%]
tests_new/integration/interactive/test_completion.py::TestCompletionConfiguration::test_completion_case_sensitivity SKIPPED [ 24%]
tests_new/integration/interactive/test_completion.py::TestCompletionConfiguration::test_completion_cycling SKIPPED [ 24%]
tests_new/integration/interactive/test_completion.py::TestCompletionErrorHandling::test_completion_permission_denied SKIPPED [ 24%]
tests_new/integration/interactive/test_completion.py::TestCompletionErrorHandling::test_completion_nonexistent_directory SKIPPED [ 24%]
tests_new/integration/interactive/test_completion.py::TestCompletionErrorHandling::test_completion_with_very_long_path SKIPPED [ 24%]
tests_new/integration/interactive/test_completion.py::TestCompletionErrorHandling::test_completion_special_characters SKIPPED [ 24%]
tests_new/integration/interactive/test_history.py::TestBasicHistory::test_history_command_basic SKIPPED [ 24%]
tests_new/integration/interactive/test_history.py::TestBasicHistory::test_history_numbering SKIPPED [ 24%]
tests_new/integration/interactive/test_history.py::TestBasicHistory::test_history_persistence SKIPPED [ 24%]
tests_new/integration/interactive/test_history.py::TestBasicHistory::test_history_file_creation SKIPPED [ 24%]
tests_new/integration/interactive/test_history.py::TestHistoryExpansion::test_history_expansion_last_command SKIPPED [ 24%]
tests_new/integration/interactive/test_history.py::TestHistoryExpansion::test_history_expansion_by_number SKIPPED [ 24%]
tests_new/integration/interactive/test_history.py::TestHistoryExpansion::test_history_expansion_by_string SKIPPED [ 24%]
tests_new/integration/interactive/test_history.py::TestHistoryExpansion::test_history_expansion_not_found SKIPPED [ 24%]
tests_new/integration/interactive/test_history.py::TestHistoryExpansion::test_history_expansion_in_quotes SKIPPED [ 24%]
tests_new/integration/interactive/test_history.py::TestHistoryConfiguration::test_histsize_variable SKIPPED [ 25%]
tests_new/integration/interactive/test_history.py::TestHistoryConfiguration::test_histfile_variable SKIPPED [ 25%]
tests_new/integration/interactive/test_history.py::TestHistoryConfiguration::test_history_disable SKIPPED [ 25%]
tests_new/integration/interactive/test_history.py::TestHistoryConfiguration::test_history_no_duplicates SKIPPED [ 25%]
tests_new/integration/interactive/test_history.py::TestHistoryNavigation::test_up_arrow_navigation SKIPPED [ 25%]
tests_new/integration/interactive/test_history.py::TestHistoryNavigation::test_ctrl_r_search SKIPPED [ 25%]
tests_new/integration/interactive/test_history.py::TestHistoryNavigation::test_history_search_command SKIPPED [ 25%]
tests_new/integration/interactive/test_history.py::TestHistoryBuiltins::test_history_clear SKIPPED [ 25%]
tests_new/integration/interactive/test_history.py::TestHistoryBuiltins::test_history_write SKIPPED [ 25%]
tests_new/integration/interactive/test_history.py::TestHistoryBuiltins::test_history_read SKIPPED [ 25%]
tests_new/integration/interactive/test_history.py::TestHistoryBuiltins::test_history_append SKIPPED [ 25%]
tests_new/integration/interactive/test_history.py::TestHistoryErrorHandling::test_history_file_permission_denied SKIPPED [ 25%]
tests_new/integration/interactive/test_history.py::TestHistoryErrorHandling::test_history_file_directory_not_exist SKIPPED [ 25%]
tests_new/integration/interactive/test_history.py::TestHistoryErrorHandling::test_history_with_very_long_commands SKIPPED [ 25%]
tests_new/integration/interactive/test_history.py::TestHistoryErrorHandling::test_history_with_special_characters SKIPPED [ 25%]
tests_new/integration/job_control/test_background_jobs.py::TestBackgroundJobCreation::test_simple_background_job PASSED [ 25%]
tests_new/integration/job_control/test_background_jobs.py::TestBackgroundJobCreation::test_background_job_with_output PASSED [ 25%]
tests_new/integration/job_control/test_background_jobs.py::TestBackgroundJobCreation::test_multiple_background_jobs PASSED [ 25%]
tests_new/integration/job_control/test_background_jobs.py::TestBackgroundJobCreation::test_background_job_exit_status XFAIL [ 25%]
tests_new/integration/job_control/test_background_jobs.py::TestJobStatusTracking::test_jobs_command_basic PASSED [ 26%]
tests_new/integration/job_control/test_background_jobs.py::TestJobStatusTracking::test_job_numbering PASSED [ 26%]
tests_new/integration/job_control/test_background_jobs.py::TestJobStatusTracking::test_job_state_transitions PASSED [ 26%]
tests_new/integration/job_control/test_background_jobs.py::TestJobControl::test_foreground_command PASSED [ 26%]
tests_new/integration/job_control/test_background_jobs.py::TestJobControl::test_background_command PASSED [ 26%]
tests_new/integration/job_control/test_background_jobs.py::TestJobControl::test_job_reference_by_number PASSED [ 26%]
tests_new/integration/job_control/test_background_jobs.py::TestJobCompletion::test_wait_for_specific_job PASSED [ 26%]
tests_new/integration/job_control/test_background_jobs.py::TestJobCompletion::test_wait_exit_status PASSED [ 26%]
tests_new/integration/job_control/test_background_jobs.py::TestJobCompletion::test_automatic_job_cleanup PASSED [ 26%]
tests_new/integration/job_control/test_background_jobs.py::TestJobControlWithPipelines::test_pipeline_background_job PASSED [ 26%]
tests_new/integration/job_control/test_background_jobs.py::TestJobControlWithPipelines::test_complex_pipeline_background PASSED [ 26%]
tests_new/integration/job_control/test_background_jobs.py::TestJobControlErrorHandling::test_invalid_job_reference PASSED [ 26%]
tests_new/integration/job_control/test_background_jobs.py::TestJobControlErrorHandling::test_job_control_with_errexit PASSED [ 26%]
tests_new/integration/job_control/test_background_jobs.py::TestJobControlErrorHandling::test_background_job_with_redirection_error XFAIL [ 26%]
tests_new/integration/job_control/test_background_jobs.py::TestJobControlSignalIntegration::test_background_job_signal_isolation PASSED [ 26%]
tests_new/integration/job_control/test_background_jobs.py::TestJobControlSignalIntegration::test_signal_delivery_to_job_group PASSED [ 26%]
tests_new/integration/job_control/test_signal_handling.py::TestTrapCommand::test_trap_command_basic PASSED [ 26%]
tests_new/integration/job_control/test_signal_handling.py::TestTrapCommand::test_trap_signal_names PASSED [ 26%]
tests_new/integration/job_control/test_signal_handling.py::TestTrapCommand::test_trap_multiple_signals PASSED [ 26%]
tests_new/integration/job_control/test_signal_handling.py::TestTrapCommand::test_trap_exit_signal PASSED [ 27%]
tests_new/integration/job_control/test_signal_handling.py::TestTrapCommand::test_trap_reset PASSED [ 27%]
tests_new/integration/job_control/test_signal_handling.py::TestTrapCommand::test_trap_ignore PASSED [ 27%]
tests_new/integration/job_control/test_signal_handling.py::TestSignalDelivery::test_signal_to_shell_process PASSED [ 27%]
tests_new/integration/job_control/test_signal_handling.py::TestSignalDelivery::test_signal_propagation_in_pipeline PASSED [ 27%]
tests_new/integration/job_control/test_signal_handling.py::TestSignalDelivery::test_trap_execution_context PASSED [ 27%]
tests_new/integration/job_control/test_signal_handling.py::TestSignalDelivery::test_trap_with_shell_functions PASSED [ 27%]
tests_new/integration/job_control/test_signal_handling.py::TestSignalHandlingInSubshells::test_trap_inheritance_in_subshells PASSED [ 27%]
tests_new/integration/job_control/test_signal_handling.py::TestSignalHandlingInSubshells::test_trap_modification_in_subshells PASSED [ 27%]
tests_new/integration/job_control/test_signal_handling.py::TestSignalHandlingInSubshells::test_signal_delivery_to_subshell_group PASSED [ 27%]
tests_new/integration/job_control/test_signal_handling.py::TestSignalErrorHandling::test_trap_invalid_signal PASSED [ 27%]
tests_new/integration/job_control/test_signal_handling.py::TestSignalErrorHandling::test_trap_reserved_signals PASSED [ 27%]
tests_new/integration/job_control/test_signal_handling.py::TestSignalErrorHandling::test_trap_syntax_errors PASSED [ 27%]
tests_new/integration/job_control/test_signal_handling.py::TestSignalShellOptionInteraction::test_trap_with_errexit PASSED [ 27%]
tests_new/integration/job_control/test_signal_handling.py::TestSignalShellOptionInteraction::test_trap_with_xtrace PASSED [ 27%]
tests_new/integration/job_control/test_signal_handling.py::TestSignalShellOptionInteraction::test_signal_during_pipefail PASSED [ 27%]
tests_new/integration/job_control/test_signal_handling.py::TestComplexSignalScenarios::test_nested_trap_execution PASSED [ 27%]
tests_new/integration/job_control/test_signal_handling.py::TestComplexSignalScenarios::test_trap_during_command_execution PASSED [ 27%]
tests_new/integration/job_control/test_signal_handling.py::TestComplexSignalScenarios::test_signal_masking_during_execution PASSED [ 27%]
tests_new/integration/job_control/test_signal_handling.py::TestComplexSignalScenarios::test_trap_cleanup_on_exit PASSED [ 27%]
tests_new/integration/job_control/test_signal_handling.py::TestJobControlSignalIntegration::test_signal_to_background_job PASSED [ 28%]
tests_new/integration/job_control/test_signal_handling.py::TestJobControlSignalIntegration::test_signal_to_process_group PASSED [ 28%]
tests_new/integration/job_control/test_signal_handling.py::TestJobControlSignalIntegration::test_trap_with_background_jobs PASSED [ 28%]
tests_new/integration/multiline/test_multiline_execution.py::TestMultilineControlStructures::test_multiline_if_statement PASSED [ 28%]
tests_new/integration/multiline/test_multiline_execution.py::TestMultilineControlStructures::test_multiline_if_else_statement PASSED [ 28%]
tests_new/integration/multiline/test_multiline_execution.py::TestMultilineControlStructures::test_multiline_elif_chain PASSED [ 28%]
tests_new/integration/multiline/test_multiline_execution.py::TestMultilineControlStructures::test_multiline_while_loop PASSED [ 28%]
tests_new/integration/multiline/test_multiline_execution.py::TestMultilineControlStructures::test_multiline_for_loop PASSED [ 28%]
tests_new/integration/multiline/test_multiline_execution.py::TestMultilineControlStructures::test_multiline_case_statement PASSED [ 28%]
tests_new/integration/multiline/test_multiline_execution.py::TestMultilineFunctionDefinitions::test_simple_multiline_function PASSED [ 28%]
tests_new/integration/multiline/test_multiline_execution.py::TestMultilineFunctionDefinitions::test_function_with_control_structures PASSED [ 28%]
tests_new/integration/multiline/test_multiline_execution.py::TestMultilineFunctionDefinitions::test_function_with_local_variables PASSED [ 28%]
tests_new/integration/multiline/test_multiline_execution.py::TestMultilineFunctionDefinitions::test_recursive_function PASSED [ 28%]
tests_new/integration/multiline/test_multiline_execution.py::TestNestedMultilineStructures::test_nested_if_statements PASSED [ 28%]
tests_new/integration/multiline/test_multiline_execution.py::TestNestedMultilineStructures::test_if_in_for_loop PASSED [ 28%]
tests_new/integration/multiline/test_multiline_execution.py::TestNestedMultilineStructures::test_nested_loops PASSED [ 28%]
tests_new/integration/multiline/test_multiline_execution.py::TestNestedMultilineStructures::test_function_with_nested_structures PASSED [ 28%]
tests_new/integration/multiline/test_multiline_execution.py::TestMultilineErrorHandling::test_incomplete_if_statement_handling PASSED [ 28%]
tests_new/integration/multiline/test_multiline_execution.py::TestMultilineErrorHandling::test_syntax_error_in_multiline PASSED [ 28%]
tests_new/integration/multiline/test_multiline_execution.py::TestMultilineErrorHandling::test_command_failure_in_multiline_structure PASSED [ 29%]
tests_new/integration/multiline/test_multiline_execution.py::TestMultilineWithRedirection::test_multiline_with_output_redirection XFAIL [ 29%]
tests_new/integration/multiline/test_multiline_execution.py::TestMultilineWithRedirection::test_multiline_with_pipe XFAIL [ 29%]
tests_new/integration/parameter_expansion/test_parameter_expansion_comprehensive.py::TestStringLength::test_simple_length PASSED [ 29%]
tests_new/integration/parameter_expansion/test_parameter_expansion_comprehensive.py::TestStringLength::test_empty_variable_length PASSED [ 29%]
tests_new/integration/parameter_expansion/test_parameter_expansion_comprehensive.py::TestStringLength::test_undefined_variable_length PASSED [ 29%]
tests_new/integration/parameter_expansion/test_parameter_expansion_comprehensive.py::TestStringLength::test_special_variables_length PASSED [ 29%]
tests_new/integration/parameter_expansion/test_parameter_expansion_comprehensive.py::TestStringLength::test_positional_params_length PASSED [ 29%]
tests_new/integration/parameter_expansion/test_parameter_expansion_comprehensive.py::TestStringLength::test_unicode_length PASSED [ 29%]
tests_new/integration/parameter_expansion/test_parameter_expansion_comprehensive.py::TestStringLength::test_length_with_spaces PASSED [ 29%]
tests_new/integration/parameter_expansion/test_parameter_expansion_comprehensive.py::TestPatternRemoval::test_shortest_prefix_removal PASSED [ 29%]
tests_new/integration/parameter_expansion/test_parameter_expansion_comprehensive.py::TestPatternRemoval::test_longest_prefix_removal PASSED [ 29%]
tests_new/integration/parameter_expansion/test_parameter_expansion_comprehensive.py::TestPatternRemoval::test_shortest_suffix_removal PASSED [ 29%]
tests_new/integration/parameter_expansion/test_parameter_expansion_comprehensive.py::TestPatternRemoval::test_longest_suffix_removal PASSED [ 29%]
tests_new/integration/parameter_expansion/test_parameter_expansion_comprehensive.py::TestPatternRemoval::test_no_match_returns_original PASSED [ 29%]
tests_new/integration/parameter_expansion/test_parameter_expansion_comprehensive.py::TestPatternRemoval::test_glob_patterns PASSED [ 29%]
tests_new/integration/parameter_expansion/test_parameter_expansion_comprehensive.py::TestPatternRemoval::test_character_class_patterns XFAIL [ 29%]
tests_new/integration/parameter_expansion/test_parameter_expansion_comprehensive.py::TestPatternSubstitution::test_first_match_replacement PASSED [ 29%]
tests_new/integration/parameter_expansion/test_parameter_expansion_comprehensive.py::TestPatternSubstitution::test_all_matches_replacement PASSED [ 29%]
tests_new/integration/parameter_expansion/test_parameter_expansion_comprehensive.py::TestPatternSubstitution::test_prefix_replacement PASSED [ 30%]
tests_new/integration/parameter_expansion/test_parameter_expansion_comprehensive.py::TestPatternSubstitution::test_suffix_replacement PASSED [ 30%]
tests_new/integration/parameter_expansion/test_parameter_expansion_comprehensive.py::TestPatternSubstitution::test_empty_replacement PASSED [ 30%]
tests_new/integration/parameter_expansion/test_parameter_expansion_comprehensive.py::TestPatternSubstitution::test_special_chars_in_replacement PASSED [ 30%]
tests_new/integration/parameter_expansion/test_parameter_expansion_comprehensive.py::TestSubstringExtraction::test_positive_offset PASSED [ 30%]
tests_new/integration/parameter_expansion/test_parameter_expansion_comprehensive.py::TestSubstringExtraction::test_negative_offset PASSED [ 30%]
tests_new/integration/parameter_expansion/test_parameter_expansion_comprehensive.py::TestSubstringExtraction::test_offset_with_length PASSED [ 30%]
tests_new/integration/parameter_expansion/test_parameter_expansion_comprehensive.py::TestSubstringExtraction::test_negative_length PASSED [ 30%]
tests_new/integration/parameter_expansion/test_parameter_expansion_comprehensive.py::TestSubstringExtraction::test_out_of_bounds_handling PASSED [ 30%]
tests_new/integration/parameter_expansion/test_parameter_expansion_comprehensive.py::TestVariableNameMatching::test_prefix_matching PASSED [ 30%]
tests_new/integration/parameter_expansion/test_parameter_expansion_comprehensive.py::TestVariableNameMatching::test_quoted_output PASSED [ 30%]
tests_new/integration/parameter_expansion/test_parameter_expansion_comprehensive.py::TestCaseModification::test_first_char_upper PASSED [ 30%]
tests_new/integration/parameter_expansion/test_parameter_expansion_comprehensive.py::TestCaseModification::test_all_chars_upper PASSED [ 30%]
tests_new/integration/parameter_expansion/test_parameter_expansion_comprehensive.py::TestCaseModification::test_first_char_lower PASSED [ 30%]
tests_new/integration/parameter_expansion/test_parameter_expansion_comprehensive.py::TestCaseModification::test_all_chars_lower PASSED [ 30%]
tests_new/integration/parameter_expansion/test_parameter_expansion_comprehensive.py::TestCaseModification::test_pattern_based_modification PASSED [ 30%]
tests_new/integration/parameter_expansion/test_parameter_expansion_comprehensive.py::TestCaseModification::test_empty_string PASSED [ 30%]
tests_new/integration/parameter_expansion/test_parameter_expansion_comprehensive.py::TestCaseModification::test_unicode_handling PASSED [ 30%]
tests_new/integration/parameter_expansion/test_parameter_expansion_comprehensive.py::TestErrorHandling::test_invalid_offset PASSED [ 30%]
tests_new/integration/parameter_expansion/test_parameter_expansion_comprehensive.py::TestErrorHandling::test_missing_pattern PASSED [ 31%]
tests_new/integration/parameter_expansion/test_parameter_expansion_comprehensive.py::TestErrorHandling::test_invalid_length PASSED [ 31%]
tests_new/integration/parameter_expansion/test_parameter_expansion_comprehensive.py::TestAdvancedCombinations::test_nested_expansions PASSED [ 31%]
tests_new/integration/parameter_expansion/test_parameter_expansion_comprehensive.py::TestAdvancedCombinations::test_chained_operations PASSED [ 31%]
tests_new/integration/parameter_expansion/test_parameter_expansion_comprehensive.py::TestAdvancedCombinations::test_expansion_in_conditionals PASSED [ 31%]
tests_new/integration/parameter_expansion/test_parameter_expansion_comprehensive.py::TestAdvancedCombinations::test_expansion_in_loops PASSED [ 31%]
tests_new/integration/parameter_expansion/test_parameter_expansion_comprehensive.py::TestAdvancedCombinations::test_array_with_expansion PASSED [ 31%]
tests_new/integration/parameter_expansion/test_parameter_expansion_comprehensive.py::TestAdvancedCombinations::test_complex_pattern_matching PASSED [ 31%]
tests_new/integration/parameter_expansion/test_parameter_expansion_comprehensive.py::TestAdvancedCombinations::test_length_with_expansion PASSED [ 31%]
tests_new/integration/parameter_expansion/test_parameter_expansion_comprehensive.py::TestPerformanceAndEdgeCases::test_large_string_operations PASSED [ 31%]
tests_new/integration/parameter_expansion/test_parameter_expansion_comprehensive.py::TestPerformanceAndEdgeCases::test_empty_variable_operations PASSED [ 31%]
tests_new/integration/parameter_expansion/test_parameter_expansion_comprehensive.py::TestPerformanceAndEdgeCases::test_special_characters_handling PASSED [ 31%]
tests_new/integration/parser/test_composite_token_handling.py::TestCompositeTokenParsing::test_simple_quoted_composite PASSED [ 31%]
tests_new/integration/parser/test_composite_token_handling.py::TestCompositeTokenParsing::test_multiple_adjacent_strings PASSED [ 31%]
tests_new/integration/parser/test_composite_token_handling.py::TestCompositeTokenParsing::test_mixed_quote_types PASSED [ 31%]
tests_new/integration/parser/test_composite_token_handling.py::TestCompositeTokenParsing::test_composite_with_spaces PASSED [ 31%]
tests_new/integration/parser/test_composite_token_handling.py::TestCompositeTokensInComplexStructures::test_multiple_composite_arguments PASSED [ 31%]
tests_new/integration/parser/test_composite_token_handling.py::TestCompositeTokensInComplexStructures::test_composite_in_pipeline PASSED [ 31%]
tests_new/integration/parser/test_composite_token_handling.py::TestCompositeTokensInComplexStructures::test_composite_in_redirection PASSED [ 31%]
tests_new/integration/parser/test_composite_token_handling.py::TestCompositeTokensInComplexStructures::test_composite_with_variables PASSED [ 32%]
tests_new/integration/parser/test_composite_token_handling.py::TestCompositeTokensInComplexStructures::test_composite_in_subshell PASSED [ 32%]
tests_new/integration/parser/test_composite_token_handling.py::TestCompositeEdgeCases::test_empty_quotes_composite PASSED [ 32%]
tests_new/integration/parser/test_composite_token_handling.py::TestCompositeEdgeCases::test_escaped_quotes_in_composite PASSED [ 32%]
tests_new/integration/parser/test_composite_token_handling.py::TestCompositeEdgeCases::test_numeric_composite PASSED [ 32%]
tests_new/integration/parser/test_composite_token_handling.py::TestCompositeEdgeCases::test_special_chars_composite PASSED [ 32%]
tests_new/integration/parser/test_composite_token_handling.py::TestCompositeEdgeCases::test_long_composite_chain PASSED [ 32%]
tests_new/integration/parsing/test_error_recovery.py::TestSyntaxErrorHandling::test_unclosed_quote_error PASSED [ 32%]
tests_new/integration/parsing/test_error_recovery.py::TestSyntaxErrorHandling::test_unclosed_parentheses_error XFAIL [ 32%]
tests_new/integration/parsing/test_error_recovery.py::TestSyntaxErrorHandling::test_invalid_redirection_syntax PASSED [ 32%]
tests_new/integration/parsing/test_error_recovery.py::TestSyntaxErrorHandling::test_invalid_pipe_syntax PASSED [ 32%]
tests_new/integration/parsing/test_error_recovery.py::TestSyntaxErrorHandling::test_incomplete_command_substitution XFAIL [ 32%]
tests_new/integration/parsing/test_error_recovery.py::TestSyntaxErrorHandling::test_invalid_variable_syntax XFAIL [ 32%]
tests_new/integration/parsing/test_error_recovery.py::TestSyntaxErrorHandling::test_malformed_function_definition PASSED [ 32%]
tests_new/integration/parsing/test_error_recovery.py::TestSyntaxErrorHandling::test_invalid_arithmetic_expression XFAIL [ 32%]
tests_new/integration/parsing/test_error_recovery.py::TestCommandErrorHandling::test_command_not_found_error PASSED [ 32%]
tests_new/integration/parsing/test_error_recovery.py::TestCommandErrorHandling::test_permission_denied_error PASSED [ 32%]
tests_new/integration/parsing/test_error_recovery.py::TestCommandErrorHandling::test_directory_as_command_error PASSED [ 32%]
tests_new/integration/parsing/test_error_recovery.py::TestCommandErrorHandling::test_file_not_found_redirection PASSED [ 32%]
tests_new/integration/parsing/test_error_recovery.py::TestCommandErrorHandling::test_permission_denied_redirection PASSED [ 33%]
tests_new/integration/parsing/test_error_recovery.py::TestCommandErrorHandling::test_invalid_file_descriptor PASSED [ 33%]
tests_new/integration/parsing/test_error_recovery.py::TestErrorRecovery::test_syntax_error_recovery XFAIL [ 33%]
tests_new/integration/parsing/test_error_recovery.py::TestErrorRecovery::test_command_not_found_recovery PASSED [ 33%]
tests_new/integration/parsing/test_error_recovery.py::TestErrorRecovery::test_failed_redirection_recovery PASSED [ 33%]
tests_new/integration/parsing/test_error_recovery.py::TestErrorRecovery::test_failed_command_substitution_recovery PASSED [ 33%]
tests_new/integration/parsing/test_error_recovery.py::TestErrorRecovery::test_arithmetic_error_recovery PASSED [ 33%]
tests_new/integration/parsing/test_error_recovery.py::TestErrorPropagation::test_error_in_pipeline_first_command PASSED [ 33%]
tests_new/integration/parsing/test_error_recovery.py::TestErrorPropagation::test_error_in_pipeline_middle_command PASSED [ 33%]
tests_new/integration/parsing/test_error_recovery.py::TestErrorPropagation::test_error_in_pipeline_last_command PASSED [ 33%]
tests_new/integration/parsing/test_error_recovery.py::TestErrorPropagation::test_error_in_subshell PASSED [ 33%]
tests_new/integration/parsing/test_error_recovery.py::TestErrorPropagation::test_error_in_function PASSED [ 33%]
tests_new/integration/parsing/test_error_recovery.py::TestErrorPropagation::test_error_with_errexit_option PASSED [ 33%]
tests_new/integration/parsing/test_error_recovery.py::TestResourceErrorHandling::test_memory_exhaustion_handling PASSED [ 33%]
tests_new/integration/parsing/test_error_recovery.py::TestResourceErrorHandling::test_too_many_arguments_handling PASSED [ 33%]
tests_new/integration/parsing/test_error_recovery.py::TestResourceErrorHandling::test_deep_recursion_handling PASSED [ 33%]
tests_new/integration/parsing/test_error_recovery.py::TestResourceErrorHandling::test_file_descriptor_exhaustion_handling PASSED [ 33%]
tests_new/integration/parsing/test_error_recovery.py::TestErrorMessageQuality::test_syntax_error_message_clarity PASSED [ 33%]
tests_new/integration/parsing/test_error_recovery.py::TestErrorMessageQuality::test_command_not_found_message_clarity PASSED [ 33%]
tests_new/integration/parsing/test_error_recovery.py::TestErrorMessageQuality::test_redirection_error_message_clarity PASSED [ 34%]
tests_new/integration/parsing/test_error_recovery.py::TestErrorMessageQuality::test_permission_error_message_clarity PASSED [ 34%]
tests_new/integration/parsing/test_error_recovery.py::TestInteractiveErrorHandling::test_non_interactive_error_behavior PASSED [ 34%]
tests_new/integration/parsing/test_error_recovery.py::TestInteractiveErrorHandling::test_syntax_error_exit_behavior PASSED [ 34%]
tests_new/integration/parsing/test_error_recovery.py::TestInteractiveErrorHandling::test_error_in_script_vs_command_line PASSED [ 34%]
tests_new/integration/parsing/test_quoting_escaping.py::TestSingleQuotes::test_single_quote_literal PASSED [ 34%]
tests_new/integration/parsing/test_quoting_escaping.py::TestSingleQuotes::test_single_quote_preserves_spaces PASSED [ 34%]
tests_new/integration/parsing/test_quoting_escaping.py::TestSingleQuotes::test_single_quote_preserves_special_chars PASSED [ 34%]
tests_new/integration/parsing/test_quoting_escaping.py::TestSingleQuotes::test_single_quote_no_variable_expansion PASSED [ 34%]
tests_new/integration/parsing/test_quoting_escaping.py::TestSingleQuotes::test_single_quote_no_command_substitution PASSED [ 34%]
tests_new/integration/parsing/test_quoting_escaping.py::TestSingleQuotes::test_single_quote_with_backslash PASSED [ 34%]
tests_new/integration/parsing/test_quoting_escaping.py::TestSingleQuotes::test_empty_single_quotes PASSED [ 34%]
tests_new/integration/parsing/test_quoting_escaping.py::TestDoubleQuotes::test_double_quote_basic PASSED [ 34%]
tests_new/integration/parsing/test_quoting_escaping.py::TestDoubleQuotes::test_double_quote_preserves_spaces PASSED [ 34%]
tests_new/integration/parsing/test_quoting_escaping.py::TestDoubleQuotes::test_double_quote_variable_expansion PASSED [ 34%]
tests_new/integration/parsing/test_quoting_escaping.py::TestDoubleQuotes::test_double_quote_command_substitution PASSED [ 34%]
tests_new/integration/parsing/test_quoting_escaping.py::TestDoubleQuotes::test_double_quote_arithmetic_expansion PASSED [ 34%]
tests_new/integration/parsing/test_quoting_escaping.py::TestDoubleQuotes::test_double_quote_escape_sequences PASSED [ 34%]
tests_new/integration/parsing/test_quoting_escaping.py::TestDoubleQuotes::test_double_quote_preserve_some_special_chars PASSED [ 34%]
tests_new/integration/parsing/test_quoting_escaping.py::TestDoubleQuotes::test_empty_double_quotes PASSED [ 35%]
tests_new/integration/parsing/test_quoting_escaping.py::TestQuoteNesting::test_single_quote_inside_double_quotes PASSED [ 35%]
tests_new/integration/parsing/test_quoting_escaping.py::TestQuoteNesting::test_double_quote_inside_single_quotes PASSED [ 35%]
tests_new/integration/parsing/test_quoting_escaping.py::TestQuoteNesting::test_alternating_quotes PASSED [ 35%]
tests_new/integration/parsing/test_quoting_escaping.py::TestQuoteNesting::test_quote_concatenation PASSED [ 35%]
tests_new/integration/parsing/test_quoting_escaping.py::TestQuoteNesting::test_mixed_quoted_unquoted PASSED [ 35%]
tests_new/integration/parsing/test_quoting_escaping.py::TestBackslashEscaping::test_backslash_escape_special_chars PASSED [ 35%]
tests_new/integration/parsing/test_quoting_escaping.py::TestBackslashEscaping::test_backslash_escape_quotes PASSED [ 35%]
tests_new/integration/parsing/test_quoting_escaping.py::TestBackslashEscaping::test_backslash_newline_continuation PASSED [ 35%]
tests_new/integration/parsing/test_quoting_escaping.py::TestBackslashEscaping::test_backslash_in_single_quotes PASSED [ 35%]
tests_new/integration/parsing/test_quoting_escaping.py::TestBackslashEscaping::test_backslash_in_double_quotes PASSED [ 35%]
tests_new/integration/parsing/test_quoting_escaping.py::TestBackslashEscaping::test_literal_backslash PASSED [ 35%]
tests_new/integration/parsing/test_quoting_escaping.py::TestANSICQuoting::test_ansi_c_quoting_basic XFAIL [ 35%]
tests_new/integration/parsing/test_quoting_escaping.py::TestANSICQuoting::test_ansi_c_escape_sequences XFAIL [ 35%]
tests_new/integration/parsing/test_quoting_escaping.py::TestANSICQuoting::test_ansi_c_hex_escapes XFAIL [ 35%]
tests_new/integration/parsing/test_quoting_escaping.py::TestANSICQuoting::test_ansi_c_octal_escapes XFAIL [ 35%]
tests_new/integration/parsing/test_quoting_escaping.py::TestANSICQuoting::test_ansi_c_unicode_escapes XFAIL [ 35%]
tests_new/integration/parsing/test_quoting_escaping.py::TestQuoteRemoval::test_quote_removal_in_assignment PASSED [ 35%]
tests_new/integration/parsing/test_quoting_escaping.py::TestQuoteRemoval::test_quote_removal_with_special_chars PASSED [ 35%]
tests_new/integration/parsing/test_quoting_escaping.py::TestQuoteRemoval::test_partial_quote_removal PASSED [ 36%]
tests_new/integration/parsing/test_quoting_escaping.py::TestQuoteRemoval::test_no_quote_removal_in_quotes PASSED [ 36%]
tests_new/integration/parsing/test_quoting_escaping.py::TestQuoteInteractionWithExpansions::test_quotes_with_glob_patterns PASSED [ 36%]
tests_new/integration/parsing/test_quoting_escaping.py::TestQuoteInteractionWithExpansions::test_quotes_with_brace_expansion PASSED [ 36%]
tests_new/integration/parsing/test_quoting_escaping.py::TestQuoteInteractionWithExpansions::test_quotes_with_tilde_expansion PASSED [ 36%]
tests_new/integration/parsing/test_quoting_escaping.py::TestQuoteInteractionWithExpansions::test_mixed_quoted_expansions XFAIL [ 36%]
tests_new/integration/parsing/test_quoting_escaping.py::TestQuoteInteractionWithExpansions::test_quotes_with_parameter_expansion PASSED [ 36%]
tests_new/integration/parsing/test_quoting_escaping.py::TestQuoteErrorHandling::test_unclosed_single_quote PASSED [ 36%]
tests_new/integration/parsing/test_quoting_escaping.py::TestQuoteErrorHandling::test_unclosed_double_quote PASSED [ 36%]
tests_new/integration/parsing/test_quoting_escaping.py::TestQuoteErrorHandling::test_invalid_escape_sequence PASSED [ 36%]
tests_new/integration/parsing/test_quoting_escaping.py::TestQuoteErrorHandling::test_quote_in_here_document PASSED [ 36%]
tests_new/integration/parsing/test_quoting_escaping.py::TestComplexQuotingScenarios::test_nested_command_substitution_with_quotes PASSED [ 36%]
tests_new/integration/parsing/test_quoting_escaping.py::TestComplexQuotingScenarios::test_quotes_in_function_definition PASSED [ 36%]
tests_new/integration/parsing/test_quoting_escaping.py::TestComplexQuotingScenarios::test_quotes_in_conditional_expressions PASSED [ 36%]
tests_new/integration/parsing/test_quoting_escaping.py::TestComplexQuotingScenarios::test_quotes_with_array_elements PASSED [ 36%]
tests_new/integration/parsing/test_quoting_escaping.py::TestComplexQuotingScenarios::test_quotes_preserve_exit_status PASSED [ 36%]
tests_new/integration/parsing/test_quoting_escaping.py::TestComplexQuotingScenarios::test_very_long_quoted_string PASSED [ 36%]
tests_new/integration/parsing/test_quoting_escaping.py::TestComplexQuotingScenarios::test_unicode_in_quotes PASSED [ 36%]
tests_new/integration/parsing/test_quoting_escaping.py::TestComplexQuotingScenarios::test_quotes_with_multiple_commands PASSED [ 36%]
tests_new/integration/parsing/test_quoting_escaping.py::TestQuoteCompatibility::test_posix_quote_compliance PASSED [ 36%]
tests_new/integration/parsing/test_quoting_escaping.py::TestQuoteCompatibility::test_bash_quote_compatibility PASSED [ 37%]
tests_new/integration/parsing/test_quoting_escaping.py::TestQuoteCompatibility::test_quote_word_splitting_interaction PASSED [ 37%]
tests_new/integration/parsing/test_word_splitting.py::TestBasicWordSplitting::test_default_ifs_space_splitting PASSED [ 37%]
tests_new/integration/parsing/test_word_splitting.py::TestBasicWordSplitting::test_default_ifs_tab_splitting PASSED [ 37%]
tests_new/integration/parsing/test_word_splitting.py::TestBasicWordSplitting::test_default_ifs_newline_splitting PASSED [ 37%]
tests_new/integration/parsing/test_word_splitting.py::TestBasicWordSplitting::test_mixed_whitespace_splitting PASSED [ 37%]
tests_new/integration/parsing/test_word_splitting.py::TestBasicWordSplitting::test_no_splitting_in_quotes PASSED [ 37%]
tests_new/integration/parsing/test_word_splitting.py::TestCustomIFS::test_custom_ifs_comma PASSED [ 37%]
tests_new/integration/parsing/test_word_splitting.py::TestCustomIFS::test_custom_ifs_colon PASSED [ 37%]
tests_new/integration/parsing/test_word_splitting.py::TestCustomIFS::test_custom_ifs_multiple_chars PASSED [ 37%]
tests_new/integration/parsing/test_word_splitting.py::TestCustomIFS::test_ifs_with_special_characters PASSED [ 37%]
tests_new/integration/parsing/test_word_splitting.py::TestCustomIFS::test_empty_ifs PASSED [ 37%]
tests_new/integration/parsing/test_word_splitting.py::TestCustomIFS::test_ifs_reset_to_default PASSED [ 37%]
tests_new/integration/parsing/test_word_splitting.py::TestEmptyAndNullFields::test_empty_fields_with_custom_ifs PASSED [ 37%]
tests_new/integration/parsing/test_word_splitting.py::TestEmptyAndNullFields::test_leading_trailing_separators PASSED [ 37%]
tests_new/integration/parsing/test_word_splitting.py::TestEmptyAndNullFields::test_multiple_consecutive_separators PASSED [ 37%]
tests_new/integration/parsing/test_word_splitting.py::TestEmptyAndNullFields::test_only_separators PASSED [ 37%]
tests_new/integration/parsing/test_word_splitting.py::TestEmptyAndNullFields::test_null_variable_splitting PASSED [ 37%]
tests_new/integration/parsing/test_word_splitting.py::TestWordSplittingContexts::test_splitting_in_assignment PASSED [ 37%]
tests_new/integration/parsing/test_word_splitting.py::TestWordSplittingContexts::test_splitting_in_command_arguments PASSED [ 38%]
tests_new/integration/parsing/test_word_splitting.py::TestWordSplittingContexts::test_splitting_in_array_assignment PASSED [ 38%]
tests_new/integration/parsing/test_word_splitting.py::TestWordSplittingContexts::test_splitting_in_case_patterns PASSED [ 38%]
tests_new/integration/parsing/test_word_splitting.py::TestWordSplittingContexts::test_splitting_in_for_loop PASSED [ 38%]
tests_new/integration/parsing/test_word_splitting.py::TestWordSplittingWithExpansions::test_splitting_with_command_substitution PASSED [ 38%]
tests_new/integration/parsing/test_word_splitting.py::TestWordSplittingWithExpansions::test_splitting_with_parameter_expansion PASSED [ 38%]
tests_new/integration/parsing/test_word_splitting.py::TestWordSplittingWithExpansions::test_splitting_with_arithmetic_expansion PASSED [ 38%]
tests_new/integration/parsing/test_word_splitting.py::TestWordSplittingWithExpansions::test_splitting_with_glob_expansion PASSED [ 38%]
tests_new/integration/parsing/test_word_splitting.py::TestWordSplittingEdgeCases::test_ifs_with_backslash PASSED [ 38%]
tests_new/integration/parsing/test_word_splitting.py::TestWordSplittingEdgeCases::test_ifs_with_quote_characters PASSED [ 38%]
tests_new/integration/parsing/test_word_splitting.py::TestWordSplittingEdgeCases::test_very_long_fields PASSED [ 38%]
tests_new/integration/parsing/test_word_splitting.py::TestWordSplittingEdgeCases::test_unicode_in_ifs PASSED [ 38%]
tests_new/integration/parsing/test_word_splitting.py::TestWordSplittingEdgeCases::test_ifs_inheritance_in_subshells PASSED [ 38%]
tests_new/integration/parsing/test_word_splitting.py::TestWordSplittingCompatibility::test_posix_compliance_basic XFAIL [ 38%]
tests_new/integration/parsing/test_word_splitting.py::TestWordSplittingCompatibility::test_bash_compatibility_ifs PASSED [ 38%]
tests_new/integration/parsing/test_word_splitting.py::TestWordSplittingCompatibility::test_field_splitting_with_read_builtin XFAIL [ 38%]
tests_new/integration/pipeline/test_pipeline_execution.py::test_pipeline_exit_status_success PASSED [ 38%]
tests_new/integration/pipeline/test_pipeline_execution.py::test_pipeline_exit_status_failure PASSED [ 38%]
tests_new/integration/pipeline/test_pipeline_execution.py::test_pipeline_empty_input_success PASSED [ 38%]
tests_new/integration/pipeline/test_pipeline_execution.py::test_pipeline_background_job PASSED [ 39%]
tests_new/integration/pipeline/test_pipeline_execution.py::test_pipeline_with_variable_assignment PASSED [ 39%]
tests_new/integration/pipeline/test_pipeline_execution.py::test_pipeline_with_command_substitution_simple PASSED [ 39%]
tests_new/integration/pipeline/test_pipeline_execution.py::test_complex_pipeline_exit_status PASSED [ 39%]
tests_new/integration/pipeline/test_pipeline_execution.py::test_pipeline_with_builtin_echo PASSED [ 39%]
tests_new/integration/pipeline/test_pipeline_execution.py::test_pipeline_variable_expansion PASSED [ 39%]
tests_new/integration/pipeline/test_pipeline_execution.py::test_pipeline_with_conditional PASSED [ 39%]
tests_new/integration/pipeline/test_pipeline_execution.py::test_pipeline_syntax_error PASSED [ 39%]
tests_new/integration/pipeline/test_pipeline_execution.py::test_pipeline_with_function_definition PASSED [ 39%]
tests_new/integration/pipeline/test_pipeline_execution.py::test_pipeline_error_in_middle XFAIL [ 39%]
tests_new/integration/pipeline/test_pipeline_execution.py::test_pipeline_sigpipe_handling PASSED [ 39%]
tests_new/integration/pipeline/test_pipeline_execution.py::test_multiple_pipelines_sequential PASSED [ 39%]
tests_new/integration/pipeline/test_pipeline_execution.py::test_pipeline_with_semicolon_separation PASSED [ 39%]
tests_new/integration/pipeline/test_pipeline_execution.py::test_pipeline_in_subshell PASSED [ 39%]
tests_new/integration/pipeline/test_pipeline_execution.py::test_pipeline_with_logical_operators PASSED [ 39%]
tests_new/integration/pipeline/test_pipeline_execution.py::test_pipeline_basic_functionality PASSED [ 39%]
tests_new/integration/pipeline/test_pipeline_execution.py::test_pipeline_with_here_document PASSED [ 39%]
tests_new/integration/redirection/test_advanced_redirection.py::TestFileDescriptorDuplication::test_stdout_duplication_simple PASSED [ 39%]
tests_new/integration/redirection/test_advanced_redirection.py::TestFileDescriptorDuplication::test_stderr_to_stdout_duplication SKIPPED [ 39%]
tests_new/integration/redirection/test_advanced_redirection.py::TestFileDescriptorDuplication::test_stderr_redirection_basic PASSED [ 40%]
tests_new/integration/redirection/test_advanced_redirection.py::TestFileDescriptorDuplication::test_stdin_redirection_basic PASSED [ 40%]
tests_new/integration/redirection/test_advanced_redirection.py::TestFileDescriptorDuplication::test_multiple_redirection_operators PASSED [ 40%]
tests_new/integration/redirection/test_advanced_redirection.py::TestFileDescriptorDuplication::test_null_device_redirection PASSED [ 40%]
tests_new/integration/redirection/test_advanced_redirection.py::TestFileDescriptorDuplication::test_stderr_to_stdout_redirection SKIPPED [ 40%]
tests_new/integration/redirection/test_advanced_redirection.py::TestProcessSubstitution::test_input_process_substitution XFAIL [ 40%]
tests_new/integration/redirection/test_advanced_redirection.py::TestProcessSubstitution::test_output_process_substitution PASSED [ 40%]
tests_new/integration/redirection/test_advanced_redirection.py::TestProcessSubstitution::test_complex_process_substitution PASSED [ 40%]
tests_new/integration/redirection/test_advanced_redirection.py::TestProcessSubstitution::test_process_substitution_with_pipes XFAIL [ 40%]
tests_new/integration/redirection/test_advanced_redirection.py::TestNamedPipeIntegration::test_named_pipe_basic SKIPPED [ 40%]
tests_new/integration/redirection/test_advanced_redirection.py::TestNamedPipeIntegration::test_named_pipe_with_timeout SKIPPED [ 40%]
tests_new/integration/redirection/test_advanced_redirection.py::TestNamedPipeIntegration::test_bidirectional_named_pipe SKIPPED [ 40%]
tests_new/integration/redirection/test_advanced_redirection.py::TestComplexRedirectionCombinations::test_multiple_redirections_same_command SKIPPED [ 40%]
tests_new/integration/redirection/test_advanced_redirection.py::TestComplexRedirectionCombinations::test_redirection_with_background_jobs SKIPPED [ 40%]
tests_new/integration/redirection/test_advanced_redirection.py::TestComplexRedirectionCombinations::test_redirection_in_subshells SKIPPED [ 40%]
tests_new/integration/redirection/test_advanced_redirection.py::TestComplexRedirectionCombinations::test_redirection_with_function_calls SKIPPED [ 40%]
tests_new/integration/redirection/test_advanced_redirection.py::TestRedirectionErrorHandling::test_redirection_to_readonly_file PASSED [ 40%]
tests_new/integration/redirection/test_advanced_redirection.py::TestRedirectionErrorHandling::test_redirection_to_nonexistent_directory PASSED [ 40%]
tests_new/integration/redirection/test_advanced_redirection.py::TestRedirectionErrorHandling::test_redirection_from_nonexistent_file PASSED [ 40%]
tests_new/integration/redirection/test_advanced_redirection.py::TestRedirectionErrorHandling::test_invalid_file_descriptor XFAIL [ 41%]
tests_new/integration/redirection/test_advanced_redirection.py::TestRedirectionErrorHandling::test_redirection_with_errexit XFAIL [ 41%]
tests_new/integration/redirection/test_advanced_redirection.py::TestHeredocAdvanced::test_heredoc_with_variable_expansion PASSED [ 41%]
tests_new/integration/redirection/test_advanced_redirection.py::TestHeredocAdvanced::test_heredoc_with_quoted_delimiter PASSED [ 41%]
tests_new/integration/redirection/test_advanced_redirection.py::TestHeredocAdvanced::test_heredoc_indented PASSED [ 41%]
tests_new/integration/redirection/test_advanced_redirection.py::TestHeredocAdvanced::test_multiple_heredocs PASSED [ 41%]
tests_new/integration/redirection/test_advanced_redirection.py::TestHeredocAdvanced::test_heredoc_in_function PASSED [ 41%]
tests_new/integration/redirection/test_advanced_redirection.py::TestHereString::test_here_string_basic PASSED [ 41%]
tests_new/integration/redirection/test_advanced_redirection.py::TestHereString::test_here_string_with_variables PASSED [ 41%]
tests_new/integration/redirection/test_advanced_redirection.py::TestHereString::test_here_string_complex PASSED [ 41%]
tests_new/integration/redirection/test_heredoc.py::test_tokenize_heredoc PASSED [ 41%]
tests_new/integration/redirection/test_heredoc.py::test_tokenize_heredoc_strip PASSED [ 41%]
tests_new/integration/redirection/test_heredoc.py::test_parse_heredoc PASSED [ 41%]
tests_new/integration/redirection/test_heredoc.py::test_tokenize_here_string PASSED [ 41%]
tests_new/integration/redirection/test_heredoc.py::test_parse_here_string PASSED [ 41%]
tests_new/integration/redirection/test_heredoc.py::test_here_string_literal PASSED [ 41%]
tests_new/integration/redirection/test_heredoc.py::test_here_string_with_builtin PASSED [ 41%]
tests_new/integration/redirection/test_heredoc.py::test_here_string_with_quotes PASSED [ 41%]
tests_new/integration/redirection/test_heredoc.py::test_here_string_empty PASSED [ 41%]
tests_new/integration/redirection/test_heredoc.py::test_here_string_in_pipeline PASSED [ 42%]
tests_new/integration/redirection/test_heredoc.py::test_here_string_with_variable PASSED [ 42%]
tests_new/integration/redirection/test_heredoc.py::test_heredoc_with_builtin SKIPPED [ 42%]
tests_new/integration/redirection/test_heredoc.py::test_heredoc_strip_tabs SKIPPED [ 42%]
tests_new/integration/redirection/test_heredoc.py::test_heredoc_empty SKIPPED [ 42%]
tests_new/integration/redirection/test_heredoc.py::test_heredoc_with_variable_expansion SKIPPED [ 42%]
tests_new/integration/redirection/test_heredoc.py::test_heredoc_with_external_command SKIPPED [ 42%]
tests_new/integration/redirection/test_heredoc.py::test_heredoc_with_output_redirect SKIPPED [ 42%]
tests_new/integration/redirection/test_heredoc.py::test_heredoc_in_pipeline SKIPPED [ 42%]
tests_new/integration/redirection/test_heredoc.py::test_heredoc_syntax_variants PASSED [ 42%]
tests_new/integration/redirection/test_heredoc.py::test_here_string_syntax_variants PASSED [ 42%]
tests_new/integration/redirection/test_simple_redirection.py::test_output_redirection_to_file PASSED [ 42%]
tests_new/integration/redirection/test_simple_redirection.py::test_output_redirection_append PASSED [ 42%]
tests_new/integration/redirection/test_simple_redirection.py::test_input_redirection_from_file PASSED [ 42%]
tests_new/integration/redirection/test_simple_redirection.py::test_here_document_basic PASSED [ 42%]
tests_new/integration/redirection/test_simple_redirection.py::test_here_document_with_variables PASSED [ 42%]
tests_new/integration/redirection/test_simple_redirection.py::test_here_document_quoted_delimiter PASSED [ 42%]
tests_new/integration/redirection/test_simple_redirection.py::test_redirection_with_variables PASSED [ 42%]
tests_new/integration/redirection/test_simple_redirection.py::test_redirection_overwrite_protection PASSED [ 42%]
tests_new/integration/redirection/test_simple_redirection.py::test_redirection_with_pipeline PASSED [ 43%]
tests_new/integration/redirection/test_simple_redirection.py::test_redirection_error_handling PASSED [ 43%]
tests_new/integration/redirection/test_simple_redirection.py::test_redirection_with_background_job PASSED [ 43%]
tests_new/integration/shell_options/test_shell_options_comprehensive.py::TestBasicOptionParsing::test_set_option_parsing PASSED [ 43%]
tests_new/integration/shell_options/test_shell_options_comprehensive.py::TestBasicOptionParsing::test_combined_options PASSED [ 43%]
tests_new/integration/shell_options/test_shell_options_comprehensive.py::TestBasicOptionParsing::test_set_o_format PASSED [ 43%]
tests_new/integration/shell_options/test_shell_options_comprehensive.py::TestBasicOptionParsing::test_pipefail_option PASSED [ 43%]
tests_new/integration/shell_options/test_shell_options_comprehensive.py::TestBasicOptionParsing::test_show_options PASSED [ 43%]
tests_new/integration/shell_options/test_shell_options_comprehensive.py::TestErrexit::test_errexit_basic PASSED [ 43%]
tests_new/integration/shell_options/test_shell_options_comprehensive.py::TestErrexit::test_errexit_in_conditionals PASSED [ 43%]
tests_new/integration/shell_options/test_shell_options_comprehensive.py::TestErrexit::test_errexit_with_and_or PASSED [ 43%]
tests_new/integration/shell_options/test_shell_options_comprehensive.py::TestNounset::test_nounset_basic PASSED [ 43%]
tests_new/integration/shell_options/test_shell_options_comprehensive.py::TestNounset::test_nounset_with_default PASSED [ 43%]
tests_new/integration/shell_options/test_shell_options_comprehensive.py::TestNounset::test_nounset_special_variables PASSED [ 43%]
tests_new/integration/shell_options/test_shell_options_comprehensive.py::TestXtrace::test_xtrace_basic PASSED [ 43%]
tests_new/integration/shell_options/test_shell_options_comprehensive.py::TestXtrace::test_xtrace_with_variables PASSED [ 43%]
tests_new/integration/shell_options/test_shell_options_comprehensive.py::TestXtrace::test_xtrace_ps4 PASSED [ 43%]
tests_new/integration/shell_options/test_shell_options_comprehensive.py::TestPipefail::test_pipefail_basic PASSED [ 43%]
tests_new/integration/shell_options/test_shell_options_comprehensive.py::TestPipefail::test_pipefail_exit_codes PASSED [ 43%]
tests_new/integration/shell_options/test_shell_options_comprehensive.py::TestPipefail::test_pipefail_with_errexit PASSED [ 44%]
tests_new/integration/shell_options/test_shell_options_comprehensive.py::TestOtherOptions::test_noglob_option PASSED [ 44%]
tests_new/integration/shell_options/test_shell_options_comprehensive.py::TestOtherOptions::test_noclobber_option PASSED [ 44%]
tests_new/integration/shell_options/test_shell_options_comprehensive.py::TestOtherOptions::test_notify_option PASSED [ 44%]
tests_new/integration/shell_options/test_shell_options_comprehensive.py::TestOtherOptions::test_allexport_option PASSED [ 44%]
tests_new/integration/shell_options/test_shell_options_comprehensive.py::TestOptionCombinations::test_errexit_nounset_combination PASSED [ 44%]
tests_new/integration/shell_options/test_shell_options_comprehensive.py::TestOptionCombinations::test_xtrace_errexit_combination PASSED [ 44%]
tests_new/integration/shell_options/test_shell_options_comprehensive.py::TestOptionCombinations::test_all_strict_options PASSED [ 44%]
tests_new/integration/shell_options/test_shell_options_comprehensive.py::TestOptionCombinations::test_option_persistence PASSED [ 44%]
tests_new/integration/shell_options/test_shell_options_comprehensive.py::TestOptionCombinations::test_option_inheritance_in_functions PASSED [ 44%]
tests_new/integration/shell_options/test_shell_options_comprehensive.py::TestOptionErrors::test_invalid_option PASSED [ 44%]
tests_new/integration/shell_options/test_shell_options_comprehensive.py::TestOptionErrors::test_malformed_set_command PASSED [ 44%]
tests_new/integration/shell_options/test_shell_options_comprehensive.py::TestOptionErrors::test_option_state_consistency PASSED [ 44%]
tests_new/integration/subshells/test_subshell_basics.py::test_subshell_basic_execution PASSED [ 44%]
tests_new/integration/subshells/test_subshell_basics.py::test_subshell_variable_isolation PASSED [ 44%]
tests_new/integration/subshells/test_subshell_basics.py::test_subshell_with_pipelines PASSED [ 44%]
tests_new/integration/subshells/test_subshell_basics.py::test_subshell_exit_status PASSED [ 44%]
tests_new/integration/subshells/test_subshell_basics.py::test_subshell_with_conditionals PASSED [ 44%]
tests_new/integration/subshells/test_subshell_basics.py::test_subshell_with_loops PASSED [ 44%]
tests_new/integration/subshells/test_subshell_basics.py::test_subshell_with_functions PASSED [ 45%]
tests_new/integration/subshells/test_subshell_basics.py::test_subshell_input_redirection PASSED [ 45%]
tests_new/integration/subshells/test_subshell_basics.py::test_subshell_error_handling PASSED [ 45%]
tests_new/integration/subshells/test_subshell_basics.py::test_nested_subshells XFAIL [ 45%]
tests_new/integration/subshells/test_subshell_basics.py::test_subshell_with_background_jobs PASSED [ 45%]
tests_new/integration/subshells/test_subshell_basics.py::test_subshell_environment_inheritance PASSED [ 45%]
tests_new/integration/subshells/test_subshell_basics.py::test_subshell_current_directory PASSED [ 45%]
tests_new/integration/subshells/test_subshell_basics.py::test_subshell_complex_redirections XFAIL [ 45%]
tests_new/integration/subshells/test_subshell_basics.py::test_subshell_process_substitution XFAIL [ 45%]
tests_new/integration/subshells/test_subshell_implementation.py::TestSubshellExecution::test_simple_command_execution PASSED [ 45%]
tests_new/integration/subshells/test_subshell_implementation.py::TestSubshellExecution::test_multiple_commands_in_subshell PASSED [ 45%]
tests_new/integration/subshells/test_subshell_implementation.py::TestSubshellExecution::test_semicolon_separated_commands PASSED [ 45%]
tests_new/integration/subshells/test_subshell_implementation.py::TestSubshellVariableIsolation::test_variable_modification_isolation PASSED [ 45%]
tests_new/integration/subshells/test_subshell_implementation.py::TestSubshellVariableIsolation::test_variable_creation_isolation PASSED [ 45%]
tests_new/integration/subshells/test_subshell_implementation.py::TestSubshellVariableIsolation::test_variable_inheritance_from_parent PASSED [ 45%]
tests_new/integration/subshells/test_subshell_implementation.py::TestSubshellVariableIsolation::test_environment_variable_inheritance PASSED [ 45%]
tests_new/integration/subshells/test_subshell_implementation.py::TestSubshellExitStatus::test_successful_command_exit_status PASSED [ 45%]
tests_new/integration/subshells/test_subshell_implementation.py::TestSubshellExitStatus::test_failed_command_exit_status XFAIL [ 45%]
tests_new/integration/subshells/test_subshell_implementation.py::TestSubshellExitStatus::test_explicit_exit_in_subshell PASSED [ 45%]
tests_new/integration/subshells/test_subshell_implementation.py::TestSubshellExitStatus::test_last_command_determines_exit_status PASSED [ 45%]
tests_new/integration/subshells/test_subshell_implementation.py::TestSubshellRedirection::test_output_redirection PASSED [ 46%]
tests_new/integration/subshells/test_subshell_implementation.py::TestSubshellRedirection::test_input_redirection XFAIL [ 46%]
tests_new/integration/subshells/test_subshell_implementation.py::TestSubshellRedirection::test_error_redirection XFAIL [ 46%]
tests_new/integration/subshells/test_subshell_implementation.py::TestSubshellRedirection::test_background_execution SKIPPED [ 46%]
tests_new/integration/subshells/test_subshell_implementation.py::TestSubshellAdvanced::test_nested_subshells PASSED [ 46%]
tests_new/integration/subshells/test_subshell_implementation.py::TestSubshellAdvanced::test_function_inheritance PASSED [ 46%]
tests_new/integration/subshells/test_subshell_implementation.py::TestSubshellAdvanced::test_control_structures_in_subshells PASSED [ 46%]
tests_new/integration/subshells/test_subshell_implementation.py::TestSubshellAdvanced::test_pipes_within_subshells PASSED [ 46%]
tests_new/integration/subshells/test_subshell_implementation.py::TestSubshellAdvanced::test_directory_change_isolation PASSED [ 46%]
tests_new/integration/subshells/test_subshell_implementation.py::TestSubshellArrayOperations::test_array_modification_isolation PASSED [ 46%]
tests_new/integration/subshells/test_subshell_implementation.py::TestSubshellArrayOperations::test_array_inheritance PASSED [ 46%]
tests_new/integration/subshells/test_subshell_implementation.py::TestSubshellCompatibility::test_positional_parameter_inheritance PASSED [ 46%]
tests_new/integration/subshells/test_subshell_implementation.py::TestSubshellCompatibility::test_dollar_question_propagation PASSED [ 46%]
tests_new/integration/subshells/test_subshell_implementation.py::TestSubshellCompatibility::test_process_id_behavior PASSED [ 46%]
tests_new/integration/subshells/test_subshell_implementation.py::TestSubshellCompatibility::test_empty_subshell PASSED [ 46%]
tests_new/integration/subshells/test_subshell_implementation.py::TestSubshellCompatibility::test_whitespace_handling PASSED [ 46%]
tests_new/integration/subshells/test_subshell_implementation.py::TestSubshellCompatibility::test_subshell_with_comments PASSED [ 46%]
tests_new/integration/subshells/test_subshell_implementation.py::TestSubshellErrorHandling::test_command_not_found_in_subshell XFAIL [ 46%]
tests_new/integration/subshells/test_subshell_implementation.py::TestSubshellErrorHandling::test_syntax_error_handling PASSED [ 46%]
tests_new/integration/subshells/test_subshell_implementation.py::TestSubshellErrorHandling::test_variable_expansion_errors PASSED [ 47%]
tests_new/integration/validation/test_enhanced_validator_comprehensive.py::TestVariableTracker::test_basic_variable_tracking PASSED [ 47%]
tests_new/integration/validation/test_enhanced_validator_comprehensive.py::TestVariableTracker::test_special_variables PASSED [ 47%]
tests_new/integration/validation/test_enhanced_validator_comprehensive.py::TestVariableTracker::test_positional_parameters PASSED [ 47%]
tests_new/integration/validation/test_enhanced_validator_comprehensive.py::TestVariableTracker::test_array_variables PASSED [ 47%]
tests_new/integration/validation/test_enhanced_validator_comprehensive.py::TestVariableTracker::test_scoping PASSED [ 47%]
tests_new/integration/validation/test_enhanced_validator_comprehensive.py::TestValidatorConfig::test_default_config PASSED [ 47%]
tests_new/integration/validation/test_enhanced_validator_comprehensive.py::TestValidatorConfig::test_custom_config PASSED [ 47%]
tests_new/integration/validation/test_enhanced_validator_comprehensive.py::TestValidatorConfig::test_severity_levels PASSED [ 47%]
tests_new/integration/validation/test_enhanced_validator_comprehensive.py::TestBasicValidation::test_simple_command_validation PASSED [ 47%]
tests_new/integration/validation/test_enhanced_validator_comprehensive.py::TestBasicValidation::test_undefined_variable_detection PASSED [ 47%]
tests_new/integration/validation/test_enhanced_validator_comprehensive.py::TestBasicValidation::test_defined_variable_validation PASSED [ 47%]
tests_new/integration/validation/test_enhanced_validator_comprehensive.py::TestCommandValidation::test_builtin_command_validation PASSED [ 47%]
tests_new/integration/validation/test_enhanced_validator_comprehensive.py::TestCommandValidation::test_external_command_validation PASSED [ 47%]
tests_new/integration/validation/test_enhanced_validator_comprehensive.py::TestCommandValidation::test_nonexistent_command_detection PASSED [ 47%]
tests_new/integration/validation/test_enhanced_validator_comprehensive.py::TestQuotingAnalysis::test_proper_quoting_validation PASSED [ 47%]
tests_new/integration/validation/test_enhanced_validator_comprehensive.py::TestQuotingAnalysis::test_unquoted_spaces_detection PASSED [ 47%]
tests_new/integration/validation/test_enhanced_validator_comprehensive.py::TestQuotingAnalysis::test_special_character_handling PASSED [ 47%]
tests_new/integration/validation/test_enhanced_validator_comprehensive.py::TestSecurityChecks::test_basic_security_validation PASSED [ 47%]
tests_new/integration/validation/test_enhanced_validator_comprehensive.py::TestSecurityChecks::test_potentially_dangerous_commands PASSED [ 48%]
tests_new/integration/validation/test_enhanced_validator_comprehensive.py::TestComplexValidation::test_pipeline_validation PASSED [ 48%]
tests_new/integration/validation/test_enhanced_validator_comprehensive.py::TestComplexValidation::test_function_definition_validation PASSED [ 48%]
tests_new/integration/validation/test_enhanced_validator_comprehensive.py::TestComplexValidation::test_control_structure_validation PASSED [ 48%]
tests_new/integration/validation/test_enhanced_validator_comprehensive.py::TestComplexValidation::test_nested_structures_validation PASSED [ 48%]
tests_new/integration/validation/test_enhanced_validator_comprehensive.py::TestValidatorIntegration::test_validator_with_shell_state PASSED [ 48%]
tests_new/integration/validation/test_enhanced_validator_comprehensive.py::TestValidatorIntegration::test_validator_error_reporting PASSED [ 48%]
tests_new/integration/validation/test_enhanced_validator_comprehensive.py::TestValidatorIntegration::test_validator_performance PASSED [ 48%]
tests_new/integration/validation/test_enhanced_validator_comprehensive.py::TestValidatorErrorHandling::test_invalid_ast_handling PASSED [ 48%]
tests_new/integration/validation/test_enhanced_validator_comprehensive.py::TestValidatorErrorHandling::test_empty_command_validation PASSED [ 48%]
tests_new/integration/validation/test_enhanced_validator_comprehensive.py::TestValidatorErrorHandling::test_malformed_constructs PASSED [ 48%]
tests_new/integration/variables/test_variable_assignment.py::test_single_assignment_before_builtin PASSED [ 48%]
tests_new/integration/variables/test_variable_assignment.py::test_multiple_assignments_before_command PASSED [ 48%]
tests_new/integration/variables/test_variable_assignment.py::test_assignment_with_expansion PASSED [ 48%]
tests_new/integration/variables/test_variable_assignment.py::test_assignment_affects_command_environment XFAIL [ 48%]
tests_new/integration/variables/test_variable_assignment.py::test_assignment_with_spaces_in_value PASSED [ 48%]
tests_new/integration/variables/test_variable_assignment.py::test_assignment_with_special_chars PASSED [ 48%]
tests_new/integration/variables/test_variable_assignment.py::test_assignment_with_empty_value PASSED [ 48%]
tests_new/integration/variables/test_variable_assignment.py::test_assignment_with_equals_in_value PASSED [ 48%]
tests_new/integration/variables/test_variable_assignment.py::test_multiple_assignments_with_builtin XFAIL [ 49%]
tests_new/integration/variables/test_variable_assignment.py::test_assignment_with_command_substitution PASSED [ 49%]
tests_new/integration/variables/test_variable_assignment.py::test_assignment_with_arithmetic_expansion PASSED [ 49%]
tests_new/integration/variables/test_variable_assignment.py::test_assignment_preserves_global_vars PASSED [ 49%]
tests_new/integration/variables/test_variable_assignment.py::test_assignment_with_external_command PASSED [ 49%]
tests_new/integration/variables/test_variable_assignment.py::test_assignment_chain PASSED [ 49%]
tests_new/integration/variables/test_variable_assignment.py::test_assignment_with_glob_patterns PASSED [ 49%]
tests_new/integration/variables/test_variable_assignment.py::test_assignment_with_brace_expansion PASSED [ 49%]
tests_new/integration/variables/test_variable_assignment.py::test_assignment_with_tilde_expansion PASSED [ 49%]
tests_new/integration/variables/test_variable_assignment.py::test_assignment_readonly_variable_error PASSED [ 49%]
tests_new/integration/variables/test_variable_assignment.py::test_assignment_with_function_call PASSED [ 49%]
tests_new/integration/variables/test_variable_assignment.py::test_assignment_with_alias PASSED [ 49%]
tests_new/integration/variables/test_variable_assignment.py::test_assignment_error_invalid_name PASSED [ 49%]
tests_new/integration/variables/test_variable_assignment.py::test_assignment_with_redirection PASSED [ 49%]
tests_new/integration/variables/test_variable_assignment.py::test_assignment_with_pipe PASSED [ 49%]
tests_new/integration/variables/test_variable_assignment.py::test_assignment_precedence_over_existing PASSED [ 49%]
tests_new/integration/variables/test_variable_assignment.py::test_assignment_with_subshell PASSED [ 49%]
tests_new/integration/variables/test_variable_assignment.py::test_export_vs_assignment PASSED [ 49%]
tests_new/integration/variables/test_variable_assignment.py::test_assignment_with_parameter_expansion PASSED [ 49%]
tests_new/integration/variables/test_variable_assignment.py::test_assignment_with_array PASSED [ 50%]
tests_new/performance/benchmarks/test_parsing_performance.py::TestParsingPerformance::test_simple_command_performance PASSED [ 50%]
tests_new/performance/benchmarks/test_parsing_performance.py::TestParsingPerformance::test_complex_structure_performance PASSED [ 50%]
tests_new/performance/benchmarks/test_parsing_performance.py::TestParsingPerformance::test_string_parsing_performance PASSED [ 50%]
tests_new/performance/benchmarks/test_parsing_performance.py::TestParsingPerformance::test_expansion_parsing_performance PASSED [ 50%]
tests_new/performance/benchmarks/test_parsing_performance.py::TestParsingPerformance::test_real_script_performance PASSED [ 50%]
tests_new/performance/benchmarks/test_parsing_performance.py::TestParsingPerformance::test_pathological_cases XFAIL [ 50%]
tests_new/performance/benchmarks/test_parsing_performance.py::TestTokenizationPerformance::test_tokenization_scaling PASSED [ 50%]
tests_new/performance/benchmarks/test_parsing_performance.py::TestMemoryUsage::test_large_script_memory PASSED [ 50%]
tests_new/performance/benchmarks/test_parsing_performance.py::TestMemoryUsage::test_recursive_structure_memory PASSED [ 50%]
tests_new/system/initialization/test_rc_file.py::test_rc_file_not_loaded_in_script_mode PASSED [ 50%]
tests_new/system/initialization/test_rc_file.py::test_rc_file_loaded_in_interactive_mode PASSED [ 50%]
tests_new/system/initialization/test_rc_file.py::test_norc_flag_prevents_loading PASSED [ 50%]
tests_new/system/initialization/test_rc_file.py::test_rc_file_syntax_error_doesnt_crash_shell PASSED [ 50%]
tests_new/system/initialization/test_rc_file.py::test_rc_file_runtime_error_doesnt_crash_shell PASSED [ 50%]
tests_new/system/initialization/test_rc_file.py::test_rc_file_sets_variables_and_functions PASSED [ 50%]
tests_new/system/initialization/test_rc_file.py::test_rc_file_unsafe_permissions_warning PASSED [ 50%]
tests_new/system/initialization/test_rc_file.py::test_rc_file_preserves_dollar_zero PASSED [ 50%]
tests_new/system/initialization/test_rc_file.py::test_rcfile_option_overrides_default PASSED [ 50%]
tests_new/system/initialization/test_rc_file.py::test_nonexistent_rc_file_silently_ignored PASSED [ 51%]
tests_new/system/initialization/test_rc_file.py::test_rc_file_with_complex_commands PASSED [ 51%]
tests_new/system/initialization/test_rc_file.py::test_rc_file_with_conditionals PASSED [ 51%]
tests_new/system/interactive/test_basic_interactive.py::TestBasicInteractive::test_echo_simple SKIPPED [ 51%]
tests_new/system/interactive/test_basic_interactive.py::TestBasicInteractive::test_variable_usage SKIPPED [ 51%]
tests_new/system/interactive/test_basic_interactive.py::TestBasicInteractive::test_exit SKIPPED [ 51%]
tests_new/system/interactive/test_basic_interactive.py::TestBasicInteractive::test_multiline_string SKIPPED [ 51%]
tests_new/system/interactive/test_basic_interactive.py::TestBasicInteractive::test_pipe SKIPPED [ 51%]
tests_new/system/interactive/test_basic_interactive.py::TestBasicInteractive::test_command_not_found SKIPPED [ 51%]
tests_new/system/interactive/test_basic_interactive.py::TestInteractiveLineEditing::test_basic_cursor_movement SKIPPED [ 51%]
tests_new/system/interactive/test_basic_spawn.py::test_can_spawn_psh SKIPPED [ 51%]
tests_new/system/interactive/test_basic_spawn.py::test_psh_prompt SKIPPED [ 51%]
tests_new/system/interactive/test_basic_spawn.py::test_psh_with_norc SKIPPED [ 51%]
tests_new/system/interactive/test_line_editing.py::TestBasicLineEditing::test_interactive_sequence SKIPPED [ 51%]
tests_new/system/interactive/test_line_editing.py::TestBasicLineEditing::test_cursor_left_right SKIPPED [ 51%]
tests_new/system/interactive/test_line_editing.py::TestBasicLineEditing::test_home_end_keys SKIPPED [ 51%]
tests_new/system/interactive/test_line_editing.py::TestBasicLineEditing::test_backspace_delete SKIPPED [ 51%]
tests_new/system/interactive/test_line_editing.py::TestBasicLineEditing::test_ctrl_u_clear_line SKIPPED [ 51%]
tests_new/system/interactive/test_line_editing.py::TestBasicLineEditing::test_ctrl_k_kill_to_end SKIPPED [ 51%]
tests_new/system/interactive/test_line_editing.py::TestHistoryNavigation::test_interactive_sequence SKIPPED [ 52%]
tests_new/system/interactive/test_line_editing.py::TestHistoryNavigation::test_up_down_history SKIPPED [ 52%]
tests_new/system/interactive/test_line_editing.py::TestHistoryNavigation::test_history_search SKIPPED [ 52%]
tests_new/system/interactive/test_line_editing.py::TestHistoryNavigation::test_history_modification SKIPPED [ 52%]
tests_new/system/interactive/test_line_editing.py::TestMultilineEditing::test_interactive_sequence SKIPPED [ 52%]
tests_new/system/interactive/test_line_editing.py::TestMultilineEditing::test_quote_continuation SKIPPED [ 52%]
tests_new/system/interactive/test_line_editing.py::TestMultilineEditing::test_backslash_continuation SKIPPED [ 52%]
tests_new/system/interactive/test_line_editing.py::TestMultilineEditing::test_cancel_multiline SKIPPED [ 52%]
tests_new/system/interactive/test_line_editing.py::TestTabCompletion::test_interactive_sequence SKIPPED [ 52%]
tests_new/system/interactive/test_line_editing.py::TestTabCompletion::test_file_completion SKIPPED [ 52%]
tests_new/system/interactive/test_line_editing.py::TestTabCompletion::test_command_completion SKIPPED [ 52%]
tests_new/system/interactive/test_line_editing.py::TestTabCompletion::test_variable_completion SKIPPED [ 52%]
tests_new/system/interactive/test_line_editing.py::TestSpecialKeySequences::test_interactive_sequence SKIPPED [ 52%]
tests_new/system/interactive/test_line_editing.py::TestSpecialKeySequences::test_ctrl_d_eof SKIPPED [ 52%]
tests_new/system/interactive/test_line_editing.py::TestSpecialKeySequences::test_ctrl_l_clear_screen SKIPPED [ 52%]
tests_new/system/interactive/test_line_editing.py::TestSpecialKeySequences::test_ctrl_z_suspend SKIPPED [ 52%]
tests_new/system/interactive/test_simple_commands.py::TestSimpleInteractiveCommands::test_interactive_sequence SKIPPED [ 52%]
tests_new/system/interactive/test_simple_commands.py::TestSimpleInteractiveCommands::test_echo_command SKIPPED [ 52%]
tests_new/system/interactive/test_simple_commands.py::TestSimpleInteractiveCommands::test_multiple_commands SKIPPED [ 52%]
tests_new/system/interactive/test_simple_commands.py::TestSimpleInteractiveCommands::test_command_with_quotes SKIPPED [ 53%]
tests_new/system/interactive/test_simple_commands.py::TestSimpleInteractiveCommands::test_variable_assignment SKIPPED [ 53%]
tests_new/system/interactive/test_simple_commands.py::TestSimpleInteractiveCommands::test_pipe_command SKIPPED [ 53%]
tests_new/system/interactive/test_simple_commands.py::TestSimpleInteractiveCommands::test_exit_command SKIPPED [ 53%]
tests_new/system/interactive/test_simple_commands.py::TestInteractiveErrors::test_interactive_sequence SKIPPED [ 53%]
tests_new/system/interactive/test_simple_commands.py::TestInteractiveErrors::test_command_not_found SKIPPED [ 53%]
tests_new/system/interactive/test_simple_commands.py::TestInteractiveErrors::test_syntax_error SKIPPED [ 53%]
tests_new/system/interactive/test_subprocess_commands.py::TestSubprocessCommands::test_echo_command SKIPPED [ 53%]
tests_new/system/interactive/test_subprocess_commands.py::TestSubprocessCommands::test_multiple_commands SKIPPED [ 53%]
tests_new/system/interactive/test_subprocess_commands.py::TestSubprocessCommands::test_variable_assignment SKIPPED [ 53%]
tests_new/system/interactive/test_subprocess_commands.py::TestSubprocessCommands::test_command_substitution SKIPPED [ 53%]
tests_new/system/interactive/test_subprocess_commands.py::TestSubprocessCommands::test_pipeline SKIPPED [ 53%]
tests_new/system/interactive/test_subprocess_commands.py::TestSubprocessCommands::test_exit_code SKIPPED [ 53%]
tests_new/system/interactive/test_subprocess_commands.py::TestSubprocessCommands::test_builtin_cd SKIPPED [ 53%]
tests_new/system/interactive/test_subprocess_commands.py::TestSubprocessCommands::test_error_handling SKIPPED [ 53%]
tests_new/system/interactive/test_working_interactive.py::TestWorkingInteractive::test_echo_output SKIPPED [ 53%]
tests_new/system/interactive/test_working_interactive.py::TestWorkingInteractive::test_multiple_commands SKIPPED [ 53%]
tests_new/system/interactive/test_working_interactive.py::TestWorkingInteractive::test_variable SKIPPED [ 53%]
tests_new/system/interactive/test_working_interactive.py::TestWorkingInteractive::test_exit_code SKIPPED [ 53%]
tests_new/system/interactive/test_working_interactive.py::TestWorkingInteractive::test_pipeline SKIPPED [ 54%]
tests_new/system/interactive/test_working_interactive.py::TestWorkingInteractive::test_multiline_input SKIPPED [ 54%]
tests_new/unit/builtins/test_alias_builtins.py::TestAliasBuiltin::test_create_simple_alias PASSED [ 54%]
tests_new/unit/builtins/test_alias_builtins.py::TestAliasBuiltin::test_list_all_aliases PASSED [ 54%]
tests_new/unit/builtins/test_alias_builtins.py::TestAliasBuiltin::test_show_specific_alias PASSED [ 54%]
tests_new/unit/builtins/test_alias_builtins.py::TestAliasBuiltin::test_use_alias PASSED [ 54%]
tests_new/unit/builtins/test_alias_builtins.py::TestAliasBuiltin::test_alias_with_quotes PASSED [ 54%]
tests_new/unit/builtins/test_alias_builtins.py::TestAliasBuiltin::test_alias_with_pipe XFAIL [ 54%]
tests_new/unit/builtins/test_alias_builtins.py::TestAliasBuiltin::test_alias_expansion_at_start_only PASSED [ 54%]
tests_new/unit/builtins/test_alias_builtins.py::TestAliasBuiltin::test_alias_recursive_prevention PASSED [ 54%]
tests_new/unit/builtins/test_alias_builtins.py::TestAliasBuiltin::test_alias_overwrite PASSED [ 54%]
tests_new/unit/builtins/test_alias_builtins.py::TestAliasBuiltin::test_invalid_alias_name PASSED [ 54%]
tests_new/unit/builtins/test_alias_builtins.py::TestAliasBuiltin::test_alias_reserved_word PASSED [ 54%]
tests_new/unit/builtins/test_alias_builtins.py::TestUnaliasBuiltin::test_unalias_single PASSED [ 54%]
tests_new/unit/builtins/test_alias_builtins.py::TestUnaliasBuiltin::test_unalias_multiple PASSED [ 54%]
tests_new/unit/builtins/test_alias_builtins.py::TestUnaliasBuiltin::test_unalias_all PASSED [ 54%]
tests_new/unit/builtins/test_alias_builtins.py::TestUnaliasBuiltin::test_unalias_nonexistent PASSED [ 54%]
tests_new/unit/builtins/test_alias_builtins.py::TestUnaliasBuiltin::test_unalias_no_args PASSED [ 54%]
tests_new/unit/builtins/test_alias_builtins.py::TestAliasExpansion::test_alias_with_args XFAIL [ 54%]
tests_new/unit/builtins/test_alias_builtins.py::TestAliasExpansion::test_alias_chain PASSED [ 54%]
tests_new/unit/builtins/test_alias_builtins.py::TestAliasExpansion::test_alias_trailing_space PASSED [ 55%]
tests_new/unit/builtins/test_boolean_builtins.py::TestBooleanBuiltins::test_true_exit_code PASSED [ 55%]
tests_new/unit/builtins/test_boolean_builtins.py::TestBooleanBuiltins::test_false_exit_code PASSED [ 55%]
tests_new/unit/builtins/test_boolean_builtins.py::TestBooleanBuiltins::test_true_no_output PASSED [ 55%]
tests_new/unit/builtins/test_boolean_builtins.py::TestBooleanBuiltins::test_false_no_output PASSED [ 55%]
tests_new/unit/builtins/test_boolean_builtins.py::TestBooleanBuiltins::test_true_ignores_arguments PASSED [ 55%]
tests_new/unit/builtins/test_boolean_builtins.py::TestBooleanBuiltins::test_false_ignores_arguments PASSED [ 55%]
tests_new/unit/builtins/test_boolean_builtins.py::TestBooleanBuiltins::test_true_in_if_condition PASSED [ 55%]
tests_new/unit/builtins/test_boolean_builtins.py::TestBooleanBuiltins::test_false_in_if_condition PASSED [ 55%]
tests_new/unit/builtins/test_boolean_builtins.py::TestBooleanBuiltins::test_true_in_and_chain PASSED [ 55%]
tests_new/unit/builtins/test_boolean_builtins.py::TestBooleanBuiltins::test_false_in_and_chain PASSED [ 55%]
tests_new/unit/builtins/test_boolean_builtins.py::TestBooleanBuiltins::test_true_in_or_chain PASSED [ 55%]
tests_new/unit/builtins/test_boolean_builtins.py::TestBooleanBuiltins::test_false_in_or_chain PASSED [ 55%]
tests_new/unit/builtins/test_boolean_builtins.py::TestBooleanBuiltins::test_true_in_while_loop PASSED [ 55%]
tests_new/unit/builtins/test_boolean_builtins.py::TestBooleanBuiltins::test_false_in_until_loop XFAIL [ 55%]
tests_new/unit/builtins/test_command_builtin.py::test_command_builtin_exists PASSED [ 55%]
tests_new/unit/builtins/test_command_builtin.py::test_command_execute_builtin PASSED [ 55%]
tests_new/unit/builtins/test_command_builtin.py::test_command_execute_external PASSED [ 55%]
tests_new/unit/builtins/test_command_builtin.py::test_command_bypass_function XFAIL [ 55%]
tests_new/unit/builtins/test_command_builtin.py::test_command_with_options PASSED [ 56%]
tests_new/unit/builtins/test_command_builtin.py::test_command_default_path PASSED [ 56%]
tests_new/unit/builtins/test_command_builtin.py::test_command_nonexistent PASSED [ 56%]
tests_new/unit/builtins/test_command_builtin.py::test_command_with_arguments PASSED [ 56%]
tests_new/unit/builtins/test_command_builtin.py::test_command_verbose_option PASSED [ 56%]
tests_new/unit/builtins/test_command_builtin.py::test_command_verbose_description PASSED [ 56%]
tests_new/unit/builtins/test_command_builtin.py::test_command_error_handling PASSED [ 56%]
tests_new/unit/builtins/test_command_builtin.py::test_command_search_order PASSED [ 56%]
tests_new/unit/builtins/test_command_builtin.py::test_command_with_redirection PASSED [ 56%]
tests_new/unit/builtins/test_command_builtin.py::test_command_with_environment PASSED [ 56%]
tests_new/unit/builtins/test_command_builtin.py::test_command_help PASSED [ 56%]
tests_new/unit/builtins/test_echo_comprehensive.py::test_echo_basic PASSED [ 56%]
tests_new/unit/builtins/test_echo_comprehensive.py::test_echo_empty PASSED [ 56%]
tests_new/unit/builtins/test_echo_comprehensive.py::test_echo_n_flag PASSED [ 56%]
tests_new/unit/builtins/test_echo_comprehensive.py::test_echo_e_flag_basic PASSED [ 56%]
tests_new/unit/builtins/test_echo_comprehensive.py::test_echo_e_flag_all_escapes PASSED [ 56%]
tests_new/unit/builtins/test_echo_comprehensive.py::test_echo_e_flag_c_terminator PASSED [ 56%]
tests_new/unit/builtins/test_echo_comprehensive.py::test_echo_e_flag_octal PASSED [ 56%]
tests_new/unit/builtins/test_echo_comprehensive.py::test_echo_e_flag_hex PASSED [ 56%]
tests_new/unit/builtins/test_echo_comprehensive.py::test_echo_e_flag_unicode PASSED [ 57%]
tests_new/unit/builtins/test_echo_comprehensive.py::test_echo_combined_flags PASSED [ 57%]
tests_new/unit/builtins/test_echo_comprehensive.py::test_echo_E_flag PASSED [ 57%]
tests_new/unit/builtins/test_echo_comprehensive.py::test_echo_double_dash PASSED [ 57%]
tests_new/unit/builtins/test_echo_comprehensive.py::test_echo_invalid_flags PASSED [ 57%]
tests_new/unit/builtins/test_echo_comprehensive.py::test_echo_with_quotes PASSED [ 57%]
tests_new/unit/builtins/test_echo_comprehensive.py::test_echo_edge_cases PASSED [ 57%]
tests_new/unit/builtins/test_echo_comprehensive.py::test_echo_with_redirections PASSED [ 57%]
tests_new/unit/builtins/test_echo_comprehensive.py::test_echo_in_pipeline PASSED [ 57%]
tests_new/unit/builtins/test_echo_comprehensive.py::test_echo_multiple_spaces PASSED [ 57%]
tests_new/unit/builtins/test_echo_comprehensive.py::test_echo_special_chars PASSED [ 57%]
tests_new/unit/builtins/test_echo_comprehensive.py::test_echo_variable_expansion PASSED [ 57%]
tests_new/unit/builtins/test_echo_comprehensive.py::test_echo_command_substitution PASSED [ 57%]
tests_new/unit/builtins/test_echo_comprehensive.py::test_echo_glob_patterns PASSED [ 57%]
tests_new/unit/builtins/test_echo_comprehensive.py::test_echo_brace_expansion PASSED [ 57%]
tests_new/unit/builtins/test_echo_comprehensive.py::test_echo_tilde_expansion PASSED [ 57%]
tests_new/unit/builtins/test_echo_comprehensive.py::test_echo_arithmetic_expansion PASSED [ 57%]
tests_new/unit/builtins/test_exec_builtin.py::test_exec_builtin_exists PASSED [ 57%]
tests_new/unit/builtins/test_exec_builtin.py::test_exec_without_command PASSED [ 57%]
tests_new/unit/builtins/test_exec_builtin.py::test_exec_with_output_redirection PASSED [ 58%]
tests_new/unit/builtins/test_exec_builtin.py::test_exec_with_input_redirection PASSED [ 58%]
tests_new/unit/builtins/test_exec_builtin.py::test_exec_with_command_replacement SKIPPED [ 58%]
tests_new/unit/builtins/test_exec_builtin.py::test_exec_with_error_redirection PASSED [ 58%]
tests_new/unit/builtins/test_exec_builtin.py::test_exec_with_fd_operations XFAIL [ 58%]
tests_new/unit/builtins/test_exec_builtin.py::test_exec_error_handling PASSED [ 58%]
tests_new/unit/builtins/test_exec_builtin.py::test_exec_with_environment PASSED [ 58%]
tests_new/unit/builtins/test_exec_builtin.py::test_exec_help_option PASSED [ 58%]
tests_new/unit/builtins/test_exec_builtin.py::test_exec_syntax_error PASSED [ 58%]
tests_new/unit/builtins/test_exec_builtin.py::test_exec_redirection_persistence PASSED [ 58%]
tests_new/unit/builtins/test_function_builtins.py::TestReturnBuiltin::test_return_from_function PASSED [ 58%]
tests_new/unit/builtins/test_function_builtins.py::TestReturnBuiltin::test_return_no_args XFAIL [ 58%]
tests_new/unit/builtins/test_function_builtins.py::TestReturnBuiltin::test_return_outside_function PASSED [ 58%]
tests_new/unit/builtins/test_function_builtins.py::TestReturnBuiltin::test_return_invalid_number PASSED [ 58%]
tests_new/unit/builtins/test_function_builtins.py::TestReturnBuiltin::test_return_range XFAIL [ 58%]
tests_new/unit/builtins/test_function_builtins.py::TestReturnBuiltin::test_return_negative XFAIL [ 58%]
tests_new/unit/builtins/test_function_builtins.py::TestReadonlyBuiltin::test_readonly_variable PASSED [ 58%]
tests_new/unit/builtins/test_function_builtins.py::TestReadonlyBuiltin::test_readonly_existing_variable PASSED [ 58%]
tests_new/unit/builtins/test_function_builtins.py::TestReadonlyBuiltin::test_readonly_list PASSED [ 58%]
tests_new/unit/builtins/test_function_builtins.py::TestReadonlyBuiltin::test_readonly_with_p_option PASSED [ 59%]
tests_new/unit/builtins/test_function_builtins.py::TestReadonlyBuiltin::test_readonly_function XFAIL [ 59%]
tests_new/unit/builtins/test_function_builtins.py::TestReadonlyBuiltin::test_readonly_invalid_name PASSED [ 59%]
tests_new/unit/builtins/test_function_builtins.py::TestReadonlyBuiltin::test_readonly_export XFAIL [ 59%]
tests_new/unit/builtins/test_function_builtins.py::TestDeclareBuiltin::test_declare_variable PASSED [ 59%]
tests_new/unit/builtins/test_function_builtins.py::TestDeclareBuiltin::test_declare_integer PASSED [ 59%]
tests_new/unit/builtins/test_function_builtins.py::TestDeclareBuiltin::test_declare_readonly PASSED [ 59%]
tests_new/unit/builtins/test_function_builtins.py::TestDeclareBuiltin::test_declare_export XFAIL [ 59%]
tests_new/unit/builtins/test_function_builtins.py::TestDeclareBuiltin::test_declare_array PASSED [ 59%]
tests_new/unit/builtins/test_function_builtins.py::TestDeclareBuiltin::test_declare_associative_array PASSED [ 59%]
tests_new/unit/builtins/test_function_builtins.py::TestDeclareBuiltin::test_declare_list_variables PASSED [ 59%]
tests_new/unit/builtins/test_function_builtins.py::TestDeclareBuiltin::test_declare_with_p_option PASSED [ 59%]
tests_new/unit/builtins/test_function_builtins.py::TestDeclareBuiltin::test_declare_local_scope XFAIL [ 59%]
tests_new/unit/builtins/test_function_builtins.py::TestDeclareBuiltin::test_declare_multiple_attributes XFAIL [ 59%]
tests_new/unit/builtins/test_function_builtins.py::TestDeclareBuiltin::test_declare_invalid_option PASSED [ 59%]
tests_new/unit/builtins/test_io_builtins.py::TestEchoBuiltin::test_echo_basic PASSED [ 59%]
tests_new/unit/builtins/test_io_builtins.py::TestEchoBuiltin::test_echo_empty PASSED [ 59%]
tests_new/unit/builtins/test_io_builtins.py::TestEchoBuiltin::test_echo_n_flag PASSED [ 59%]
tests_new/unit/builtins/test_io_builtins.py::TestEchoBuiltin::test_echo_e_flag_escapes PASSED [ 59%]
tests_new/unit/builtins/test_io_builtins.py::TestEchoBuiltin::test_echo_E_flag_no_escapes PASSED [ 60%]
tests_new/unit/builtins/test_io_builtins.py::TestEchoBuiltin::test_echo_multiple_spaces PASSED [ 60%]
tests_new/unit/builtins/test_io_builtins.py::TestEchoBuiltin::test_echo_special_chars PASSED [ 60%]
tests_new/unit/builtins/test_io_builtins.py::TestEchoBuiltin::test_echo_with_quotes PASSED [ 60%]
tests_new/unit/builtins/test_io_builtins.py::TestEchoBuiltin::test_echo_escape_sequences PASSED [ 60%]
tests_new/unit/builtins/test_io_builtins.py::TestEchoBuiltin::test_echo_backslash_c PASSED [ 60%]
tests_new/unit/builtins/test_io_builtins.py::TestPrintfBuiltin::test_printf_basic PASSED [ 60%]
tests_new/unit/builtins/test_io_builtins.py::TestPrintfBuiltin::test_printf_no_newline PASSED [ 60%]
tests_new/unit/builtins/test_io_builtins.py::TestPrintfBuiltin::test_printf_string_format PASSED [ 60%]
tests_new/unit/builtins/test_io_builtins.py::TestPrintfBuiltin::test_printf_integer_formats XFAIL [ 60%]
tests_new/unit/builtins/test_io_builtins.py::TestPrintfBuiltin::test_printf_float_formats XFAIL [ 60%]
tests_new/unit/builtins/test_io_builtins.py::TestPrintfBuiltin::test_printf_width_precision PASSED [ 60%]
tests_new/unit/builtins/test_io_builtins.py::TestPrintfBuiltin::test_printf_escape_sequences XFAIL [ 60%]
tests_new/unit/builtins/test_io_builtins.py::TestPrintfBuiltin::test_printf_percent_escape PASSED [ 60%]
tests_new/unit/builtins/test_io_builtins.py::TestPrintfBuiltin::test_printf_multiple_arguments PASSED [ 60%]
tests_new/unit/builtins/test_io_builtins.py::TestPrintfBuiltin::test_printf_missing_arguments PASSED [ 60%]
tests_new/unit/builtins/test_io_builtins.py::TestPrintfBuiltin::test_printf_char_format PASSED [ 60%]
tests_new/unit/builtins/test_io_builtins.py::TestReadBuiltin::test_read_basic XFAIL [ 60%]
tests_new/unit/builtins/test_io_builtins.py::TestReadBuiltin::test_read_multiple_vars XFAIL [ 60%]
tests_new/unit/builtins/test_io_builtins.py::TestReadBuiltin::test_read_with_prompt XFAIL [ 61%]
tests_new/unit/builtins/test_io_builtins.py::TestReadBuiltin::test_read_silent XFAIL [ 61%]
tests_new/unit/builtins/test_io_builtins.py::TestReadBuiltin::test_read_with_delimiter XFAIL [ 61%]
tests_new/unit/builtins/test_io_builtins.py::TestReadBuiltin::test_read_timeout XPASS [ 61%]
tests_new/unit/builtins/test_io_builtins.py::TestReadBuiltin::test_read_n_chars XFAIL [ 61%]
tests_new/unit/builtins/test_io_builtins.py::TestReadBuiltin::test_read_array XFAIL [ 61%]
tests_new/unit/builtins/test_io_builtins.py::TestReadBuiltin::test_read_raw_mode XFAIL [ 61%]
tests_new/unit/builtins/test_io_builtins.py::TestReadBuiltin::test_read_ifs XFAIL [ 61%]
tests_new/unit/builtins/test_io_builtins.py::TestReadBuiltin::test_read_empty_input XPASS [ 61%]
tests_new/unit/builtins/test_io_builtins.py::TestReadBuiltin::test_read_eof XPASS [ 61%]
tests_new/unit/builtins/test_io_builtins.py::TestReadBuiltin::test_read_line_continuation XPASS [ 61%]
tests_new/unit/builtins/test_io_builtins.py::TestIORedirection::test_echo_to_file PASSED [ 61%]
tests_new/unit/builtins/test_io_builtins.py::TestIORedirection::test_printf_append PASSED [ 61%]
tests_new/unit/builtins/test_io_builtins.py::TestIORedirection::test_read_from_file PASSED [ 61%]
tests_new/unit/builtins/test_job_control_builtins.py::TestJobsBuiltin::test_jobs_empty_list PASSED [ 61%]
tests_new/unit/builtins/test_job_control_builtins.py::TestJobsBuiltin::test_jobs_with_background_job PASSED [ 61%]
tests_new/unit/builtins/test_job_control_builtins.py::TestJobsBuiltin::test_jobs_multiple_background PASSED [ 61%]
tests_new/unit/builtins/test_job_control_builtins.py::TestJobsBuiltin::test_jobs_with_options PASSED [ 61%]
tests_new/unit/builtins/test_job_control_builtins.py::TestJobsBuiltin::test_jobs_status_changes XFAIL [ 61%]
tests_new/unit/builtins/test_job_control_builtins.py::TestFgBuiltin::test_fg_bring_to_foreground PASSED [ 62%]
tests_new/unit/builtins/test_job_control_builtins.py::TestFgBuiltin::test_fg_no_jobs PASSED [ 62%]
tests_new/unit/builtins/test_job_control_builtins.py::TestFgBuiltin::test_fg_invalid_job_spec PASSED [ 62%]
tests_new/unit/builtins/test_job_control_builtins.py::TestFgBuiltin::test_fg_specific_job PASSED [ 62%]
tests_new/unit/builtins/test_job_control_builtins.py::TestBgBuiltin::test_bg_resume_stopped_job PASSED [ 62%]
tests_new/unit/builtins/test_job_control_builtins.py::TestBgBuiltin::test_bg_no_jobs PASSED [ 62%]
tests_new/unit/builtins/test_job_control_builtins.py::TestBgBuiltin::test_bg_invalid_job_spec PASSED [ 62%]
tests_new/unit/builtins/test_job_control_builtins.py::TestJobControlIntegration::test_job_with_pipe PASSED [ 62%]
tests_new/unit/builtins/test_job_control_builtins.py::TestJobControlIntegration::test_job_completion_notification PASSED [ 62%]
tests_new/unit/builtins/test_job_control_builtins.py::TestJobControlIntegration::test_disown_job XFAIL [ 62%]
tests_new/unit/builtins/test_misc_builtins.py::TestHistoryBuiltin::test_history_list PASSED [ 62%]
tests_new/unit/builtins/test_misc_builtins.py::TestHistoryBuiltin::test_history_with_count PASSED [ 62%]
tests_new/unit/builtins/test_misc_builtins.py::TestHistoryBuiltin::test_history_clear XFAIL [ 62%]
tests_new/unit/builtins/test_misc_builtins.py::TestHistoryBuiltin::test_history_expansion PASSED [ 62%]
tests_new/unit/builtins/test_misc_builtins.py::TestHistoryBuiltin::test_history_invalid_option PASSED [ 62%]
tests_new/unit/builtins/test_misc_builtins.py::TestVersionBuiltin::test_version_display PASSED [ 62%]
tests_new/unit/builtins/test_misc_builtins.py::TestVersionBuiltin::test_version_with_args PASSED [ 62%]
tests_new/unit/builtins/test_misc_builtins.py::TestVersionBuiltin::test_version_exit_code PASSED [ 62%]
tests_new/unit/builtins/test_misc_builtins.py::TestEvalBuiltin::test_eval_simple_command PASSED [ 62%]
tests_new/unit/builtins/test_misc_builtins.py::TestEvalBuiltin::test_eval_multiple_args PASSED [ 63%]
tests_new/unit/builtins/test_misc_builtins.py::TestEvalBuiltin::test_eval_variable_expansion PASSED [ 63%]
tests_new/unit/builtins/test_misc_builtins.py::TestEvalBuiltin::test_eval_command_substitution PASSED [ 63%]
tests_new/unit/builtins/test_misc_builtins.py::TestEvalBuiltin::test_eval_complex_expression XFAIL [ 63%]
tests_new/unit/builtins/test_misc_builtins.py::TestEvalBuiltin::test_eval_exit_code PASSED [ 63%]
tests_new/unit/builtins/test_misc_builtins.py::TestEvalBuiltin::test_eval_empty_args PASSED [ 63%]
tests_new/unit/builtins/test_misc_builtins.py::TestEvalBuiltin::test_eval_quoted_special_chars PASSED [ 63%]
tests_new/unit/builtins/test_misc_builtins.py::TestEvalBuiltin::test_eval_pipe XFAIL [ 63%]
tests_new/unit/builtins/test_misc_builtins.py::TestEvalBuiltin::test_eval_redirection XFAIL [ 63%]
tests_new/unit/builtins/test_misc_builtins.py::TestEvalBuiltin::test_eval_nested PASSED [ 63%]
tests_new/unit/builtins/test_misc_builtins.py::TestEvalBuiltin::test_eval_function_definition PASSED [ 63%]
tests_new/unit/builtins/test_navigation.py::TestCdBuiltin::test_cd_home PASSED [ 63%]
tests_new/unit/builtins/test_navigation.py::TestCdBuiltin::test_cd_absolute_path PASSED [ 63%]
tests_new/unit/builtins/test_navigation.py::TestCdBuiltin::test_cd_relative_path PASSED [ 63%]
tests_new/unit/builtins/test_navigation.py::TestCdBuiltin::test_cd_parent_directory PASSED [ 63%]
tests_new/unit/builtins/test_navigation.py::TestCdBuiltin::test_cd_dash PASSED [ 63%]
tests_new/unit/builtins/test_navigation.py::TestCdBuiltin::test_cd_nonexistent PASSED [ 63%]
tests_new/unit/builtins/test_navigation.py::TestCdBuiltin::test_cd_not_directory PASSED [ 63%]
tests_new/unit/builtins/test_navigation.py::TestCdBuiltin::test_cd_permission_denied PASSED [ 63%]
tests_new/unit/builtins/test_navigation.py::TestCdBuiltin::test_cd_with_symlink PASSED [ 63%]
tests_new/unit/builtins/test_navigation.py::TestCdBuiltin::test_cd_updates_pwd PASSED [ 64%]
tests_new/unit/builtins/test_navigation.py::TestCdBuiltin::test_cd_updates_oldpwd PASSED [ 64%]
tests_new/unit/builtins/test_navigation.py::TestPwdBuiltin::test_pwd_basic PASSED [ 64%]
tests_new/unit/builtins/test_navigation.py::TestPwdBuiltin::test_pwd_after_cd PASSED [ 64%]
tests_new/unit/builtins/test_navigation.py::TestPwdBuiltin::test_pwd_logical XFAIL [ 64%]
tests_new/unit/builtins/test_navigation.py::TestPwdBuiltin::test_pwd_physical PASSED [ 64%]
tests_new/unit/builtins/test_navigation.py::TestPwdBuiltin::test_pwd_with_deleted_directory PASSED [ 64%]
tests_new/unit/builtins/test_navigation.py::TestPushdPopdDirs::test_pushd_basic XFAIL [ 64%]
tests_new/unit/builtins/test_navigation.py::TestPushdPopdDirs::test_popd_basic XPASS [ 64%]
tests_new/unit/builtins/test_navigation.py::TestPushdPopdDirs::test_pushd_rotate XPASS [ 64%]
tests_new/unit/builtins/test_navigation.py::TestPushdPopdDirs::test_dirs_display XFAIL [ 64%]
tests_new/unit/builtins/test_navigation.py::TestPushdPopdDirs::test_dirs_clear XFAIL [ 64%]
tests_new/unit/builtins/test_navigation.py::TestPushdPopdDirs::test_popd_empty_stack XFAIL [ 64%]
tests_new/unit/builtins/test_navigation.py::TestCdPath::test_cdpath_search XFAIL [ 64%]
tests_new/unit/builtins/test_navigation.py::TestCdPath::test_cdpath_multiple_paths XFAIL [ 64%]
tests_new/unit/builtins/test_navigation.py::TestCdPath::test_cdpath_dot_precedence PASSED [ 64%]
tests_new/unit/builtins/test_navigation.py::TestNavigationEdgeCases::test_cd_long_path PASSED [ 64%]
tests_new/unit/builtins/test_navigation.py::TestNavigationEdgeCases::test_cd_with_spaces FAILED [ 64%]
tests_new/unit/builtins/test_navigation.py::TestNavigationEdgeCases::test_cd_with_special_chars PASSED [ 64%]
tests_new/unit/builtins/test_positional_builtins.py::test_shift_default PASSED [ 65%]
tests_new/unit/builtins/test_positional_builtins.py::test_shift_explicit_n PASSED [ 65%]
tests_new/unit/builtins/test_positional_builtins.py::test_shift_zero PASSED [ 65%]
tests_new/unit/builtins/test_positional_builtins.py::test_shift_all_params PASSED [ 65%]
tests_new/unit/builtins/test_positional_builtins.py::test_shift_too_many PASSED [ 65%]
tests_new/unit/builtins/test_positional_builtins.py::test_shift_negative PASSED [ 65%]
tests_new/unit/builtins/test_positional_builtins.py::test_shift_non_numeric PASSED [ 65%]
tests_new/unit/builtins/test_positional_builtins.py::test_shift_no_params PASSED [ 65%]
tests_new/unit/builtins/test_positional_builtins.py::test_set_positional_params PASSED [ 65%]
tests_new/unit/builtins/test_positional_builtins.py::test_positional_parameter_access FAILED [ 65%]
tests_new/unit/builtins/test_positional_builtins.py::test_positional_parameter_count FAILED [ 65%]
tests_new/unit/builtins/test_positional_builtins.py::test_positional_parameter_star FAILED [ 65%]
tests_new/unit/builtins/test_positional_builtins.py::test_positional_parameter_at FAILED [ 65%]
tests_new/unit/builtins/test_signal_builtins.py::test_trap_builtin_exists PASSED [ 65%]
tests_new/unit/builtins/test_signal_builtins.py::test_trap_list_signals PASSED [ 65%]
tests_new/unit/builtins/test_signal_builtins.py::test_trap_no_args PASSED [ 65%]
tests_new/unit/builtins/test_signal_builtins.py::test_trap_set_signal_handler PASSED [ 65%]
tests_new/unit/builtins/test_signal_builtins.py::test_trap_signal_execution SKIPPED [ 65%]
tests_new/unit/builtins/test_signal_builtins.py::test_trap_exit_handler PASSED [ 65%]
tests_new/unit/builtins/test_signal_builtins.py::test_trap_debug_handler PASSED [ 66%]
tests_new/unit/builtins/test_signal_builtins.py::test_trap_err_handler PASSED [ 66%]
tests_new/unit/builtins/test_signal_builtins.py::test_trap_remove_handler PASSED [ 66%]
tests_new/unit/builtins/test_signal_builtins.py::test_trap_ignore_signal PASSED [ 66%]
tests_new/unit/builtins/test_signal_builtins.py::test_trap_invalid_signal PASSED [ 66%]
tests_new/unit/builtins/test_signal_builtins.py::test_trap_multiple_signals PASSED [ 66%]
tests_new/unit/builtins/test_signal_builtins.py::test_trap_numeric_signal PASSED [ 66%]
tests_new/unit/builtins/test_signal_builtins.py::test_trap_command_substitution PASSED [ 66%]
tests_new/unit/builtins/test_signal_builtins.py::test_trap_print_specific_signal PASSED [ 66%]
tests_new/unit/builtins/test_signal_builtins.py::test_trap_help PASSED   [ 66%]
tests_new/unit/builtins/test_signal_builtins.py::test_trap_error_cases PASSED [ 66%]
tests_new/unit/builtins/test_signal_builtins.py::test_trap_unix_signals PASSED [ 66%]
tests_new/unit/builtins/test_signal_builtins.py::test_trap_persistence PASSED [ 66%]
tests_new/unit/builtins/test_signal_builtins.py::test_trap_in_subshell PASSED [ 66%]
tests_new/unit/builtins/test_signal_builtins.py::test_trap_script_mode PASSED [ 66%]
tests_new/unit/builtins/test_test_builtin.py::TestFileTests::test_file_exists PASSED [ 66%]
tests_new/unit/builtins/test_test_builtin.py::TestFileTests::test_regular_file PASSED [ 66%]
tests_new/unit/builtins/test_test_builtin.py::TestFileTests::test_directory PASSED [ 66%]
tests_new/unit/builtins/test_test_builtin.py::TestFileTests::test_readable_file PASSED [ 66%]
tests_new/unit/builtins/test_test_builtin.py::TestFileTests::test_writable_file PASSED [ 67%]
tests_new/unit/builtins/test_test_builtin.py::TestFileTests::test_executable_file PASSED [ 67%]
tests_new/unit/builtins/test_test_builtin.py::TestFileTests::test_file_size PASSED [ 67%]
tests_new/unit/builtins/test_test_builtin.py::TestStringTests::test_string_empty PASSED [ 67%]
tests_new/unit/builtins/test_test_builtin.py::TestStringTests::test_string_not_empty PASSED [ 67%]
tests_new/unit/builtins/test_test_builtin.py::TestStringTests::test_string_equality PASSED [ 67%]
tests_new/unit/builtins/test_test_builtin.py::TestStringTests::test_string_inequality PASSED [ 67%]
tests_new/unit/builtins/test_test_builtin.py::TestStringTests::test_string_with_variables PASSED [ 67%]
tests_new/unit/builtins/test_test_builtin.py::TestNumericTests::test_numeric_equal PASSED [ 67%]
tests_new/unit/builtins/test_test_builtin.py::TestNumericTests::test_numeric_not_equal PASSED [ 67%]
tests_new/unit/builtins/test_test_builtin.py::TestNumericTests::test_numeric_less_than PASSED [ 67%]
tests_new/unit/builtins/test_test_builtin.py::TestNumericTests::test_numeric_greater_than PASSED [ 67%]
tests_new/unit/builtins/test_test_builtin.py::TestNumericTests::test_numeric_less_equal PASSED [ 67%]
tests_new/unit/builtins/test_test_builtin.py::TestNumericTests::test_numeric_greater_equal PASSED [ 67%]
tests_new/unit/builtins/test_test_builtin.py::TestLogicalOperators::test_logical_and XFAIL [ 67%]
tests_new/unit/builtins/test_test_builtin.py::TestLogicalOperators::test_logical_or XFAIL [ 67%]
tests_new/unit/builtins/test_test_builtin.py::TestLogicalOperators::test_negation PASSED [ 67%]
tests_new/unit/builtins/test_test_builtin.py::TestLogicalOperators::test_parentheses XFAIL [ 67%]
tests_new/unit/builtins/test_test_builtin.py::TestSpecialCases::test_empty_test PASSED [ 67%]
tests_new/unit/builtins/test_test_builtin.py::TestSpecialCases::test_single_argument PASSED [ 68%]
tests_new/unit/builtins/test_test_builtin.py::TestSpecialCases::test_bracket_spacing PASSED [ 68%]
tests_new/unit/builtins/test_test_builtin.py::TestSpecialCases::test_invalid_operator PASSED [ 68%]
tests_new/unit/builtins/test_test_builtin.py::TestSpecialCases::test_file_comparison PASSED [ 68%]
tests_new/unit/executor/test_executor_visitor_basic.py::TestSimpleCommandExecution::test_empty_command_list PASSED [ 68%]
tests_new/unit/executor/test_executor_visitor_basic.py::TestSimpleCommandExecution::test_echo_builtin_execution PASSED [ 68%]
tests_new/unit/executor/test_executor_visitor_basic.py::TestSimpleCommandExecution::test_simple_variable_assignment PASSED [ 68%]
tests_new/unit/executor/test_executor_visitor_basic.py::TestSimpleCommandExecution::test_command_with_variable_assignment XFAIL [ 68%]
tests_new/unit/executor/test_executor_visitor_basic.py::TestSimpleCommandExecution::test_external_command_execution PASSED [ 68%]
tests_new/unit/executor/test_executor_visitor_basic.py::TestSimpleCommandExecution::test_command_not_found_error PASSED [ 68%]
tests_new/unit/executor/test_executor_visitor_basic.py::TestVariableHandling::test_multiple_variable_assignments PASSED [ 68%]
tests_new/unit/executor/test_executor_visitor_basic.py::TestVariableHandling::test_variable_expansion_in_commands PASSED [ 68%]
tests_new/unit/executor/test_executor_visitor_basic.py::TestVariableHandling::test_environment_variable_access PASSED [ 68%]
tests_new/unit/executor/test_executor_visitor_basic.py::TestVariableHandling::test_variable_modification PASSED [ 68%]
tests_new/unit/executor/test_executor_visitor_basic.py::TestExitStatusHandling::test_successful_command_exit_status PASSED [ 68%]
tests_new/unit/executor/test_executor_visitor_basic.py::TestExitStatusHandling::test_failed_command_exit_status PASSED [ 68%]
tests_new/unit/executor/test_executor_visitor_basic.py::TestExitStatusHandling::test_exit_status_persistence PASSED [ 68%]
tests_new/unit/executor/test_executor_visitor_basic.py::TestExitStatusHandling::test_builtin_command_exit_status PASSED [ 68%]
tests_new/unit/executor/test_executor_visitor_basic.py::TestCommandTypes::test_builtin_command_execution PASSED [ 68%]
tests_new/unit/executor/test_executor_visitor_basic.py::TestCommandTypes::test_external_command_types PASSED [ 69%]
tests_new/unit/executor/test_executor_visitor_basic.py::TestCommandTypes::test_command_with_arguments PASSED [ 69%]
tests_new/unit/executor/test_executor_visitor_basic.py::TestCommandTypes::test_quoted_arguments PASSED [ 69%]
tests_new/unit/executor/test_executor_visitor_basic.py::TestErrorConditions::test_invalid_command_handling PASSED [ 69%]
tests_new/unit/executor/test_executor_visitor_basic.py::TestErrorConditions::test_permission_denied_handling PASSED [ 69%]
tests_new/unit/executor/test_executor_visitor_basic.py::TestErrorConditions::test_syntax_error_resilience PASSED [ 69%]
tests_new/unit/executor/test_executor_visitor_basic.py::TestSpecialCases::test_empty_variable_assignment PASSED [ 69%]
tests_new/unit/executor/test_executor_visitor_basic.py::TestSpecialCases::test_numeric_variable_values PASSED [ 69%]
tests_new/unit/executor/test_executor_visitor_basic.py::TestSpecialCases::test_special_characters_in_values PASSED [ 69%]
tests_new/unit/executor/test_executor_visitor_basic.py::TestSpecialCases::test_variable_unset_behavior PASSED [ 69%]
tests_new/unit/executor/test_executor_visitor_basic.py::TestSpecialCases::test_command_line_length_handling PASSED [ 69%]
tests_new/unit/executor/test_executor_visitor_basic.py::TestStatePersistence::test_variable_persistence PASSED [ 69%]
tests_new/unit/executor/test_executor_visitor_basic.py::TestStatePersistence::test_working_directory_persistence PASSED [ 69%]
tests_new/unit/executor/test_executor_visitor_basic.py::TestStatePersistence::test_environment_persistence PASSED [ 69%]
tests_new/unit/executor/test_executor_visitor_control_flow.py::TestLogicalOperators::test_and_operator_success_path PASSED [ 69%]
tests_new/unit/executor/test_executor_visitor_control_flow.py::TestLogicalOperators::test_and_operator_failure_path PASSED [ 69%]
tests_new/unit/executor/test_executor_visitor_control_flow.py::TestLogicalOperators::test_or_operator_success_path PASSED [ 69%]
tests_new/unit/executor/test_executor_visitor_control_flow.py::TestLogicalOperators::test_or_operator_failure_path PASSED [ 69%]
tests_new/unit/executor/test_executor_visitor_control_flow.py::TestLogicalOperators::test_chained_logical_operators PASSED [ 69%]
tests_new/unit/executor/test_executor_visitor_control_flow.py::TestLogicalOperators::test_mixed_logical_operators PASSED [ 70%]
tests_new/unit/executor/test_executor_visitor_control_flow.py::TestConditionalStatements::test_simple_if_true PASSED [ 70%]
tests_new/unit/executor/test_executor_visitor_control_flow.py::TestConditionalStatements::test_simple_if_false PASSED [ 70%]
tests_new/unit/executor/test_executor_visitor_control_flow.py::TestConditionalStatements::test_if_else_true_path PASSED [ 70%]
tests_new/unit/executor/test_executor_visitor_control_flow.py::TestConditionalStatements::test_if_else_false_path PASSED [ 70%]
tests_new/unit/executor/test_executor_visitor_control_flow.py::TestConditionalStatements::test_if_elif_else_chain PASSED [ 70%]
tests_new/unit/executor/test_executor_visitor_control_flow.py::TestLoopStatements::test_while_loop_execution PASSED [ 70%]
tests_new/unit/executor/test_executor_visitor_control_flow.py::TestLoopStatements::test_for_loop_with_list PASSED [ 70%]
tests_new/unit/executor/test_executor_visitor_control_flow.py::TestLoopStatements::test_for_loop_with_range PASSED [ 70%]
tests_new/unit/executor/test_executor_visitor_control_flow.py::TestLoopStatements::test_nested_loops PASSED [ 70%]
tests_new/unit/executor/test_executor_visitor_control_flow.py::TestCaseStatements::test_simple_case_match PASSED [ 70%]
tests_new/unit/executor/test_executor_visitor_control_flow.py::TestCaseStatements::test_case_wildcard_match PASSED [ 70%]
tests_new/unit/executor/test_executor_visitor_control_flow.py::TestCaseStatements::test_case_multiple_patterns PASSED [ 70%]
tests_new/unit/executor/test_executor_visitor_control_flow.py::TestCaseStatements::test_case_no_match PASSED [ 70%]
tests_new/unit/executor/test_executor_visitor_control_flow.py::TestLoopControl::test_break_in_for_loop PASSED [ 70%]
tests_new/unit/executor/test_executor_visitor_control_flow.py::TestLoopControl::test_continue_in_for_loop PASSED [ 70%]
tests_new/unit/executor/test_executor_visitor_control_flow.py::TestLoopControl::test_break_in_while_loop PASSED [ 70%]
tests_new/unit/executor/test_executor_visitor_control_flow.py::TestLoopControl::test_break_outside_loop_error XFAIL [ 70%]
tests_new/unit/executor/test_executor_visitor_control_flow.py::TestLoopControl::test_continue_outside_loop_error XFAIL [ 70%]
tests_new/unit/executor/test_executor_visitor_control_flow.py::TestComplexControlFlow::test_if_in_loop PASSED [ 71%]
tests_new/unit/executor/test_executor_visitor_control_flow.py::TestComplexControlFlow::test_case_in_loop PASSED [ 71%]
tests_new/unit/executor/test_executor_visitor_control_flow.py::TestComplexControlFlow::test_nested_if_statements PASSED [ 71%]
tests_new/unit/executor/test_executor_visitor_control_flow.py::TestComplexControlFlow::test_loop_with_logical_operators PASSED [ 71%]
tests_new/unit/executor/test_executor_visitor_functions.py::TestFunctionDefinition::test_simple_function_definition PASSED [ 71%]
tests_new/unit/executor/test_executor_visitor_functions.py::TestFunctionDefinition::test_function_with_parameters PASSED [ 71%]
tests_new/unit/executor/test_executor_visitor_functions.py::TestFunctionDefinition::test_multiline_function_definition PASSED [ 71%]
tests_new/unit/executor/test_executor_visitor_functions.py::TestFunctionDefinition::test_function_with_control_structures PASSED [ 71%]
tests_new/unit/executor/test_executor_visitor_functions.py::TestFunctionExecution::test_simple_function_call PASSED [ 71%]
tests_new/unit/executor/test_executor_visitor_functions.py::TestFunctionExecution::test_function_with_single_parameter PASSED [ 71%]
tests_new/unit/executor/test_executor_visitor_functions.py::TestFunctionExecution::test_function_with_multiple_parameters PASSED [ 71%]
tests_new/unit/executor/test_executor_visitor_functions.py::TestFunctionExecution::test_function_return_status PASSED [ 71%]
tests_new/unit/executor/test_executor_visitor_functions.py::TestFunctionExecution::test_recursive_function_call PASSED [ 71%]
tests_new/unit/executor/test_executor_visitor_functions.py::TestParameterHandling::test_positional_parameter_access PASSED [ 71%]
tests_new/unit/executor/test_executor_visitor_functions.py::TestParameterHandling::test_parameter_count_access PASSED [ 71%]
tests_new/unit/executor/test_executor_visitor_functions.py::TestParameterHandling::test_all_parameters_access PASSED [ 71%]
tests_new/unit/executor/test_executor_visitor_functions.py::TestParameterHandling::test_parameter_scoping XFAIL [ 71%]
tests_new/unit/executor/test_executor_visitor_functions.py::TestParameterHandling::test_empty_parameters PASSED [ 71%]
tests_new/unit/executor/test_executor_visitor_functions.py::TestFunctionScope::test_global_variable_access PASSED [ 71%]
tests_new/unit/executor/test_executor_visitor_functions.py::TestFunctionScope::test_local_variable_modification PASSED [ 72%]
tests_new/unit/executor/test_executor_visitor_functions.py::TestFunctionScope::test_function_local_variables PASSED [ 72%]
tests_new/unit/executor/test_executor_visitor_functions.py::TestFunctionScope::test_nested_function_calls PASSED [ 72%]
tests_new/unit/executor/test_executor_visitor_functions.py::TestFunctionComplexScenarios::test_function_with_loops PASSED [ 72%]
tests_new/unit/executor/test_executor_visitor_functions.py::TestFunctionComplexScenarios::test_function_with_conditionals PASSED [ 72%]
tests_new/unit/executor/test_executor_visitor_functions.py::TestFunctionComplexScenarios::test_function_with_case_statement PASSED [ 72%]
tests_new/unit/executor/test_executor_visitor_functions.py::TestFunctionComplexScenarios::test_function_exit_status_propagation PASSED [ 72%]
tests_new/unit/executor/test_executor_visitor_functions.py::TestFunctionErrorHandling::test_undefined_function_call PASSED [ 72%]
tests_new/unit/executor/test_executor_visitor_functions.py::TestFunctionErrorHandling::test_function_with_command_error PASSED [ 72%]
tests_new/unit/executor/test_executor_visitor_functions.py::TestFunctionErrorHandling::test_function_redefinition PASSED [ 72%]
tests_new/unit/expansion/test_arithmetic_comprehensive.py::TestArithmeticTokenizer::test_basic_numbers PASSED [ 72%]
tests_new/unit/expansion/test_arithmetic_comprehensive.py::TestArithmeticTokenizer::test_hex_numbers PASSED [ 72%]
tests_new/unit/expansion/test_arithmetic_comprehensive.py::TestArithmeticTokenizer::test_octal_numbers PASSED [ 72%]
tests_new/unit/expansion/test_arithmetic_comprehensive.py::TestArithmeticTokenizer::test_basic_operators PASSED [ 72%]
tests_new/unit/expansion/test_arithmetic_comprehensive.py::TestArithmeticTokenizer::test_comparison_operators PASSED [ 72%]
tests_new/unit/expansion/test_arithmetic_comprehensive.py::TestArithmeticTokenizer::test_assignment_operators PASSED [ 72%]
tests_new/unit/expansion/test_arithmetic_comprehensive.py::TestArithmeticTokenizer::test_increment_decrement PASSED [ 72%]
tests_new/unit/expansion/test_arithmetic_comprehensive.py::TestArithmeticParser::test_simple_expression PASSED [ 72%]
tests_new/unit/expansion/test_arithmetic_comprehensive.py::TestArithmeticParser::test_precedence PASSED [ 72%]
tests_new/unit/expansion/test_arithmetic_comprehensive.py::TestArithmeticParser::test_parentheses PASSED [ 72%]
tests_new/unit/expansion/test_arithmetic_comprehensive.py::TestArithmeticParser::test_ternary_operator PASSED [ 73%]
tests_new/unit/expansion/test_arithmetic_comprehensive.py::TestArithmeticEvaluator::test_basic_arithmetic PASSED [ 73%]
tests_new/unit/expansion/test_arithmetic_comprehensive.py::TestArithmeticEvaluator::test_precedence_evaluation PASSED [ 73%]
tests_new/unit/expansion/test_arithmetic_comprehensive.py::TestArithmeticEvaluator::test_comparison_operators PASSED [ 73%]
tests_new/unit/expansion/test_arithmetic_comprehensive.py::TestArithmeticEvaluator::test_logical_operators PASSED [ 73%]
tests_new/unit/expansion/test_arithmetic_comprehensive.py::TestArithmeticEvaluator::test_bitwise_operators PASSED [ 73%]
tests_new/unit/expansion/test_arithmetic_comprehensive.py::TestArithmeticEvaluator::test_variable_expansion PASSED [ 73%]
tests_new/unit/expansion/test_arithmetic_comprehensive.py::TestArithmeticEvaluator::test_variable_assignment PASSED [ 73%]
tests_new/unit/expansion/test_arithmetic_comprehensive.py::TestArithmeticEvaluator::test_increment_decrement PASSED [ 73%]
tests_new/unit/expansion/test_arithmetic_comprehensive.py::TestArithmeticEvaluator::test_ternary_operator PASSED [ 73%]
tests_new/unit/expansion/test_arithmetic_comprehensive.py::TestArithmeticEvaluator::test_comma_operator PASSED [ 73%]
tests_new/unit/expansion/test_arithmetic_comprehensive.py::TestArithmeticEvaluator::test_complex_expressions PASSED [ 73%]
tests_new/unit/expansion/test_arithmetic_comprehensive.py::TestArithmeticEvaluator::test_division_by_zero PASSED [ 73%]
tests_new/unit/expansion/test_arithmetic_comprehensive.py::TestArithmeticEvaluator::test_empty_expression PASSED [ 73%]
tests_new/unit/expansion/test_arithmetic_comprehensive.py::TestArithmeticEvaluator::test_non_numeric_variables PASSED [ 73%]
tests_new/unit/expansion/test_arithmetic_comprehensive.py::TestArithmeticIntegration::test_basic_arithmetic_expansion PASSED [ 73%]
tests_new/unit/expansion/test_arithmetic_comprehensive.py::TestArithmeticIntegration::test_arithmetic_with_variables PASSED [ 73%]
tests_new/unit/expansion/test_arithmetic_comprehensive.py::TestArithmeticIntegration::test_arithmetic_assignment PASSED [ 73%]
tests_new/unit/expansion/test_arithmetic_comprehensive.py::TestArithmeticIntegration::test_nested_arithmetic PASSED [ 73%]
tests_new/unit/expansion/test_arithmetic_comprehensive.py::TestArithmeticIntegration::test_arithmetic_in_conditionals PASSED [ 74%]
tests_new/unit/expansion/test_arithmetic_comprehensive.py::TestArithmeticIntegration::test_multiple_arithmetic_expansions PASSED [ 74%]
tests_new/unit/expansion/test_arithmetic_comprehensive.py::TestArithmeticIntegration::test_arithmetic_with_hex PASSED [ 74%]
tests_new/unit/expansion/test_arithmetic_comprehensive.py::TestArithmeticIntegration::test_arithmetic_with_octal PASSED [ 74%]
tests_new/unit/expansion/test_arithmetic_comprehensive.py::TestArithmeticIntegration::test_arithmetic_errors PASSED [ 74%]
tests_new/unit/expansion/test_arithmetic_comprehensive.py::TestArithmeticIntegration::test_arithmetic_side_effects PASSED [ 74%]
tests_new/unit/expansion/test_arithmetic_comprehensive.py::TestArithmeticIntegration::test_arithmetic_in_assignment PASSED [ 74%]
tests_new/unit/expansion/test_arithmetic_comprehensive.py::TestArithmeticIntegration::test_arithmetic_in_array_index PASSED [ 74%]
tests_new/unit/expansion/test_arithmetic_comprehensive.py::TestArithmeticIntegration::test_arithmetic_in_for_loop PASSED [ 74%]
tests_new/unit/expansion/test_arithmetic_comprehensive.py::TestArithmeticIntegration::test_arithmetic_with_command_substitution PASSED [ 74%]
tests_new/unit/expansion/test_arithmetic_expansion.py::TestBasicArithmetic::test_addition PASSED [ 74%]
tests_new/unit/expansion/test_arithmetic_expansion.py::TestBasicArithmetic::test_subtraction PASSED [ 74%]
tests_new/unit/expansion/test_arithmetic_expansion.py::TestBasicArithmetic::test_multiplication PASSED [ 74%]
tests_new/unit/expansion/test_arithmetic_expansion.py::TestBasicArithmetic::test_division PASSED [ 74%]
tests_new/unit/expansion/test_arithmetic_expansion.py::TestBasicArithmetic::test_modulo PASSED [ 74%]
tests_new/unit/expansion/test_arithmetic_expansion.py::TestBasicArithmetic::test_power PASSED [ 74%]
tests_new/unit/expansion/test_arithmetic_expansion.py::TestBasicArithmetic::test_negative_numbers PASSED [ 74%]
tests_new/unit/expansion/test_arithmetic_expansion.py::TestComparisonOperators::test_less_than PASSED [ 74%]
tests_new/unit/expansion/test_arithmetic_expansion.py::TestComparisonOperators::test_greater_than PASSED [ 74%]
tests_new/unit/expansion/test_arithmetic_expansion.py::TestComparisonOperators::test_less_equal PASSED [ 75%]
tests_new/unit/expansion/test_arithmetic_expansion.py::TestComparisonOperators::test_greater_equal PASSED [ 75%]
tests_new/unit/expansion/test_arithmetic_expansion.py::TestComparisonOperators::test_equal PASSED [ 75%]
tests_new/unit/expansion/test_arithmetic_expansion.py::TestComparisonOperators::test_not_equal PASSED [ 75%]
tests_new/unit/expansion/test_arithmetic_expansion.py::TestLogicalOperators::test_logical_and PASSED [ 75%]
tests_new/unit/expansion/test_arithmetic_expansion.py::TestLogicalOperators::test_logical_or PASSED [ 75%]
tests_new/unit/expansion/test_arithmetic_expansion.py::TestLogicalOperators::test_logical_not XFAIL [ 75%]
tests_new/unit/expansion/test_arithmetic_expansion.py::TestBitwiseOperators::test_bitwise_and PASSED [ 75%]
tests_new/unit/expansion/test_arithmetic_expansion.py::TestBitwiseOperators::test_bitwise_or PASSED [ 75%]
tests_new/unit/expansion/test_arithmetic_expansion.py::TestBitwiseOperators::test_bitwise_xor PASSED [ 75%]
tests_new/unit/expansion/test_arithmetic_expansion.py::TestBitwiseOperators::test_bitwise_not PASSED [ 75%]
tests_new/unit/expansion/test_arithmetic_expansion.py::TestBitwiseOperators::test_left_shift PASSED [ 75%]
tests_new/unit/expansion/test_arithmetic_expansion.py::TestBitwiseOperators::test_right_shift PASSED [ 75%]
tests_new/unit/expansion/test_arithmetic_expansion.py::TestVariableArithmetic::test_variable_reference PASSED [ 75%]
tests_new/unit/expansion/test_arithmetic_expansion.py::TestVariableArithmetic::test_variable_assignment PASSED [ 75%]
tests_new/unit/expansion/test_arithmetic_expansion.py::TestVariableArithmetic::test_compound_assignment PASSED [ 75%]
tests_new/unit/expansion/test_arithmetic_expansion.py::TestVariableArithmetic::test_increment_decrement PASSED [ 75%]
tests_new/unit/expansion/test_arithmetic_expansion.py::TestComplexExpressions::test_precedence PASSED [ 75%]
tests_new/unit/expansion/test_arithmetic_expansion.py::TestComplexExpressions::test_ternary_operator PASSED [ 75%]
tests_new/unit/expansion/test_arithmetic_expansion.py::TestComplexExpressions::test_comma_operator PASSED [ 76%]
tests_new/unit/expansion/test_arithmetic_expansion.py::TestComplexExpressions::test_nested_expressions XFAIL [ 76%]
tests_new/unit/expansion/test_arithmetic_expansion.py::TestNumberFormats::test_decimal PASSED [ 76%]
tests_new/unit/expansion/test_arithmetic_expansion.py::TestNumberFormats::test_octal PASSED [ 76%]
tests_new/unit/expansion/test_arithmetic_expansion.py::TestNumberFormats::test_hexadecimal PASSED [ 76%]
tests_new/unit/expansion/test_arithmetic_expansion.py::TestNumberFormats::test_base_notation XFAIL [ 76%]
tests_new/unit/expansion/test_arithmetic_expansion.py::TestArithmeticErrors::test_division_by_zero XFAIL [ 76%]
tests_new/unit/expansion/test_arithmetic_expansion.py::TestArithmeticErrors::test_undefined_variable PASSED [ 76%]
tests_new/unit/expansion/test_arithmetic_expansion.py::TestArithmeticErrors::test_invalid_syntax XFAIL [ 76%]
tests_new/unit/expansion/test_arithmetic_expansion.py::TestArithmeticCommand::test_arithmetic_command PASSED [ 76%]
tests_new/unit/expansion/test_arithmetic_expansion.py::TestArithmeticCommand::test_arithmetic_in_condition PASSED [ 76%]
tests_new/unit/expansion/test_arithmetic_expansion.py::TestArithmeticCommand::test_c_style_for_loop PASSED [ 76%]
tests_new/unit/expansion/test_brace_expansion.py::TestSimpleBraceExpansion::test_simple_list PASSED [ 76%]
tests_new/unit/expansion/test_brace_expansion.py::TestSimpleBraceExpansion::test_single_item PASSED [ 76%]
tests_new/unit/expansion/test_brace_expansion.py::TestSimpleBraceExpansion::test_empty_item XFAIL [ 76%]
tests_new/unit/expansion/test_brace_expansion.py::TestSimpleBraceExpansion::test_numeric_list PASSED [ 76%]
tests_new/unit/expansion/test_brace_expansion.py::TestSimpleBraceExpansion::test_mixed_list PASSED [ 76%]
tests_new/unit/expansion/test_brace_expansion.py::TestSimpleBraceExpansion::test_spaces_in_list PASSED [ 76%]
tests_new/unit/expansion/test_brace_expansion.py::TestRangeBraceExpansion::test_numeric_range_ascending PASSED [ 76%]
tests_new/unit/expansion/test_brace_expansion.py::TestRangeBraceExpansion::test_numeric_range_descending PASSED [ 77%]
tests_new/unit/expansion/test_brace_expansion.py::TestRangeBraceExpansion::test_numeric_range_with_step PASSED [ 77%]
tests_new/unit/expansion/test_brace_expansion.py::TestRangeBraceExpansion::test_zero_padded_range PASSED [ 77%]
tests_new/unit/expansion/test_brace_expansion.py::TestRangeBraceExpansion::test_negative_range PASSED [ 77%]
tests_new/unit/expansion/test_brace_expansion.py::TestRangeBraceExpansion::test_character_range PASSED [ 77%]
tests_new/unit/expansion/test_brace_expansion.py::TestRangeBraceExpansion::test_uppercase_range PASSED [ 77%]
tests_new/unit/expansion/test_brace_expansion.py::TestPrefixSuffixExpansion::test_prefix PASSED [ 77%]
tests_new/unit/expansion/test_brace_expansion.py::TestPrefixSuffixExpansion::test_suffix PASSED [ 77%]
tests_new/unit/expansion/test_brace_expansion.py::TestPrefixSuffixExpansion::test_prefix_and_suffix PASSED [ 77%]
tests_new/unit/expansion/test_brace_expansion.py::TestPrefixSuffixExpansion::test_multiple_prefixes PASSED [ 77%]
tests_new/unit/expansion/test_brace_expansion.py::TestPrefixSuffixExpansion::test_file_extension_pattern PASSED [ 77%]
tests_new/unit/expansion/test_brace_expansion.py::TestPrefixSuffixExpansion::test_path_pattern PASSED [ 77%]
tests_new/unit/expansion/test_brace_expansion.py::TestNestedBraceExpansion::test_nested_lists PASSED [ 77%]
tests_new/unit/expansion/test_brace_expansion.py::TestNestedBraceExpansion::test_nested_with_prefix PASSED [ 77%]
tests_new/unit/expansion/test_brace_expansion.py::TestNestedBraceExpansion::test_deeply_nested PASSED [ 77%]
tests_new/unit/expansion/test_brace_expansion.py::TestNestedBraceExpansion::test_nested_ranges PASSED [ 77%]
tests_new/unit/expansion/test_brace_expansion.py::TestComplexBracePatterns::test_multiple_expansions PASSED [ 77%]
tests_new/unit/expansion/test_brace_expansion.py::TestComplexBracePatterns::test_cartesian_product PASSED [ 77%]
tests_new/unit/expansion/test_brace_expansion.py::TestComplexBracePatterns::test_mixed_types XFAIL [ 77%]
tests_new/unit/expansion/test_brace_expansion.py::TestComplexBracePatterns::test_empty_expansion PASSED [ 78%]
tests_new/unit/expansion/test_brace_expansion.py::TestBraceExpansionEscaping::test_escaped_braces PASSED [ 78%]
tests_new/unit/expansion/test_brace_expansion.py::TestBraceExpansionEscaping::test_quoted_braces PASSED [ 78%]
tests_new/unit/expansion/test_brace_expansion.py::TestBraceExpansionEscaping::test_partial_quoting PASSED [ 78%]
tests_new/unit/expansion/test_brace_expansion.py::TestBraceExpansionEscaping::test_special_chars_in_expansion XFAIL [ 78%]
tests_new/unit/expansion/test_brace_expansion.py::TestBraceExpansionInContext::test_in_for_loop PASSED [ 78%]
tests_new/unit/expansion/test_brace_expansion.py::TestBraceExpansionInContext::test_with_command_substitution PASSED [ 78%]
tests_new/unit/expansion/test_brace_expansion.py::TestBraceExpansionInContext::test_in_variable_assignment PASSED [ 78%]
tests_new/unit/expansion/test_brace_expansion.py::TestBraceExpansionInContext::test_with_glob_pattern PASSED [ 78%]
tests_new/unit/expansion/test_brace_expansion.py::TestBraceExpansionEdgeCases::test_invalid_range XFAIL [ 78%]
tests_new/unit/expansion/test_brace_expansion.py::TestBraceExpansionEdgeCases::test_single_dot_range XFAIL [ 78%]
tests_new/unit/expansion/test_brace_expansion.py::TestBraceExpansionEdgeCases::test_unclosed_brace XFAIL [ 78%]
tests_new/unit/expansion/test_brace_expansion.py::TestBraceExpansionEdgeCases::test_empty_braces XFAIL [ 78%]
tests_new/unit/expansion/test_brace_expansion.py::TestBraceExpansionEdgeCases::test_very_long_expansion XFAIL [ 78%]
tests_new/unit/expansion/test_command_substitution.py::test_simple_dollar_paren_substitution PASSED [ 78%]
tests_new/unit/expansion/test_command_substitution.py::test_simple_backtick_substitution PASSED [ 78%]
tests_new/unit/expansion/test_command_substitution.py::test_substitution_with_variables PASSED [ 78%]
tests_new/unit/expansion/test_command_substitution.py::test_substitution_in_assignment PASSED [ 78%]
tests_new/unit/expansion/test_command_substitution.py::test_multiple_substitutions PASSED [ 78%]
tests_new/unit/expansion/test_command_substitution.py::test_substitution_with_spaces PASSED [ 79%]
tests_new/unit/expansion/test_command_substitution.py::test_substitution_trimming_newlines PASSED [ 79%]
tests_new/unit/expansion/test_command_substitution.py::test_nested_dollar_paren_substitution PASSED [ 79%]
tests_new/unit/expansion/test_command_substitution.py::test_nested_backtick_substitution PASSED [ 79%]
tests_new/unit/expansion/test_command_substitution.py::test_mixed_nested_substitution PASSED [ 79%]
tests_new/unit/expansion/test_command_substitution.py::test_substitution_with_quotes PASSED [ 79%]
tests_new/unit/expansion/test_command_substitution.py::test_substitution_with_special_chars PASSED [ 79%]
tests_new/unit/expansion/test_command_substitution.py::test_substitution_multiline_output PASSED [ 79%]
tests_new/unit/expansion/test_command_substitution.py::test_substitution_in_pipeline PASSED [ 79%]
tests_new/unit/expansion/test_command_substitution.py::test_empty_substitution PASSED [ 79%]
tests_new/unit/expansion/test_command_substitution.py::test_substitution_exit_status PASSED [ 79%]
tests_new/unit/expansion/test_command_substitution.py::test_substitution_with_error PASSED [ 79%]
tests_new/unit/expansion/test_command_substitution.py::test_substitution_in_if_condition PASSED [ 79%]
tests_new/unit/expansion/test_command_substitution.py::test_substitution_with_builtin PASSED [ 79%]
tests_new/unit/expansion/test_command_substitution.py::test_substitution_with_arithmetic PASSED [ 79%]
tests_new/unit/expansion/test_command_substitution.py::test_substitution_preserves_exit_status PASSED [ 79%]
tests_new/unit/expansion/test_command_substitution.py::test_backtick_escaping XFAIL [ 79%]
tests_new/unit/expansion/test_command_substitution.py::test_dollar_paren_in_string PASSED [ 79%]
tests_new/unit/expansion/test_command_substitution.py::test_substitution_with_redirection PASSED [ 79%]
tests_new/unit/expansion/test_command_substitution.py::test_word_splitting_in_substitution PASSED [ 80%]
tests_new/unit/expansion/test_command_substitution.py::test_unmatched_dollar_paren XFAIL [ 80%]
tests_new/unit/expansion/test_command_substitution.py::test_unmatched_backtick XFAIL [ 80%]
tests_new/unit/expansion/test_command_substitution.py::test_empty_substitution_syntax PASSED [ 80%]
tests_new/unit/expansion/test_command_substitution.py::test_substitution_with_semicolon PASSED [ 80%]
tests_new/unit/expansion/test_command_substitution.py::test_deeply_nested_substitution PASSED [ 80%]
tests_new/unit/expansion/test_command_substitution.py::test_substitution_with_complex_expansion PASSED [ 80%]
tests_new/unit/expansion/test_command_substitution.py::test_substitution_in_here_document PASSED [ 80%]
tests_new/unit/expansion/test_command_substitution.py::test_substitution_with_external_command PASSED [ 80%]
tests_new/unit/expansion/test_glob_expansion.py::TestBasicGlobbing::test_asterisk_wildcard PASSED [ 80%]
tests_new/unit/expansion/test_glob_expansion.py::TestBasicGlobbing::test_question_wildcard PASSED [ 80%]
tests_new/unit/expansion/test_glob_expansion.py::TestBasicGlobbing::test_no_matches PASSED [ 80%]
tests_new/unit/expansion/test_glob_expansion.py::TestBasicGlobbing::test_mixed_wildcards PASSED [ 80%]
tests_new/unit/expansion/test_glob_expansion.py::TestCharacterClasses::test_simple_character_class PASSED [ 80%]
tests_new/unit/expansion/test_glob_expansion.py::TestCharacterClasses::test_character_range PASSED [ 80%]
tests_new/unit/expansion/test_glob_expansion.py::TestCharacterClasses::test_negated_character_class XFAIL [ 80%]
tests_new/unit/expansion/test_glob_expansion.py::TestCharacterClasses::test_multiple_ranges PASSED [ 80%]
tests_new/unit/expansion/test_glob_expansion.py::TestHiddenFiles::test_hidden_files_not_matched PASSED [ 80%]
tests_new/unit/expansion/test_glob_expansion.py::TestHiddenFiles::test_explicit_hidden_pattern PASSED [ 80%]
tests_new/unit/expansion/test_glob_expansion.py::TestDirectoryGlobbing::test_directory_wildcard PASSED [ 81%]
tests_new/unit/expansion/test_glob_expansion.py::TestDirectoryGlobbing::test_recursive_glob PASSED [ 81%]
tests_new/unit/expansion/test_glob_expansion.py::TestDirectoryGlobbing::test_path_with_wildcards PASSED [ 81%]
tests_new/unit/expansion/test_glob_expansion.py::TestGlobEscaping::test_escaped_asterisk PASSED [ 81%]
tests_new/unit/expansion/test_glob_expansion.py::TestGlobEscaping::test_quoted_patterns PASSED [ 81%]
tests_new/unit/expansion/test_glob_expansion.py::TestGlobEscaping::test_partial_quoting XFAIL [ 81%]
tests_new/unit/expansion/test_glob_expansion.py::TestComplexGlobPatterns::test_multiple_patterns PASSED [ 81%]
tests_new/unit/expansion/test_glob_expansion.py::TestComplexGlobPatterns::test_glob_with_brace_expansion PASSED [ 81%]
tests_new/unit/expansion/test_glob_expansion.py::TestComplexGlobPatterns::test_complex_character_class PASSED [ 81%]
tests_new/unit/expansion/test_glob_expansion.py::TestGlobInContext::test_glob_in_for_loop PASSED [ 81%]
tests_new/unit/expansion/test_glob_expansion.py::TestGlobInContext::test_glob_with_variable XFAIL [ 81%]
tests_new/unit/expansion/test_glob_expansion.py::TestGlobInContext::test_glob_in_case_statement PASSED [ 81%]
tests_new/unit/expansion/test_glob_expansion.py::TestGlobOptions::test_nullglob_behavior PASSED [ 81%]
tests_new/unit/expansion/test_glob_expansion.py::TestGlobOptions::test_dotglob_behavior PASSED [ 81%]
tests_new/unit/expansion/test_param_exp_operators.py::test_default_value_operator PASSED [ 81%]
tests_new/unit/expansion/test_param_exp_operators.py::test_alternative_value_operator PASSED [ 81%]
tests_new/unit/expansion/test_param_exp_operators.py::test_assign_default_operator PASSED [ 81%]
tests_new/unit/expansion/test_param_exp_operators.py::test_error_if_unset_operator PASSED [ 81%]
tests_new/unit/expansion/test_param_exp_operators.py::test_expansion_in_default_values PASSED [ 81%]
tests_new/unit/expansion/test_param_exp_operators.py::test_operators_with_special_variables PASSED [ 81%]
tests_new/unit/expansion/test_param_exp_operators.py::test_nested_expansions PASSED [ 82%]
tests_new/unit/expansion/test_param_exp_operators.py::test_operators_with_arrays XFAIL [ 82%]
tests_new/unit/expansion/test_param_exp_operators.py::test_positional_parameter_operators PASSED [ 82%]
tests_new/unit/expansion/test_parameter_expansion.py::TestDefaultValueExpansion::test_use_default_when_unset PASSED [ 82%]
tests_new/unit/expansion/test_parameter_expansion.py::TestDefaultValueExpansion::test_use_default_when_null PASSED [ 82%]
tests_new/unit/expansion/test_parameter_expansion.py::TestDefaultValueExpansion::test_use_value_when_set PASSED [ 82%]
tests_new/unit/expansion/test_parameter_expansion.py::TestDefaultValueExpansion::test_without_colon_null_not_default PASSED [ 82%]
tests_new/unit/expansion/test_parameter_expansion.py::TestDefaultValueExpansion::test_complex_default XPASS [ 82%]
tests_new/unit/expansion/test_parameter_expansion.py::TestAssignDefaultExpansion::test_assign_when_unset PASSED [ 82%]
tests_new/unit/expansion/test_parameter_expansion.py::TestAssignDefaultExpansion::test_assign_when_null PASSED [ 82%]
tests_new/unit/expansion/test_parameter_expansion.py::TestAssignDefaultExpansion::test_no_assign_when_set PASSED [ 82%]
tests_new/unit/expansion/test_parameter_expansion.py::TestAssignDefaultExpansion::test_positional_param_assign_error PASSED [ 82%]
tests_new/unit/expansion/test_parameter_expansion.py::TestErrorIfUnsetExpansion::test_error_when_unset PASSED [ 82%]
tests_new/unit/expansion/test_parameter_expansion.py::TestErrorIfUnsetExpansion::test_error_when_null PASSED [ 82%]
tests_new/unit/expansion/test_parameter_expansion.py::TestErrorIfUnsetExpansion::test_no_error_when_set PASSED [ 82%]
tests_new/unit/expansion/test_parameter_expansion.py::TestErrorIfUnsetExpansion::test_without_colon_null_ok PASSED [ 82%]
tests_new/unit/expansion/test_parameter_expansion.py::TestAlternateValueExpansion::test_alternate_when_set PASSED [ 82%]
tests_new/unit/expansion/test_parameter_expansion.py::TestAlternateValueExpansion::test_empty_when_unset PASSED [ 82%]
tests_new/unit/expansion/test_parameter_expansion.py::TestAlternateValueExpansion::test_empty_when_null PASSED [ 82%]
tests_new/unit/expansion/test_parameter_expansion.py::TestAlternateValueExpansion::test_without_colon_null_uses_alternate XFAIL [ 83%]
tests_new/unit/expansion/test_parameter_expansion.py::TestAlternateValueExpansion::test_complex_alternate XPASS [ 83%]
tests_new/unit/expansion/test_parameter_expansion.py::TestPrefixRemoval::test_remove_shortest_prefix PASSED [ 83%]
tests_new/unit/expansion/test_parameter_expansion.py::TestPrefixRemoval::test_remove_longest_prefix PASSED [ 83%]
tests_new/unit/expansion/test_parameter_expansion.py::TestPrefixRemoval::test_prefix_with_wildcards PASSED [ 83%]
tests_new/unit/expansion/test_parameter_expansion.py::TestPrefixRemoval::test_no_match_prefix PASSED [ 83%]
tests_new/unit/expansion/test_parameter_expansion.py::TestPrefixRemoval::test_exact_match_prefix PASSED [ 83%]
tests_new/unit/expansion/test_parameter_expansion.py::TestSuffixRemoval::test_remove_shortest_suffix PASSED [ 83%]
tests_new/unit/expansion/test_parameter_expansion.py::TestSuffixRemoval::test_remove_longest_suffix PASSED [ 83%]
tests_new/unit/expansion/test_parameter_expansion.py::TestSuffixRemoval::test_suffix_with_wildcards PASSED [ 83%]
tests_new/unit/expansion/test_parameter_expansion.py::TestSuffixRemoval::test_directory_suffix PASSED [ 83%]
tests_new/unit/expansion/test_parameter_expansion.py::TestSuffixRemoval::test_extension_removal PASSED [ 83%]
tests_new/unit/expansion/test_parameter_expansion.py::TestPatternSubstitution::test_single_substitution XFAIL [ 83%]
tests_new/unit/expansion/test_parameter_expansion.py::TestPatternSubstitution::test_global_substitution XFAIL [ 83%]
tests_new/unit/expansion/test_parameter_expansion.py::TestPatternSubstitution::test_prefix_substitution XFAIL [ 83%]
tests_new/unit/expansion/test_parameter_expansion.py::TestPatternSubstitution::test_suffix_substitution XFAIL [ 83%]
tests_new/unit/expansion/test_parameter_expansion.py::TestPatternSubstitution::test_delete_pattern XFAIL [ 83%]
tests_new/unit/expansion/test_parameter_expansion.py::TestStringCaseModification::test_uppercase_first PASSED [ 83%]
tests_new/unit/expansion/test_parameter_expansion.py::TestStringCaseModification::test_uppercase_all PASSED [ 83%]
tests_new/unit/expansion/test_parameter_expansion.py::TestStringCaseModification::test_lowercase_first PASSED [ 84%]
tests_new/unit/expansion/test_parameter_expansion.py::TestStringCaseModification::test_lowercase_all PASSED [ 84%]
tests_new/unit/expansion/test_parameter_expansion.py::TestComplexParameterExpansion::test_nested_expansions PASSED [ 84%]
tests_new/unit/expansion/test_parameter_expansion.py::TestComplexParameterExpansion::test_expansion_in_assignment PASSED [ 84%]
tests_new/unit/expansion/test_parameter_expansion.py::TestComplexParameterExpansion::test_multiple_expansions PASSED [ 84%]
tests_new/unit/expansion/test_parameter_expansion.py::TestComplexParameterExpansion::test_expansion_with_quotes XPASS [ 84%]
tests_new/unit/expansion/test_tilde_expansion.py::TestBasicTildeExpansion::test_simple_tilde PASSED [ 84%]
tests_new/unit/expansion/test_tilde_expansion.py::TestBasicTildeExpansion::test_tilde_with_slash PASSED [ 84%]
tests_new/unit/expansion/test_tilde_expansion.py::TestBasicTildeExpansion::test_tilde_with_path PASSED [ 84%]
tests_new/unit/expansion/test_tilde_expansion.py::TestBasicTildeExpansion::test_tilde_in_variable PASSED [ 84%]
tests_new/unit/expansion/test_tilde_expansion.py::TestBasicTildeExpansion::test_tilde_plus XFAIL [ 84%]
tests_new/unit/expansion/test_tilde_expansion.py::TestBasicTildeExpansion::test_tilde_minus XFAIL [ 84%]
tests_new/unit/expansion/test_tilde_expansion.py::TestUserTildeExpansion::test_current_user PASSED [ 84%]
tests_new/unit/expansion/test_tilde_expansion.py::TestUserTildeExpansion::test_valid_user PASSED [ 84%]
tests_new/unit/expansion/test_tilde_expansion.py::TestUserTildeExpansion::test_invalid_user PASSED [ 84%]
tests_new/unit/expansion/test_tilde_expansion.py::TestTildePosition::test_tilde_at_start PASSED [ 84%]
tests_new/unit/expansion/test_tilde_expansion.py::TestTildePosition::test_tilde_after_colon XFAIL [ 84%]
tests_new/unit/expansion/test_tilde_expansion.py::TestTildePosition::test_tilde_after_equals XFAIL [ 84%]
tests_new/unit/expansion/test_tilde_expansion.py::TestTildePosition::test_multiple_tildes PASSED [ 84%]
tests_new/unit/expansion/test_tilde_expansion.py::TestTildeQuoting::test_single_quoted_tilde PASSED [ 85%]
tests_new/unit/expansion/test_tilde_expansion.py::TestTildeQuoting::test_double_quoted_tilde PASSED [ 85%]
tests_new/unit/expansion/test_tilde_expansion.py::TestTildeQuoting::test_escaped_tilde PASSED [ 85%]
tests_new/unit/expansion/test_tilde_expansion.py::TestTildeQuoting::test_partial_quoting XFAIL [ 85%]
tests_new/unit/expansion/test_tilde_expansion.py::TestTildeInContext::test_tilde_in_cd PASSED [ 85%]
tests_new/unit/expansion/test_tilde_expansion.py::TestTildeInContext::test_tilde_in_assignment PASSED [ 85%]
tests_new/unit/expansion/test_tilde_expansion.py::TestTildeInContext::test_tilde_in_array XFAIL [ 85%]
tests_new/unit/expansion/test_tilde_expansion.py::TestTildeInContext::test_tilde_in_for_loop XFAIL [ 85%]
tests_new/unit/expansion/test_tilde_expansion.py::TestTildeInContext::test_tilde_in_case XFAIL [ 85%]
tests_new/unit/expansion/test_tilde_expansion.py::TestTildeEdgeCases::test_tilde_only_in_assignment PASSED [ 85%]
tests_new/unit/expansion/test_tilde_expansion.py::TestTildeEdgeCases::test_empty_tilde_user PASSED [ 85%]
tests_new/unit/expansion/test_tilde_expansion.py::TestTildeEdgeCases::test_tilde_with_spaces PASSED [ 85%]
tests_new/unit/expansion/test_tilde_expansion.py::TestTildeEdgeCases::test_tilde_in_glob PASSED [ 85%]
tests_new/unit/expansion/test_tilde_expansion.py::TestTildeWithPWD::test_tilde_plus_pwd XFAIL [ 85%]
tests_new/unit/expansion/test_tilde_expansion.py::TestTildeWithPWD::test_tilde_minus_oldpwd XFAIL [ 85%]
tests_new/unit/expansion/test_tilde_expansion.py::TestTildeWithPWD::test_tilde_when_pwd_unset XPASS [ 85%]
tests_new/unit/expansion/test_variable_expansion_simple.py::test_simple_variable PASSED [ 85%]
tests_new/unit/expansion/test_variable_expansion_simple.py::test_braced_variable PASSED [ 85%]
tests_new/unit/expansion/test_variable_expansion_simple.py::test_undefined_variable PASSED [ 85%]
tests_new/unit/expansion/test_variable_expansion_simple.py::test_variable_in_string PASSED [ 86%]
tests_new/unit/expansion/test_variable_expansion_simple.py::test_no_expansion_in_single_quotes PASSED [ 86%]
tests_new/unit/lexer/test_basic_tokenization.py::TestBasicTokenization::test_simple_command PASSED [ 86%]
tests_new/unit/lexer/test_basic_tokenization.py::TestBasicTokenization::test_single_quoted_string PASSED [ 86%]
tests_new/unit/lexer/test_basic_tokenization.py::TestBasicTokenization::test_double_quoted_string PASSED [ 86%]
tests_new/unit/lexer/test_basic_tokenization.py::TestBasicTokenization::test_pipe_operator PASSED [ 86%]
tests_new/unit/lexer/test_basic_tokenization.py::TestBasicTokenization::test_redirect_operators PASSED [ 86%]
tests_new/unit/lexer/test_basic_tokenization.py::TestBasicTokenization::test_command_separator PASSED [ 86%]
tests_new/unit/lexer/test_basic_tokenization.py::TestBasicTokenization::test_background_operator PASSED [ 86%]
tests_new/unit/lexer/test_basic_tokenization.py::TestBasicTokenization::test_logical_operators PASSED [ 86%]
tests_new/unit/lexer/test_basic_tokenization.py::TestBasicTokenization::test_empty_input PASSED [ 86%]
tests_new/unit/lexer/test_basic_tokenization.py::TestBasicTokenization::test_whitespace_only PASSED [ 86%]
tests_new/unit/lexer/test_basic_tokenization.py::TestBasicTokenization::test_comment PASSED [ 86%]
tests_new/unit/lexer/test_basic_tokenization.py::TestBasicTokenization::test_newline_handling PASSED [ 86%]
tests_new/unit/lexer/test_basic_tokenization.py::TestTokenPosition::test_token_positions PASSED [ 86%]
tests_new/unit/lexer/test_basic_tokenization.py::TestTokenPosition::test_multiline_positions PASSED [ 86%]
tests_new/unit/lexer/test_basic_tokenization.py::TestEscapeSequences::test_backslash_escape PASSED [ 86%]
tests_new/unit/lexer/test_basic_tokenization.py::TestEscapeSequences::test_escape_special_chars PASSED [ 86%]
tests_new/unit/lexer/test_basic_tokenization.py::TestComplexTokenization::test_nested_quotes PASSED [ 86%]
tests_new/unit/lexer/test_basic_tokenization.py::TestComplexTokenization::test_command_substitution_tokens PASSED [ 87%]
tests_new/unit/lexer/test_basic_tokenization.py::TestComplexTokenization::test_variable_tokens PASSED [ 87%]
tests_new/unit/lexer/test_lexer_package_api.py::TestLexerPublicAPI::test_main_imports PASSED [ 87%]
tests_new/unit/lexer/test_lexer_package_api.py::TestLexerPublicAPI::test_constants_available PASSED [ 87%]
tests_new/unit/lexer/test_lexer_package_api.py::TestLexerPublicAPI::test_unicode_helper_functions PASSED [ 87%]
tests_new/unit/lexer/test_lexer_package_api.py::TestLexerPublicAPI::test_tokenize_function_basic PASSED [ 87%]
tests_new/unit/lexer/test_lexer_package_api.py::TestLexerPublicAPI::test_modular_lexer_basic_usage PASSED [ 87%]
tests_new/unit/lexer/test_lexer_package_api.py::TestLexerPublicAPI::test_lexer_config_usage PASSED [ 87%]
tests_new/unit/lexer/test_lexer_package_api.py::TestTokenDataStructures::test_token_part_structure PASSED [ 87%]
tests_new/unit/lexer/test_lexer_package_api.py::TestTokenDataStructures::test_rich_token_structure PASSED [ 87%]
tests_new/unit/lexer/test_lexer_package_api.py::TestPackageInternals::test_internal_module_imports PASSED [ 87%]
tests_new/unit/lexer/test_lexer_package_api.py::TestPackageInternals::test_modular_lexer_interface PASSED [ 87%]
tests_new/unit/lexer/test_lexer_package_api.py::TestLexerEdgeCases::test_empty_and_whitespace PASSED [ 87%]
tests_new/unit/lexer/test_lexer_package_api.py::TestLexerEdgeCases::test_unicode_input PASSED [ 87%]
tests_new/unit/lexer/test_lexer_package_api.py::TestLexerEdgeCases::test_long_input PASSED [ 87%]
tests_new/unit/lexer/test_modular_lexer_integration.py::TestModularLexerBasic::test_simple_command_tokenization PASSED [ 87%]
tests_new/unit/lexer/test_modular_lexer_integration.py::TestModularLexerBasic::test_pipeline_tokenization PASSED [ 87%]
tests_new/unit/lexer/test_modular_lexer_integration.py::TestModularLexerBasic::test_operator_recognition PASSED [ 87%]
tests_new/unit/lexer/test_modular_lexer_integration.py::TestModularLexerBasic::test_keyword_recognition PASSED [ 87%]
tests_new/unit/lexer/test_modular_lexer_integration.py::TestModularLexerBasic::test_for_loop_tokenization PASSED [ 88%]
tests_new/unit/lexer/test_modular_lexer_integration.py::TestRecognizerRegistry::test_default_registry_setup PASSED [ 88%]
tests_new/unit/lexer/test_modular_lexer_integration.py::TestRecognizerRegistry::test_priority_ordering PASSED [ 88%]
tests_new/unit/lexer/test_modular_lexer_integration.py::TestRecognizerRegistry::test_registry_recognition PASSED [ 88%]
tests_new/unit/lexer/test_modular_lexer_integration.py::TestLexerCompatibility::test_equivalent_tokenization PASSED [ 88%]
tests_new/unit/lexer/test_modular_lexer_integration.py::TestLexerContext::test_command_position_context PASSED [ 88%]
tests_new/unit/lexer/test_modular_lexer_integration.py::TestLexerContext::test_bracket_depth_context PASSED [ 88%]
tests_new/unit/lexer/test_modular_lexer_integration.py::TestOperatorRecognition::test_greedy_operator_matching PASSED [ 88%]
tests_new/unit/lexer/test_modular_lexer_integration.py::TestOperatorRecognition::test_single_vs_double_operators PASSED [ 88%]
tests_new/unit/lexer/test_modular_lexer_integration.py::TestKeywordRecognition::test_keyword_command_position_requirement PASSED [ 88%]
tests_new/unit/lexer/test_modular_lexer_integration.py::TestKeywordRecognition::test_control_flow_keywords PASSED [ 88%]
tests_new/unit/lexer/test_pure_helpers.py::TestTextProcessing::test_read_until_char_basic PASSED [ 88%]
tests_new/unit/lexer/test_pure_helpers.py::TestTextProcessing::test_read_until_char_not_found PASSED [ 88%]
tests_new/unit/lexer/test_pure_helpers.py::TestTextProcessing::test_read_until_char_with_escapes PASSED [ 88%]
tests_new/unit/lexer/test_pure_helpers.py::TestTextProcessing::test_read_until_char_empty_input PASSED [ 88%]
tests_new/unit/lexer/test_pure_helpers.py::TestTextProcessing::test_read_until_char_start_position PASSED [ 88%]
tests_new/unit/lexer/test_pure_helpers.py::TestTextProcessing::test_find_word_boundary_basic PASSED [ 88%]
tests_new/unit/lexer/test_pure_helpers.py::TestTextProcessing::test_find_word_boundary_with_escapes PASSED [ 88%]
tests_new/unit/lexer/test_pure_helpers.py::TestTextProcessing::test_find_word_boundary_no_boundary PASSED [ 88%]
tests_new/unit/lexer/test_pure_helpers.py::TestTextProcessing::test_scan_whitespace_basic PASSED [ 89%]
tests_new/unit/lexer/test_pure_helpers.py::TestTextProcessing::test_scan_whitespace_mixed PASSED [ 89%]
tests_new/unit/lexer/test_pure_helpers.py::TestTextProcessing::test_scan_whitespace_none PASSED [ 89%]
tests_new/unit/lexer/test_pure_helpers.py::TestTextProcessing::test_scan_whitespace_all PASSED [ 89%]
tests_new/unit/lexer/test_pure_helpers.py::TestDelimiterMatching::test_find_closing_delimiter_simple PASSED [ 89%]
tests_new/unit/lexer/test_pure_helpers.py::TestDelimiterMatching::test_find_closing_delimiter_nested PASSED [ 89%]
tests_new/unit/lexer/test_pure_helpers.py::TestDelimiterMatching::test_find_closing_delimiter_unclosed PASSED [ 89%]
tests_new/unit/lexer/test_pure_helpers.py::TestDelimiterMatching::test_find_closing_delimiter_with_quotes PASSED [ 89%]
tests_new/unit/lexer/test_pure_helpers.py::TestDelimiterMatching::test_find_closing_delimiter_with_escapes PASSED [ 89%]
tests_new/unit/lexer/test_pure_helpers.py::TestDelimiterMatching::test_find_closing_delimiter_multi_char PASSED [ 89%]
tests_new/unit/lexer/test_pure_helpers.py::TestDelimiterMatching::test_find_balanced_parentheses_simple PASSED [ 89%]
tests_new/unit/lexer/test_pure_helpers.py::TestDelimiterMatching::test_find_balanced_parentheses_nested PASSED [ 89%]
tests_new/unit/lexer/test_pure_helpers.py::TestDelimiterMatching::test_find_balanced_double_parentheses PASSED [ 89%]
tests_new/unit/lexer/test_pure_helpers.py::TestDelimiterMatching::test_validate_brace_expansion_simple PASSED [ 89%]
tests_new/unit/lexer/test_pure_helpers.py::TestDelimiterMatching::test_validate_brace_expansion_nested PASSED [ 89%]
tests_new/unit/lexer/test_pure_helpers.py::TestDelimiterMatching::test_validate_brace_expansion_unclosed PASSED [ 89%]
tests_new/unit/lexer/test_pure_helpers.py::TestEscapeSequenceHandling::test_handle_escape_outside_quotes PASSED [ 89%]
tests_new/unit/lexer/test_pure_helpers.py::TestEscapeSequenceHandling::test_handle_escape_in_double_quotes PASSED [ 89%]
tests_new/unit/lexer/test_pure_helpers.py::TestEscapeSequenceHandling::test_handle_escape_in_single_quotes PASSED [ 89%]
tests_new/unit/lexer/test_pure_helpers.py::TestEscapeSequenceHandling::test_handle_escape_line_continuation PASSED [ 90%]
tests_new/unit/lexer/test_pure_helpers.py::TestEscapeSequenceHandling::test_handle_escape_end_of_input PASSED [ 90%]
tests_new/unit/lexer/test_pure_helpers.py::TestQuoteProcessing::test_extract_quoted_content_double_quotes PASSED [ 90%]
tests_new/unit/lexer/test_pure_helpers.py::TestQuoteProcessing::test_extract_quoted_content_single_quotes PASSED [ 90%]
tests_new/unit/lexer/test_pure_helpers.py::TestQuoteProcessing::test_extract_quoted_content_with_escapes PASSED [ 90%]
tests_new/unit/lexer/test_pure_helpers.py::TestQuoteProcessing::test_extract_quoted_content_unclosed PASSED [ 90%]
tests_new/unit/lexer/test_pure_helpers.py::TestQuoteProcessing::test_extract_quoted_content_empty PASSED [ 90%]
tests_new/unit/lexer/test_pure_helpers.py::TestVariableNameExtraction::test_extract_variable_name_simple PASSED [ 90%]
tests_new/unit/lexer/test_pure_helpers.py::TestVariableNameExtraction::test_extract_variable_name_special PASSED [ 90%]
tests_new/unit/lexer/test_pure_helpers.py::TestVariableNameExtraction::test_extract_variable_name_with_numbers PASSED [ 90%]
tests_new/unit/lexer/test_pure_helpers.py::TestVariableNameExtraction::test_extract_variable_name_special_sequence PASSED [ 90%]
tests_new/unit/lexer/test_pure_helpers.py::TestVariableNameExtraction::test_extract_variable_name_underscore_start PASSED [ 90%]
tests_new/unit/lexer/test_pure_helpers.py::TestCommentDetection::test_is_comment_start_at_line_start PASSED [ 90%]
tests_new/unit/lexer/test_pure_helpers.py::TestCommentDetection::test_is_comment_start_after_whitespace PASSED [ 90%]
tests_new/unit/lexer/test_pure_helpers.py::TestCommentDetection::test_is_comment_start_after_operator PASSED [ 90%]
tests_new/unit/lexer/test_pure_helpers.py::TestCommentDetection::test_is_comment_start_invalid_context PASSED [ 90%]
tests_new/unit/lexer/test_pure_helpers.py::TestCommentDetection::test_is_comment_start_wrong_character PASSED [ 90%]
tests_new/unit/lexer/test_pure_helpers.py::TestOperatorRecognition::test_find_operator_match_single_char PASSED [ 90%]
tests_new/unit/lexer/test_pure_helpers.py::TestOperatorRecognition::test_find_operator_match_multi_char PASSED [ 90%]
tests_new/unit/lexer/test_pure_helpers.py::TestOperatorRecognition::test_find_operator_match_longest_priority PASSED [ 90%]
tests_new/unit/lexer/test_pure_helpers.py::TestOperatorRecognition::test_find_operator_match_no_match PASSED [ 91%]
tests_new/unit/lexer/test_pure_helpers.py::TestExpansionDetection::test_is_inside_expansion_arithmetic PASSED [ 91%]
tests_new/unit/lexer/test_pure_helpers.py::TestExpansionDetection::test_is_inside_expansion_command_substitution PASSED [ 91%]
tests_new/unit/lexer/test_pure_helpers.py::TestExpansionDetection::test_is_inside_expansion_backticks PASSED [ 91%]
tests_new/unit/lexer/test_pure_helpers.py::TestExpansionDetection::test_is_inside_expansion_outside PASSED [ 91%]
tests_new/unit/lexer/test_pure_helpers.py::TestPureFunctionIntegration::test_complex_parsing_scenario PASSED [ 91%]
tests_new/unit/lexer/test_pure_helpers.py::TestPureFunctionIntegration::test_nested_structures_parsing PASSED [ 91%]
tests_new/unit/lexer/test_pure_helpers.py::TestPureFunctionIntegration::test_error_recovery_scenarios PASSED [ 91%]
tests_new/unit/lexer/test_pure_helpers.py::TestPureFunctionIntegration::test_escape_and_quote_interaction PASSED [ 91%]
tests_new/unit/lexer/test_pure_helpers.py::TestPureFunctionIntegration::test_variable_name_boundary_detection PASSED [ 91%]
tests_new/unit/lexer/test_pure_helpers.py::TestPureFunctionIntegration::test_comment_and_operator_interaction PASSED [ 91%]
tests_new/unit/lexer/test_token_recognizers_comprehensive.py::TestTokenRecognizerBase::test_base_recognizer_abstract PASSED [ 91%]
tests_new/unit/lexer/test_token_recognizers_comprehensive.py::TestOperatorRecognizer::test_single_character_operators PASSED [ 91%]
tests_new/unit/lexer/test_token_recognizers_comprehensive.py::TestOperatorRecognizer::test_multi_character_operators PASSED [ 91%]
tests_new/unit/lexer/test_token_recognizers_comprehensive.py::TestOperatorRecognizer::test_greedy_operator_matching PASSED [ 91%]
tests_new/unit/lexer/test_token_recognizers_comprehensive.py::TestOperatorRecognizer::test_context_sensitive_operators PASSED [ 91%]
tests_new/unit/lexer/test_token_recognizers_comprehensive.py::TestOperatorRecognizer::test_operator_not_recognized PASSED [ 91%]
tests_new/unit/lexer/test_token_recognizers_comprehensive.py::TestOperatorRecognizer::test_operator_at_position PASSED [ 91%]
tests_new/unit/lexer/test_token_recognizers_comprehensive.py::TestKeywordRecognizer::test_basic_keyword_recognition PASSED [ 91%]
tests_new/unit/lexer/test_token_recognizers_comprehensive.py::TestKeywordRecognizer::test_keyword_command_position_requirement PASSED [ 92%]
tests_new/unit/lexer/test_token_recognizers_comprehensive.py::TestKeywordRecognizer::test_keyword_word_boundary_detection PASSED [ 92%]
tests_new/unit/lexer/test_token_recognizers_comprehensive.py::TestKeywordRecognizer::test_keyword_case_sensitivity PASSED [ 92%]
tests_new/unit/lexer/test_token_recognizers_comprehensive.py::TestLiteralRecognizer::test_simple_word_recognition PASSED [ 92%]
tests_new/unit/lexer/test_token_recognizers_comprehensive.py::TestLiteralRecognizer::test_word_with_special_characters PASSED [ 92%]
tests_new/unit/lexer/test_token_recognizers_comprehensive.py::TestLiteralRecognizer::test_word_termination PASSED [ 92%]
tests_new/unit/lexer/test_token_recognizers_comprehensive.py::TestLiteralRecognizer::test_numbers_as_words PASSED [ 92%]
tests_new/unit/lexer/test_token_recognizers_comprehensive.py::TestLiteralRecognizer::test_empty_or_whitespace_not_recognized PASSED [ 92%]
tests_new/unit/lexer/test_token_recognizers_comprehensive.py::TestWhitespaceRecognizer::test_space_recognition PASSED [ 92%]
tests_new/unit/lexer/test_token_recognizers_comprehensive.py::TestWhitespaceRecognizer::test_tab_recognition PASSED [ 92%]
tests_new/unit/lexer/test_token_recognizers_comprehensive.py::TestWhitespaceRecognizer::test_mixed_whitespace PASSED [ 92%]
tests_new/unit/lexer/test_token_recognizers_comprehensive.py::TestCommentRecognizer::test_comment_recognition PASSED [ 92%]
tests_new/unit/lexer/test_token_recognizers_comprehensive.py::TestCommentRecognizer::test_comment_in_middle_of_line PASSED [ 92%]
tests_new/unit/lexer/test_token_recognizers_comprehensive.py::TestCommentRecognizer::test_hash_in_word_not_comment PASSED [ 92%]
tests_new/unit/lexer/test_token_recognizers_comprehensive.py::TestRecognizerRegistry::test_register_recognizer PASSED [ 92%]
tests_new/unit/lexer/test_token_recognizers_comprehensive.py::TestRecognizerRegistry::test_unregister_recognizer PASSED [ 92%]
tests_new/unit/lexer/test_token_recognizers_comprehensive.py::TestRecognizerRegistry::test_priority_ordering PASSED [ 92%]
tests_new/unit/lexer/test_token_recognizers_comprehensive.py::TestRecognizerRegistry::test_clear_registry PASSED [ 92%]
tests_new/unit/lexer/test_token_recognizers_comprehensive.py::TestRecognizerRegistry::test_registry_statistics PASSED [ 92%]
tests_new/unit/lexer/test_token_recognizers_comprehensive.py::TestRecognizerRegistry::test_default_recognizers PASSED [ 93%]
tests_new/unit/lexer/test_token_recognizers_comprehensive.py::TestRecognizerRegistry::test_registry_context_handling PASSED [ 93%]
tests_new/unit/lexer/test_token_recognizers_comprehensive.py::TestModularLexerIntegration::test_simple_command_tokenization PASSED [ 93%]
tests_new/unit/lexer/test_token_recognizers_comprehensive.py::TestModularLexerIntegration::test_pipeline_tokenization PASSED [ 93%]
tests_new/unit/lexer/test_token_recognizers_comprehensive.py::TestModularLexerIntegration::test_conditional_tokenization PASSED [ 93%]
tests_new/unit/lexer/test_token_recognizers_comprehensive.py::TestModularLexerIntegration::test_complex_command_tokenization PASSED [ 93%]
tests_new/unit/lexer/test_token_recognizers_comprehensive.py::TestModularLexerIntegration::test_quoted_string_handling PASSED [ 93%]
tests_new/unit/lexer/test_token_recognizers_comprehensive.py::TestModularLexerIntegration::test_backward_compatibility PASSED [ 93%]
tests_new/unit/lexer/test_tokenizer_migration.py::TestTokenizerMigration::test_simple_command PASSED [ 93%]
tests_new/unit/lexer/test_tokenizer_migration.py::TestTokenizerMigration::test_pipe PASSED [ 93%]
tests_new/unit/lexer/test_tokenizer_migration.py::TestTokenizerMigration::test_redirections PASSED [ 93%]
tests_new/unit/lexer/test_tokenizer_migration.py::TestTokenizerMigration::test_semicolon PASSED [ 93%]
tests_new/unit/lexer/test_tokenizer_migration.py::TestTokenizerMigration::test_ampersand PASSED [ 93%]
tests_new/unit/lexer/test_tokenizer_migration.py::TestTokenizerMigration::test_newline PASSED [ 93%]
tests_new/unit/lexer/test_tokenizer_migration.py::TestTokenizerMigration::test_quoted_strings PASSED [ 93%]
tests_new/unit/lexer/test_tokenizer_migration.py::TestTokenizerMigration::test_variables PASSED [ 93%]
tests_new/unit/lexer/test_tokenizer_migration.py::TestTokenizerMigration::test_brace_expansion_variables PASSED [ 93%]
tests_new/unit/lexer/test_tokenizer_migration.py::TestTokenizerMigration::test_whitespace_handling PASSED [ 93%]
tests_new/unit/lexer/test_tokenizer_migration.py::TestTokenizerMigration::test_empty_input PASSED [ 93%]
tests_new/unit/lexer/test_tokenizer_migration.py::TestTokenizerMigration::test_complex_command PASSED [ 94%]
tests_new/unit/lexer/test_tokenizer_migration.py::TestTokenizerMigration::test_position_tracking PASSED [ 94%]
tests_new/unit/lexer/test_tokenizer_migration.py::TestTokenizerMigration::test_unclosed_quote_error PASSED [ 94%]
tests_new/unit/lexer/test_tokenizer_migration.py::TestTokenizerMigration::test_escaped_characters_in_words PASSED [ 94%]
tests_new/unit/lexer/test_tokenizer_migration.py::TestAdvancedTokenization::test_heredoc_tokens PASSED [ 94%]
tests_new/unit/lexer/test_tokenizer_migration.py::TestAdvancedTokenization::test_logical_operators PASSED [ 94%]
tests_new/unit/lexer/test_tokenizer_migration.py::TestAdvancedTokenization::test_parentheses PASSED [ 94%]
tests_new/unit/lexer/test_tokenizer_migration.py::TestAdvancedTokenization::test_command_substitution PASSED [ 94%]
tests_new/unit/lexer/test_tokenizer_migration.py::TestAdvancedTokenization::test_arithmetic_expansion PASSED [ 94%]
tests_new/unit/lexer/test_tokenizer_migration.py::TestAdvancedTokenization::test_keywords PASSED [ 94%]
tests_new/unit/lexer/test_tokenizer_migration.py::TestAdvancedTokenization::test_special_parameters PASSED [ 94%]
tests_new/unit/lexer/test_tokenizer_migration.py::TestAdvancedTokenization::test_file_descriptor_redirects PASSED [ 94%]
tests_new/unit/lexer/test_tokenizer_migration.py::TestAdvancedTokenization::test_here_string PASSED [ 94%]
tests_new/unit/multiline/test_multiline_handler.py::TestCommandCompletion::test_simple_complete_commands PASSED [ 94%]
tests_new/unit/multiline/test_multiline_handler.py::TestCommandCompletion::test_line_continuation_detection PASSED [ 94%]
tests_new/unit/multiline/test_multiline_handler.py::TestCommandCompletion::test_unclosed_quotes_detection PASSED [ 94%]
tests_new/unit/multiline/test_multiline_handler.py::TestCommandCompletion::test_pipeline_operators_detection PASSED [ 94%]
tests_new/unit/multiline/test_multiline_handler.py::TestCommandCompletion::test_unclosed_command_substitution PASSED [ 94%]
tests_new/unit/multiline/test_multiline_handler.py::TestControlStructureCompletion::test_if_statement_completion PASSED [ 94%]
tests_new/unit/multiline/test_multiline_handler.py::TestControlStructureCompletion::test_while_loop_completion PASSED [ 95%]
tests_new/unit/multiline/test_multiline_handler.py::TestControlStructureCompletion::test_for_loop_completion PASSED [ 95%]
tests_new/unit/multiline/test_multiline_handler.py::TestControlStructureCompletion::test_case_statement_completion PASSED [ 95%]
tests_new/unit/multiline/test_multiline_handler.py::TestControlStructureCompletion::test_function_definition_completion PASSED [ 95%]
tests_new/unit/multiline/test_multiline_handler.py::TestControlStructureCompletion::test_nested_structure_completion PASSED [ 95%]
tests_new/unit/multiline/test_multiline_handler.py::TestHeredocCompletion::test_basic_heredoc_completion PASSED [ 95%]
tests_new/unit/multiline/test_multiline_handler.py::TestHeredocCompletion::test_heredoc_with_dash PASSED [ 95%]
tests_new/unit/multiline/test_multiline_handler.py::TestHeredocCompletion::test_heredoc_with_quotes PASSED [ 95%]
tests_new/unit/multiline/test_multiline_handler.py::TestHeredocCompletion::test_multiple_heredocs PASSED [ 95%]
tests_new/unit/multiline/test_multiline_handler.py::TestHeredocCompletion::test_escaped_heredoc_delimiter PASSED [ 95%]
tests_new/unit/multiline/test_multiline_handler.py::TestMultilineInputHandling::test_read_simple_command PASSED [ 95%]
tests_new/unit/multiline/test_multiline_handler.py::TestMultilineInputHandling::test_read_multiline_command PASSED [ 95%]
tests_new/unit/multiline/test_multiline_handler.py::TestMultilineInputHandling::test_read_command_eof PASSED [ 95%]
tests_new/unit/multiline/test_multiline_handler.py::TestMultilineInputHandling::test_read_command_eof_in_multiline PASSED [ 95%]
tests_new/unit/multiline/test_multiline_handler.py::TestPromptHandling::test_get_primary_prompt PASSED [ 95%]
tests_new/unit/multiline/test_multiline_handler.py::TestPromptHandling::test_get_continuation_prompt PASSED [ 95%]
tests_new/unit/multiline/test_prompt_expander.py::TestBasicPromptExpansion::test_literal_text_preservation PASSED [ 95%]
tests_new/unit/multiline/test_prompt_expander.py::TestBasicPromptExpansion::test_backslash_escape PASSED [ 95%]
tests_new/unit/multiline/test_prompt_expander.py::TestBasicPromptExpansion::test_newline_and_carriage_return PASSED [ 95%]
tests_new/unit/multiline/test_prompt_expander.py::TestBasicPromptExpansion::test_bell_and_escape_sequences PASSED [ 96%]
tests_new/unit/multiline/test_prompt_expander.py::TestBasicPromptExpansion::test_invalid_escape_preservation PASSED [ 96%]
tests_new/unit/multiline/test_prompt_expander.py::TestSystemInformationExpansion::test_shell_name_expansion PASSED [ 96%]
tests_new/unit/multiline/test_prompt_expander.py::TestSystemInformationExpansion::test_hostname_expansion PASSED [ 96%]
tests_new/unit/multiline/test_prompt_expander.py::TestSystemInformationExpansion::test_username_expansion PASSED [ 96%]
tests_new/unit/multiline/test_prompt_expander.py::TestSystemInformationExpansion::test_working_directory_expansion PASSED [ 96%]
tests_new/unit/multiline/test_prompt_expander.py::TestSystemInformationExpansion::test_privilege_indicator PASSED [ 96%]
tests_new/unit/multiline/test_prompt_expander.py::TestTimeAndDateExpansion::test_time_format_expansion PASSED [ 96%]
tests_new/unit/multiline/test_prompt_expander.py::TestTimeAndDateExpansion::test_date_expansion PASSED [ 96%]
tests_new/unit/multiline/test_prompt_expander.py::TestTimeAndDateExpansion::test_version_expansion PASSED [ 96%]
tests_new/unit/multiline/test_prompt_expander.py::TestOctalAndSpecialSequences::test_octal_sequence_expansion PASSED [ 96%]
tests_new/unit/multiline/test_prompt_expander.py::TestOctalAndSpecialSequences::test_non_printing_markers PASSED [ 96%]
tests_new/unit/multiline/test_prompt_expander.py::TestHistoryAndCommandCounters::test_history_number_expansion PASSED [ 96%]
tests_new/unit/multiline/test_prompt_expander.py::TestHistoryAndCommandCounters::test_command_number_expansion PASSED [ 96%]
tests_new/unit/multiline/test_prompt_expander.py::TestComplexPromptExpansion::test_standard_bash_prompt PASSED [ 96%]
tests_new/unit/multiline/test_prompt_expander.py::TestComplexPromptExpansion::test_colored_prompt_expansion PASSED [ 96%]
tests_new/unit/multiline/test_prompt_expander.py::TestComplexPromptExpansion::test_complex_prompt_with_counters PASSED [ 96%]
tests_new/unit/multiline/test_prompt_expander.py::TestComplexPromptExpansion::test_multiline_prompt_expansion PASSED [ 96%]
tests_new/unit/multiline/test_prompt_expander.py::TestComplexPromptExpansion::test_mixed_escape_sequences PASSED [ 96%]
tests_new/unit/multiline/test_prompt_expander.py::TestComplexPromptExpansion::test_prompt_with_octal_and_markers PASSED [ 97%]
tests_new/unit/parser/test_line_continuation.py::test_basic_line_continuation PASSED [ 97%]
tests_new/unit/parser/test_line_continuation.py::test_line_continuation_without_space PASSED [ 97%]
tests_new/unit/parser/test_line_continuation.py::test_line_continuation_with_spaces_after PASSED [ 97%]
tests_new/unit/parser/test_line_continuation.py::test_multiple_continuations PASSED [ 97%]
tests_new/unit/parser/test_line_continuation.py::test_escaped_backslashes_with_continuation PASSED [ 97%]
tests_new/unit/parser/test_line_continuation.py::test_even_backslashes_no_continuation PASSED [ 97%]
tests_new/unit/parser/test_line_continuation.py::test_quotes_prevent_processing PASSED [ 97%]
tests_new/unit/parser/test_line_continuation.py::test_mixed_quotes_and_continuations PASSED [ 97%]
tests_new/unit/parser/test_line_continuation.py::test_escaped_quotes PASSED [ 97%]
tests_new/unit/parser/test_line_continuation.py::test_carriage_return_line_endings PASSED [ 97%]
tests_new/unit/parser/test_line_continuation.py::test_empty_input PASSED [ 97%]
tests_new/unit/parser/test_line_continuation.py::test_no_continuation PASSED [ 97%]
tests_new/unit/parser/test_line_continuation.py::test_trailing_backslash_no_newline PASSED [ 97%]
tests_new/unit/parser/test_line_continuation.py::test_tokenization_after_preprocessing PASSED [ 97%]
tests_new/unit/parser/test_line_continuation.py::test_complex_command_preprocessing PASSED [ 97%]
tests_new/unit/parser/test_line_continuation.py::test_pipeline_with_continuations PASSED [ 97%]
tests_new/unit/parser/test_line_continuation.py::test_complex_script_like_testscript PASSED [ 97%]
tests_new/unit/parser/test_line_continuation.py::test_continuation_at_start_of_line PASSED [ 97%]
tests_new/unit/parser/test_line_continuation.py::test_multiple_consecutive_continuations PASSED [ 98%]
tests_new/unit/parser/test_line_continuation.py::test_continuation_with_only_whitespace_after PASSED [ 98%]
tests_new/unit/parser/test_line_continuation.py::test_complex_quoting_scenarios PASSED [ 98%]
tests_new/unit/parser/test_line_continuation.py::test_backslash_quote_interactions PASSED [ 98%]
tests_new/unit/parser/test_parser_basic.py::TestBasicParsing::test_simple_command PASSED [ 98%]
tests_new/unit/parser/test_parser_basic.py::TestBasicParsing::test_pipeline PASSED [ 98%]
tests_new/unit/parser/test_parser_basic.py::TestBasicParsing::test_multiple_commands PASSED [ 98%]
tests_new/unit/parser/test_parser_basic.py::TestBasicParsing::test_redirections PASSED [ 98%]
tests_new/unit/parser/test_parser_basic.py::TestBasicParsing::test_background_job PASSED [ 98%]
tests_new/unit/parser/test_parser_basic.py::TestBasicParsing::test_quoted_strings PASSED [ 98%]
tests_new/unit/parser/test_parser_basic.py::TestBasicParsing::test_empty_input PASSED [ 98%]
tests_new/unit/parser/test_parser_basic.py::TestBasicParsing::test_subshell PASSED [ 98%]
tests_new/unit/parser/test_parser_basic.py::TestBasicParsing::test_logical_operators PASSED [ 98%]
tests_new/unit/parser/test_parser_basic.py::TestBasicParsing::test_parse_errors PASSED [ 98%]
tests_new/unit/parser/test_parser_basic.py::TestParserEdgeCases::test_trailing_semicolon PASSED [ 98%]
tests_new/unit/parser/test_parser_basic.py::TestParserEdgeCases::test_multiple_redirects PASSED [ 98%]
tests_new/unit/parser/test_parser_basic.py::TestParserEdgeCases::test_complex_pipeline_with_redirects PASSED [ 98%]
tests_new/unit/parser/test_parser_basic.py::TestParserEdgeCases::test_variable_preservation PASSED [ 98%]
tests_new/unit/parser/test_parser_migration.py::TestParserMigration::test_simple_command PASSED [ 98%]
tests_new/unit/parser/test_parser_migration.py::TestParserMigration::test_pipeline PASSED [ 99%]
tests_new/unit/parser/test_parser_migration.py::TestParserMigration::test_command_list PASSED [ 99%]
tests_new/unit/parser/test_parser_migration.py::TestParserMigration::test_redirections PASSED [ 99%]
tests_new/unit/parser/test_parser_migration.py::TestParserMigration::test_background_command PASSED [ 99%]
tests_new/unit/parser/test_parser_migration.py::TestParserMigration::test_quoted_arguments PASSED [ 99%]
tests_new/unit/parser/test_parser_migration.py::TestParserMigration::test_variables PASSED [ 99%]
tests_new/unit/parser/test_parser_migration.py::TestParserMigration::test_empty_command_list PASSED [ 99%]
tests_new/unit/parser/test_parser_migration.py::TestParserMigration::test_trailing_semicolon PASSED [ 99%]
tests_new/unit/parser/test_parser_migration.py::TestParserMigration::test_multiple_separators PASSED [ 99%]
tests_new/unit/parser/test_parser_migration.py::TestParserMigration::test_complex_command PASSED [ 99%]
tests_new/unit/parser/test_parser_migration.py::TestParserMigration::test_parse_errors PASSED [ 99%]
tests_new/unit/parser/test_parser_migration.py::TestAdvancedParsing::test_if_statement PASSED [ 99%]
tests_new/unit/parser/test_parser_migration.py::TestAdvancedParsing::test_while_loop PASSED [ 99%]
tests_new/unit/parser/test_parser_migration.py::TestAdvancedParsing::test_for_loop PASSED [ 99%]
tests_new/unit/parser/test_parser_migration.py::TestAdvancedParsing::test_function_definition PASSED [ 99%]
tests_new/unit/parser/test_parser_migration.py::TestAdvancedParsing::test_case_statement PASSED [ 99%]
tests_new/unit/parser/test_parser_migration.py::TestAdvancedParsing::test_subshell PASSED [ 99%]
tests_new/unit/parser/test_parser_migration.py::TestAdvancedParsing::test_logical_operators PASSED [ 99%]
tests_new/unit/parser/test_parser_migration.py::TestAdvancedParsing::test_here_document PASSED [ 99%]
tests_new/unit/parser/test_parser_migration.py::TestAdvancedParsing::test_variable_assignment PASSED [100%]

=================================== FAILURES ===================================
_________________ TestNavigationEdgeCases.test_cd_with_spaces __________________
tests_new/unit/builtins/test_navigation.py:426: in test_cd_with_spaces
    os.mkdir(dirname)
E   FileExistsError: [Errno 17] File exists: 'dir with spaces'
_______________________ test_positional_parameter_access _______________________
tests_new/unit/builtins/test_positional_builtins.py:86: in test_positional_parameter_access
    assert 'first second third' in output
E   AssertionError: assert 'first second third' in ''
----------------------------- Captured stdout call -----------------------------
first second third
_______________________ test_positional_parameter_count ________________________
tests_new/unit/builtins/test_positional_builtins.py:94: in test_positional_parameter_count
    assert '4' in output
E   AssertionError: assert '4' in ''
----------------------------- Captured stdout call -----------------------------
4
________________________ test_positional_parameter_star ________________________
tests_new/unit/builtins/test_positional_builtins.py:102: in test_positional_parameter_star
    assert 'alpha beta gamma' in output
E   AssertionError: assert 'alpha beta gamma' in ''
----------------------------- Captured stdout call -----------------------------
alpha beta gamma
_________________________ test_positional_parameter_at _________________________
tests_new/unit/builtins/test_positional_builtins.py:111: in test_positional_parameter_at
    assert 'one two three four' in output
E   AssertionError: assert 'one two three four' in ''
----------------------------- Captured stdout call -----------------------------
one two three four
=========================== short test summary info ============================
FAILED tests_new/unit/builtins/test_navigation.py::TestNavigationEdgeCases::test_cd_with_spaces
FAILED tests_new/unit/builtins/test_positional_builtins.py::test_positional_parameter_access
FAILED tests_new/unit/builtins/test_positional_builtins.py::test_positional_parameter_count
FAILED tests_new/unit/builtins/test_positional_builtins.py::test_positional_parameter_star
FAILED tests_new/unit/builtins/test_positional_builtins.py::test_positional_parameter_at
= 5 failed, 1606 passed, 127 skipped, 162 xfailed, 11 xpassed in 74.60s (0:01:14) =
